SF:C:\dev\MusicTutor.API\MusicTutor.Api\Program.cs
FN:15,System.Void MusicTutor.Api.Program::Main(System.String[])
FNDA:0,System.Void MusicTutor.Api.Program::Main(System.String[])
DA:16,0
DA:17,0
DA:18,0
FN:20,Microsoft.Extensions.Hosting.IHostBuilder MusicTutor.Api.Program::CreateHostBuilder(System.String[])
FNDA:3,Microsoft.Extensions.Hosting.IHostBuilder MusicTutor.Api.Program::CreateHostBuilder(System.String[])
DA:21,3
DA:22,3
DA:23,3
DA:24,3
DA:25,3
LF:8
LH:5
BRF:0
BRH:0
FNF:2
FNH:1
end_of_record
SF:C:\dev\MusicTutor.API\MusicTutor.Api\Startup.cs
FN:25,Microsoft.Extensions.Configuration.IConfiguration MusicTutor.Api.Startup::get_Configuration()
FNDA:6,Microsoft.Extensions.Configuration.IConfiguration MusicTutor.Api.Startup::get_Configuration()
DA:26,6
FN:29,System.Void MusicTutor.Api.Startup::ConfigureServices(Microsoft.Extensions.DependencyInjection.IServiceCollection)
FNDA:3,System.Void MusicTutor.Api.Startup::ConfigureServices(Microsoft.Extensions.DependencyInjection.IServiceCollection)
DA:30,3
DA:31,3
DA:32,3
FN:35,System.Void MusicTutor.Api.Startup::Configure(Microsoft.AspNetCore.Builder.IApplicationBuilder,Microsoft.AspNetCore.Hosting.IWebHostEnvironment)
FNDA:3,System.Void MusicTutor.Api.Startup::Configure(Microsoft.AspNetCore.Builder.IApplicationBuilder,Microsoft.AspNetCore.Hosting.IWebHostEnvironment)
DA:36,3
DA:38,3
DA:39,3
DA:40,3
DA:41,3
DA:43,3
DA:45,3
DA:46,3
DA:47,3
DA:48,3
DA:49,3
DA:50,3
DA:52,3
DA:54,3
DA:56,3
DA:58,3
DA:59,3
DA:60,3
DA:61,3
DA:62,3
DA:63,3
BRDA:38,15,0,3
BRDA:38,15,1,3
FN:20,System.Void MusicTutor.Api.Startup::.ctor(Microsoft.Extensions.Configuration.IConfiguration)
FNDA:3,System.Void MusicTutor.Api.Startup::.ctor(Microsoft.Extensions.Configuration.IConfiguration)
DA:21,3
DA:22,3
DA:23,3
DA:24,3
LF:29
LH:29
BRF:2
BRH:2
FNF:4
FNH:4
end_of_record
SF:C:\dev\MusicTutor.API\MusicTutor.Api\Validators\Pupils\CreatePupilInstrumentLinkValidator.cs
FN:8,System.Void MusicTutor.Api.Validators.Pupils.CreatePupilInstrumentLinkValidator::.ctor(MusicTutor.Api.Validators.Pupils.IDbValidator)
FNDA:0,System.Void MusicTutor.Api.Validators.Pupils.CreatePupilInstrumentLinkValidator::.ctor(MusicTutor.Api.Validators.Pupils.IDbValidator)
DA:9,0
DA:10,0
DA:11,0
DA:13,0
DA:14,0
DA:15,0
DA:17,0
DA:18,0
DA:19,0
DA:20,0
DA:21,0
LF:11
LH:0
BRF:0
BRH:0
FNF:1
FNH:0
end_of_record
SF:C:\dev\MusicTutor.API\MusicTutor.Api\Validators\Pupils\CreatePupilValidator.cs
FN:14,System.Void MusicTutor.Api.Validators.Pupils.CreatePupilValidator::.ctor(MusicTutor.Api.Validators.Pupils.IDbValidator)
FNDA:1,System.Void MusicTutor.Api.Validators.Pupils.CreatePupilValidator::.ctor(MusicTutor.Api.Validators.Pupils.IDbValidator)
DA:15,1
DA:16,1
DA:17,1
DA:19,1
DA:20,1
DA:21,1
DA:23,1
DA:24,1
DA:25,1
DA:26,1
LF:10
LH:10
BRF:0
BRH:0
FNF:1
FNH:1
end_of_record
SF:C:\dev\MusicTutor.API\MusicTutor.Api\Validators\Pupils\DbValidator.cs
FN:12,System.Void MusicTutor.Api.Validators.Pupils.DbValidator::.ctor(MusicTutor.Core.Services.IMusicTutorDbContext)
FNDA:2,System.Void MusicTutor.Api.Validators.Pupils.DbValidator::.ctor(MusicTutor.Core.Services.IMusicTutorDbContext)
DA:13,2
DA:14,2
DA:15,2
DA:16,2
FN:18,System.Void MusicTutor.Api.Validators.Pupils.DbValidator/<InstrumentAlreadyExistsAsync>d__2::MoveNext()
FNDA:1,System.Void MusicTutor.Api.Validators.Pupils.DbValidator/<InstrumentAlreadyExistsAsync>d__2::MoveNext()
DA:19,1
DA:20,1
DA:21,1
FN:23,System.Void MusicTutor.Api.Validators.Pupils.DbValidator/<PupilAlreadyExistsAsync>d__3::MoveNext()
FNDA:0,System.Void MusicTutor.Api.Validators.Pupils.DbValidator/<PupilAlreadyExistsAsync>d__3::MoveNext()
DA:24,0
DA:25,0
DA:26,0
FN:28,System.Void MusicTutor.Api.Validators.Pupils.DbValidator/<PupilInstrumentCanBeRemovedAsync>d__4::MoveNext()
FNDA:0,System.Void MusicTutor.Api.Validators.Pupils.DbValidator/<PupilInstrumentCanBeRemovedAsync>d__4::MoveNext()
DA:29,0
DA:30,0
DA:31,0
DA:32,0
DA:34,0
DA:35,0
BRDA:31,401,0,0
BRDA:31,401,1,0
LF:16
LH:7
BRF:2
BRH:0
FNF:4
FNH:2
end_of_record
SF:C:\dev\MusicTutor.API\MusicTutor.Api\Validators\Pupils\DeletePupilInstrumentLinkValidator.cs
FN:8,System.Void MusicTutor.Api.Validators.Pupils.DeletePupilInstrumentLinkValidator::.ctor(MusicTutor.Api.Validators.Pupils.IDbValidator)
FNDA:0,System.Void MusicTutor.Api.Validators.Pupils.DeletePupilInstrumentLinkValidator::.ctor(MusicTutor.Api.Validators.Pupils.IDbValidator)
DA:9,0
DA:10,0
DA:11,0
DA:13,0
DA:14,0
DA:15,0
DA:17,0
DA:18,0
DA:19,0
DA:21,0
DA:22,0
DA:23,0
LF:12
LH:0
BRF:0
BRH:0
FNF:1
FNH:0
end_of_record
SF:C:\dev\MusicTutor.API\MusicTutor.Api\Validators\Pupils\UpdatePupilValidator.cs
FN:14,System.Void MusicTutor.Api.Validators.Pupils.UpdatePupilValidator::.ctor(MusicTutor.Api.Validators.Pupils.IDbValidator)
FNDA:1,System.Void MusicTutor.Api.Validators.Pupils.UpdatePupilValidator::.ctor(MusicTutor.Api.Validators.Pupils.IDbValidator)
DA:15,1
DA:16,1
DA:17,1
DA:19,1
DA:20,1
DA:21,1
DA:23,1
LF:7
LH:7
BRF:0
BRH:0
FNF:1
FNH:1
end_of_record
SF:C:\dev\MusicTutor.API\MusicTutor.Api\Validators\Instruments\CreateInstrumentValidator.cs
FN:8,System.Void MusicTutor.Api.Validators.Instruments.CreateInstrumentValidator::.ctor()
FNDA:1,System.Void MusicTutor.Api.Validators.Instruments.CreateInstrumentValidator::.ctor()
DA:9,1
DA:10,1
DA:11,1
DA:12,1
DA:13,1
DA:14,1
LF:6
LH:6
BRF:0
BRH:0
FNF:1
FNH:1
end_of_record
SF:C:\dev\MusicTutor.API\MusicTutor.Api\Settings\SwaggerSettings.cs
FN:4,System.String MusicTutor.Api.Settings.SwaggerSettings::get_Url()
FNDA:9,System.String MusicTutor.Api.Settings.SwaggerSettings::get_Url()
DA:5,9
FN:6,System.String MusicTutor.Api.Settings.SwaggerSettings::get_Name()
FNDA:9,System.String MusicTutor.Api.Settings.SwaggerSettings::get_Name()
DA:7,9
LF:2
LH:2
BRF:0
BRH:0
FNF:2
FNH:2
end_of_record
SF:C:\dev\MusicTutor.API\MusicTutor.Api\Queries\Pupils\GetAllPupils.cs
FN:7,System.Void MusicTutor.Api.Queries.Pupils.GetAllPupils::.ctor()
FNDA:1,System.Void MusicTutor.Api.Queries.Pupils.GetAllPupils::.ctor()
DA:8,1
LF:1
LH:1
BRF:0
BRH:0
FNF:1
FNH:1
end_of_record
SF:C:\dev\MusicTutor.API\MusicTutor.Api\Queries\Pupils\GetPupilById.cs
FN:6,System.Guid MusicTutor.Api.Queries.Pupils.GetPupilById::get_Id()
FNDA:3,System.Guid MusicTutor.Api.Queries.Pupils.GetPupilById::get_Id()
DA:7,3
LF:1
LH:1
BRF:0
BRH:0
FNF:1
FNH:1
end_of_record
SF:C:\dev\MusicTutor.API\MusicTutor.Api\Queries\Pupils\GetPupilInstruments.cs
FN:8,System.Guid MusicTutor.Api.Queries.Pupils.GetPupilInstruments::get_pupilId()
FNDA:0,System.Guid MusicTutor.Api.Queries.Pupils.GetPupilInstruments::get_pupilId()
DA:9,0
LF:1
LH:0
BRF:0
BRH:0
FNF:1
FNH:0
end_of_record
SF:C:\dev\MusicTutor.API\MusicTutor.Api\Queries\Pupils\GetPupilLessonById.cs
FN:7,System.Guid MusicTutor.Api.Queries.Pupils.GetPupilLessonById::get_PupilId()
FNDA:0,System.Guid MusicTutor.Api.Queries.Pupils.GetPupilLessonById::get_PupilId()
DA:8,0
LF:1
LH:0
BRF:0
BRH:0
FNF:1
FNH:0
end_of_record
SF:C:\dev\MusicTutor.API\MusicTutor.Api\Queries\Pupils\GetPupilLessons.cs
FN:7,System.Guid MusicTutor.Api.Queries.Pupils.GetPupilLessons::get_pupilId()
FNDA:0,System.Guid MusicTutor.Api.Queries.Pupils.GetPupilLessons::get_pupilId()
DA:8,0
LF:1
LH:0
BRF:0
BRH:0
FNF:1
FNH:0
end_of_record
SF:C:\dev\MusicTutor.API\MusicTutor.Api\Queries\Pupils\GetPupilPaymentById.cs
FN:7,System.Guid MusicTutor.Api.Queries.Pupils.GetPupilPaymentById::get_PupilId()
FNDA:0,System.Guid MusicTutor.Api.Queries.Pupils.GetPupilPaymentById::get_PupilId()
DA:8,0
LF:1
LH:0
BRF:0
BRH:0
FNF:1
FNH:0
end_of_record
SF:C:\dev\MusicTutor.API\MusicTutor.Api\Queries\Pupils\GetPupilPayments.cs
FN:7,System.Guid MusicTutor.Api.Queries.Pupils.GetPupilPayments::get_pupilId()
FNDA:0,System.Guid MusicTutor.Api.Queries.Pupils.GetPupilPayments::get_pupilId()
DA:8,0
LF:1
LH:0
BRF:0
BRH:0
FNF:1
FNH:0
end_of_record
SF:C:\dev\MusicTutor.API\MusicTutor.Api\Queries\Instruments\GetInstrumentById.cs
FN:6,System.Guid MusicTutor.Api.Queries.Instruments.GetInstrumentById::get_Id()
FNDA:3,System.Guid MusicTutor.Api.Queries.Instruments.GetInstrumentById::get_Id()
DA:7,3
LF:1
LH:1
BRF:0
BRH:0
FNF:1
FNH:1
end_of_record
SF:C:\dev\MusicTutor.API\MusicTutor.Api\Installers\DbInstaller.cs
FN:13,System.Void MusicTutor.Api.Installers.DbInstaller::InstallServices(Microsoft.Extensions.DependencyInjection.IServiceCollection,Microsoft.Extensions.Configuration.IConfiguration)
FNDA:3,System.Void MusicTutor.Api.Installers.DbInstaller::InstallServices(Microsoft.Extensions.DependencyInjection.IServiceCollection,Microsoft.Extensions.Configuration.IConfiguration)
DA:14,3
DA:15,27
DA:20,14
DA:22,3
DA:24,3
DA:26,3
DA:27,3
LF:7
LH:7
BRF:0
BRH:0
FNF:1
FNH:1
end_of_record
SF:C:\dev\MusicTutor.API\MusicTutor.Api\Installers\InstallerExtensions.cs
FN:10,System.Void MusicTutor.Api.Installers.InstallerExtensions::InstallServicesInAssemblyOf(Microsoft.Extensions.DependencyInjection.IServiceCollection,Microsoft.Extensions.Configuration.IConfiguration)
FNDA:3,System.Void MusicTutor.Api.Installers.InstallerExtensions::InstallServicesInAssemblyOf(Microsoft.Extensions.DependencyInjection.IServiceCollection,Microsoft.Extensions.Configuration.IConfiguration)
DA:11,3
DA:12,3
DA:13,249
DA:14,3
DA:16,18
DA:17,3
BRDA:12,47,0,1
BRDA:12,47,1,3
BRDA:13,16,0,18
BRDA:13,24,0,15
BRDA:13,16,1,234
BRDA:13,24,1,234
LF:6
LH:6
BRF:6
BRH:6
FNF:1
FNH:1
end_of_record
SF:C:\dev\MusicTutor.API\MusicTutor.Api\Installers\MapsterInstaller.cs
FN:11,System.Void MusicTutor.Api.Installers.MapsterInstaller::InstallServices(Microsoft.Extensions.DependencyInjection.IServiceCollection,Microsoft.Extensions.Configuration.IConfiguration)
FNDA:3,System.Void MusicTutor.Api.Installers.MapsterInstaller::InstallServices(Microsoft.Extensions.DependencyInjection.IServiceCollection,Microsoft.Extensions.Configuration.IConfiguration)
DA:12,3
DA:13,3
DA:14,3
DA:16,3
DA:17,3
DA:19,3
DA:21,3
DA:22,3
DA:23,3
LF:9
LH:9
BRF:0
BRH:0
FNF:1
FNH:1
end_of_record
SF:C:\dev\MusicTutor.API\MusicTutor.Api\Installers\MediatRInstaller.cs
FN:10,System.Void MusicTutor.Api.Installers.MediatRInstaller::InstallServices(Microsoft.Extensions.DependencyInjection.IServiceCollection,Microsoft.Extensions.Configuration.IConfiguration)
FNDA:3,System.Void MusicTutor.Api.Installers.MediatRInstaller::InstallServices(Microsoft.Extensions.DependencyInjection.IServiceCollection,Microsoft.Extensions.Configuration.IConfiguration)
DA:11,3
DA:12,3
DA:13,3
LF:3
LH:3
BRF:0
BRH:0
FNF:1
FNH:1
end_of_record
SF:C:\dev\MusicTutor.API\MusicTutor.Api\Installers\MvcInstaller.cs
FN:14,System.Void MusicTutor.Api.Installers.MvcInstaller::InstallServices(Microsoft.Extensions.DependencyInjection.IServiceCollection,Microsoft.Extensions.Configuration.IConfiguration)
FNDA:3,System.Void MusicTutor.Api.Installers.MvcInstaller::InstallServices(Microsoft.Extensions.DependencyInjection.IServiceCollection,Microsoft.Extensions.Configuration.IConfiguration)
DA:15,3
DA:16,3
DA:18,3
DA:19,3
DA:20,3
DA:21,3
DA:22,3
DA:23,3
DA:24,3
DA:25,3
DA:26,3
DA:27,3
LF:12
LH:12
BRF:0
BRH:0
FNF:1
FNH:1
end_of_record
SF:C:\dev\MusicTutor.API\MusicTutor.Api\Installers\SwaggerInstaller.cs
FN:13,System.Void MusicTutor.Api.Installers.SwaggerInstaller::InstallServices(Microsoft.Extensions.DependencyInjection.IServiceCollection,Microsoft.Extensions.Configuration.IConfiguration)
FNDA:3,System.Void MusicTutor.Api.Installers.SwaggerInstaller::InstallServices(Microsoft.Extensions.DependencyInjection.IServiceCollection,Microsoft.Extensions.Configuration.IConfiguration)
DA:14,3
DA:16,3
DA:17,3
DA:18,3
DA:19,3
DA:20,3
DA:21,3
DA:22,3
DA:23,3
DA:24,3
DA:25,3
DA:26,3
LF:12
LH:12
BRF:0
BRH:0
FNF:1
FNH:1
end_of_record
SF:C:\dev\MusicTutor.API\MusicTutor.Api\Helpers\DatabaseStartupHelpers.cs
FN:10,Microsoft.Extensions.Hosting.IHost MusicTutor.Api.Helpers.DatabaseStartupHelpers::SetupDevelopmentDatabase(Microsoft.Extensions.Hosting.IHost)
FNDA:0,Microsoft.Extensions.Hosting.IHost MusicTutor.Api.Helpers.DatabaseStartupHelpers::SetupDevelopmentDatabase(Microsoft.Extensions.Hosting.IHost)
DA:11,0
DA:12,0
DA:13,0
DA:14,0
DA:16,0
DA:17,0
DA:18,0
DA:19,0
DA:21,0
DA:22,0
LF:10
LH:0
BRF:0
BRH:0
FNF:1
FNH:0
end_of_record
SF:C:\dev\MusicTutor.API\MusicTutor.Api\Handlers\Pupils\CreatePupilHandler.cs
FN:13,MusicTutor.Core.Services.IMusicTutorDbContext MusicTutor.Api.EFCore.Handlers.Pupils.CreatePupilHandler::get_DbContext()
FNDA:6,MusicTutor.Core.Services.IMusicTutorDbContext MusicTutor.Api.EFCore.Handlers.Pupils.CreatePupilHandler::get_DbContext()
DA:14,6
FN:14,System.Void MusicTutor.Api.EFCore.Handlers.Pupils.CreatePupilHandler::.ctor(MusicTutor.Core.Services.IMusicTutorDbContext,MapsterMapper.IMapper)
FNDA:1,System.Void MusicTutor.Api.EFCore.Handlers.Pupils.CreatePupilHandler::.ctor(MusicTutor.Core.Services.IMusicTutorDbContext,MapsterMapper.IMapper)
DA:15,1
DA:16,1
DA:17,1
DA:18,1
DA:19,1
DA:20,1
DA:21,0
DA:22,1
DA:23,1
DA:24,1
DA:25,1
DA:26,1
DA:27,1
DA:28,1
DA:29,1
DA:30,1
LF:17
LH:16
BRF:2
BRH:1
FNF:2
FNH:2
end_of_record
SF:C:\dev\MusicTutor.API\MusicTutor.Api\Handlers\Pupils\DeletePupilHandler.cs
FN:11,MusicTutor.Core.Services.IMusicTutorDbContext MusicTutor.Api.EFCore.Handlers.Pupils.DeletePupilHandler::get_DbContext()
FNDA:4,MusicTutor.Core.Services.IMusicTutorDbContext MusicTutor.Api.EFCore.Handlers.Pupils.DeletePupilHandler::get_DbContext()
DA:12,4
FN:12,System.Void MusicTutor.Api.EFCore.Handlers.Pupils.DeletePupilHandler::.ctor(MusicTutor.Core.Services.IMusicTutorDbContext)
FNDA:1,System.Void MusicTutor.Api.EFCore.Handlers.Pupils.DeletePupilHandler::.ctor(MusicTutor.Core.Services.IMusicTutorDbContext)
DA:13,1
DA:14,1
DA:15,1
DA:16,1
DA:17,1
DA:18,1
DA:19,1
DA:20,1
DA:21,1
DA:22,1
DA:23,1
DA:24,1
DA:25,1
DA:26,1
DA:27,1
LF:16
LH:16
BRF:2
BRH:2
FNF:2
FNH:2
end_of_record
SF:C:\dev\MusicTutor.API\MusicTutor.Api\Handlers\Pupils\GetAllPupilsHandler.cs
FN:14,MusicTutor.Core.Services.IMusicTutorDbContext MusicTutor.Api.EFCore.Handlers.Pupils.GetAllPupilsHandler::get_DbContext()
FNDA:3,MusicTutor.Core.Services.IMusicTutorDbContext MusicTutor.Api.EFCore.Handlers.Pupils.GetAllPupilsHandler::get_DbContext()
DA:15,3
FN:15,System.Void MusicTutor.Api.EFCore.Handlers.Pupils.GetAllPupilsHandler::.ctor(MusicTutor.Core.Services.IMusicTutorDbContext,MapsterMapper.IMapper)
FNDA:1,System.Void MusicTutor.Api.EFCore.Handlers.Pupils.GetAllPupilsHandler::.ctor(MusicTutor.Core.Services.IMusicTutorDbContext,MapsterMapper.IMapper)
DA:16,1
DA:17,1
DA:18,1
DA:19,1
DA:20,1
DA:21,1
DA:22,1
DA:23,1
LF:9
LH:9
BRF:0
BRH:0
FNF:2
FNH:2
end_of_record
SF:C:\dev\MusicTutor.API\MusicTutor.Api\Handlers\Pupils\GetPupilByIdHandler.cs
FN:13,MusicTutor.Core.Services.IMusicTutorDbContext MusicTutor.Api.EFCore.Handlers.Pupils.GetPupilByIdHandler::get_DbContext()
FNDA:3,MusicTutor.Core.Services.IMusicTutorDbContext MusicTutor.Api.EFCore.Handlers.Pupils.GetPupilByIdHandler::get_DbContext()
DA:14,3
FN:14,System.Void MusicTutor.Api.EFCore.Handlers.Pupils.GetPupilByIdHandler::.ctor(MusicTutor.Core.Services.IMusicTutorDbContext,MapsterMapper.IMapper)
FNDA:1,System.Void MusicTutor.Api.EFCore.Handlers.Pupils.GetPupilByIdHandler::.ctor(MusicTutor.Core.Services.IMusicTutorDbContext,MapsterMapper.IMapper)
DA:15,1
DA:16,1
DA:17,1
DA:18,1
DA:19,1
DA:20,1
DA:21,1
DA:22,1
LF:9
LH:9
BRF:0
BRH:0
FNF:2
FNH:2
end_of_record
SF:C:\dev\MusicTutor.API\MusicTutor.Api\Handlers\Pupils\PupilInstruments\CreatePupilInstrumentLinkHandler.cs
FN:12,MusicTutor.Core.Services.IMusicTutorDbContext MusicTutor.Api.EFCore.Handlers.Pupils.CreatePupilInstrumentLinkHandler::get_DbContext()
FNDA:0,MusicTutor.Core.Services.IMusicTutorDbContext MusicTutor.Api.EFCore.Handlers.Pupils.CreatePupilInstrumentLinkHandler::get_DbContext()
DA:13,0
FN:13,System.Void MusicTutor.Api.EFCore.Handlers.Pupils.CreatePupilInstrumentLinkHandler::.ctor(MusicTutor.Core.Services.IMusicTutorDbContext,MapsterMapper.IMapper)
FNDA:0,System.Void MusicTutor.Api.EFCore.Handlers.Pupils.CreatePupilInstrumentLinkHandler::.ctor(MusicTutor.Core.Services.IMusicTutorDbContext,MapsterMapper.IMapper)
DA:14,0
DA:15,0
DA:16,0
DA:17,0
DA:18,0
DA:19,0
DA:20,0
DA:21,0
DA:22,0
DA:23,0
DA:24,0
DA:25,0
DA:26,0
DA:27,0
DA:28,0
DA:29,0
DA:30,0
DA:31,0
DA:32,0
LF:20
LH:0
BRF:4
BRH:0
FNF:2
FNH:0
end_of_record
SF:C:\dev\MusicTutor.API\MusicTutor.Api\Handlers\Pupils\PupilInstruments\DeletePupilInstrumentLinkHandler.cs
FN:12,MusicTutor.Core.Services.IMusicTutorDbContext MusicTutor.Api.EFCore.Handlers.Pupils.DeletePupilInstrumentLinkHandler::get_DbContext()
FNDA:0,MusicTutor.Core.Services.IMusicTutorDbContext MusicTutor.Api.EFCore.Handlers.Pupils.DeletePupilInstrumentLinkHandler::get_DbContext()
DA:13,0
FN:13,System.Void MusicTutor.Api.EFCore.Handlers.Pupils.DeletePupilInstrumentLinkHandler::.ctor(MusicTutor.Core.Services.IMusicTutorDbContext)
FNDA:0,System.Void MusicTutor.Api.EFCore.Handlers.Pupils.DeletePupilInstrumentLinkHandler::.ctor(MusicTutor.Core.Services.IMusicTutorDbContext)
DA:14,0
DA:15,0
DA:16,0
DA:17,0
DA:18,0
DA:19,0
DA:20,0
DA:21,0
DA:22,0
DA:23,0
DA:24,0
DA:25,0
DA:26,0
DA:27,0
DA:28,0
LF:16
LH:0
BRF:4
BRH:0
FNF:2
FNH:0
end_of_record
SF:C:\dev\MusicTutor.API\MusicTutor.Api\Handlers\Pupils\PupilInstruments\GetPupilInstrumentsHandler.cs
FN:15,MusicTutor.Core.Services.IMusicTutorDbContext MusicTutor.Api.EFCore.Handlers.Pupils.GetPupilInstrumentsHandler::get_DbContext()
FNDA:0,MusicTutor.Core.Services.IMusicTutorDbContext MusicTutor.Api.EFCore.Handlers.Pupils.GetPupilInstrumentsHandler::get_DbContext()
DA:16,0
FN:16,System.Void MusicTutor.Api.EFCore.Handlers.Pupils.GetPupilInstrumentsHandler::.ctor(MusicTutor.Core.Services.IMusicTutorDbContext,MapsterMapper.IMapper)
FNDA:0,System.Void MusicTutor.Api.EFCore.Handlers.Pupils.GetPupilInstrumentsHandler::.ctor(MusicTutor.Core.Services.IMusicTutorDbContext,MapsterMapper.IMapper)
DA:17,0
DA:18,0
DA:19,0
DA:20,0
DA:21,0
DA:22,0
DA:23,0
DA:24,0
DA:25,0
DA:26,0
DA:27,0
DA:28,0
DA:29,0
DA:30,0
DA:31,0
DA:32,0
DA:33,0
DA:34,0
DA:35,0
DA:36,0
LF:21
LH:0
BRF:2
BRH:0
FNF:2
FNH:0
end_of_record
SF:C:\dev\MusicTutor.API\MusicTutor.Api\Handlers\Pupils\PupilLessons\CreatePupilLessonHandler.cs
FN:12,MusicTutor.Core.Services.IMusicTutorDbContext MusicTutor.Api.EFCore.Handlers.Pupils.CreatePupilLessonHandler::get_DbContext()
FNDA:0,MusicTutor.Core.Services.IMusicTutorDbContext MusicTutor.Api.EFCore.Handlers.Pupils.CreatePupilLessonHandler::get_DbContext()
DA:13,0
FN:13,System.Void MusicTutor.Api.EFCore.Handlers.Pupils.CreatePupilLessonHandler::.ctor(MusicTutor.Core.Services.IMusicTutorDbContext,MapsterMapper.IMapper)
FNDA:0,System.Void MusicTutor.Api.EFCore.Handlers.Pupils.CreatePupilLessonHandler::.ctor(MusicTutor.Core.Services.IMusicTutorDbContext,MapsterMapper.IMapper)
DA:14,0
DA:15,0
DA:16,0
DA:17,0
DA:18,0
DA:19,0
DA:20,0
DA:21,0
DA:22,0
DA:23,0
DA:24,0
DA:25,0
DA:26,0
DA:27,0
DA:28,0
LF:16
LH:0
BRF:2
BRH:0
FNF:2
FNH:0
end_of_record
SF:C:\dev\MusicTutor.API\MusicTutor.Api\Handlers\Pupils\PupilLessons\DeletePupilLessonHandler.cs
FN:13,MusicTutor.Core.Services.IMusicTutorDbContext MusicTutor.Api.EFCore.Handlers.Pupils.DeletePupilLessonHandler::get_DbContext()
FNDA:0,MusicTutor.Core.Services.IMusicTutorDbContext MusicTutor.Api.EFCore.Handlers.Pupils.DeletePupilLessonHandler::get_DbContext()
DA:14,0
FN:14,System.Void MusicTutor.Api.EFCore.Handlers.Pupils.DeletePupilLessonHandler::.ctor(MusicTutor.Core.Services.IMusicTutorDbContext)
FNDA:0,System.Void MusicTutor.Api.EFCore.Handlers.Pupils.DeletePupilLessonHandler::.ctor(MusicTutor.Core.Services.IMusicTutorDbContext)
DA:15,0
DA:16,0
DA:17,0
DA:18,0
DA:19,0
DA:20,0
DA:21,0
DA:22,0
DA:23,0
DA:24,0
DA:25,0
DA:26,0
DA:27,0
DA:28,0
DA:29,0
DA:30,0
DA:31,0
DA:32,0
DA:33,0
DA:34,0
DA:35,0
DA:36,0
DA:37,0
LF:24
LH:0
BRF:6
BRH:0
FNF:2
FNH:0
end_of_record
SF:C:\dev\MusicTutor.API\MusicTutor.Api\Handlers\Pupils\PupilLessons\GetPupilLessonByIdHandler.cs
FN:13,MusicTutor.Core.Services.IMusicTutorDbContext MusicTutor.Api.EFCore.Handlers.Pupils.GetPupilLessonByIdHandler::get_DbContext()
FNDA:0,MusicTutor.Core.Services.IMusicTutorDbContext MusicTutor.Api.EFCore.Handlers.Pupils.GetPupilLessonByIdHandler::get_DbContext()
DA:14,0
FN:14,System.Void MusicTutor.Api.EFCore.Handlers.Pupils.GetPupilLessonByIdHandler::.ctor(MusicTutor.Core.Services.IMusicTutorDbContext,MapsterMapper.IMapper)
FNDA:0,System.Void MusicTutor.Api.EFCore.Handlers.Pupils.GetPupilLessonByIdHandler::.ctor(MusicTutor.Core.Services.IMusicTutorDbContext,MapsterMapper.IMapper)
DA:15,0
DA:16,0
DA:17,0
DA:18,0
DA:19,0
DA:20,0
DA:21,0
DA:22,0
DA:23,0
DA:24,0
DA:25,0
DA:26,0
DA:27,0
DA:28,0
DA:29,0
DA:30,0
LF:17
LH:0
BRF:4
BRH:0
FNF:2
FNH:0
end_of_record
SF:C:\dev\MusicTutor.API\MusicTutor.Api\Handlers\Pupils\PupilLessons\GetPupilLessonsHandler.cs
FN:13,MusicTutor.Core.Services.IMusicTutorDbContext MusicTutor.Api.EFCore.Handlers.Pupils.GetPupilLessonsHandler::get_DbContext()
FNDA:0,MusicTutor.Core.Services.IMusicTutorDbContext MusicTutor.Api.EFCore.Handlers.Pupils.GetPupilLessonsHandler::get_DbContext()
DA:14,0
FN:14,System.Void MusicTutor.Api.EFCore.Handlers.Pupils.GetPupilLessonsHandler::.ctor(MusicTutor.Core.Services.IMusicTutorDbContext,MapsterMapper.IMapper)
FNDA:0,System.Void MusicTutor.Api.EFCore.Handlers.Pupils.GetPupilLessonsHandler::.ctor(MusicTutor.Core.Services.IMusicTutorDbContext,MapsterMapper.IMapper)
DA:15,0
DA:16,0
DA:17,0
DA:18,0
DA:19,0
DA:20,0
DA:21,0
DA:22,0
DA:23,0
DA:24,0
DA:25,0
LF:12
LH:0
BRF:2
BRH:0
FNF:2
FNH:0
end_of_record
SF:C:\dev\MusicTutor.API\MusicTutor.Api\Handlers\Pupils\PupilPayments\CreatePupilPaymentHandler.cs
FN:13,MusicTutor.Core.Services.IMusicTutorDbContext MusicTutor.Api.EFCore.Handlers.Pupils.CreatePupilPaymentHandler::get_DbContext()
FNDA:0,MusicTutor.Core.Services.IMusicTutorDbContext MusicTutor.Api.EFCore.Handlers.Pupils.CreatePupilPaymentHandler::get_DbContext()
DA:14,0
FN:14,System.Void MusicTutor.Api.EFCore.Handlers.Pupils.CreatePupilPaymentHandler::.ctor(MusicTutor.Core.Services.IMusicTutorDbContext,MapsterMapper.IMapper)
FNDA:0,System.Void MusicTutor.Api.EFCore.Handlers.Pupils.CreatePupilPaymentHandler::.ctor(MusicTutor.Core.Services.IMusicTutorDbContext,MapsterMapper.IMapper)
DA:15,0
DA:16,0
DA:17,0
DA:18,0
DA:19,0
DA:20,0
DA:21,0
DA:22,0
DA:23,0
DA:24,0
DA:25,0
DA:26,0
DA:27,0
DA:28,0
DA:29,0
DA:30,0
DA:31,0
DA:32,0
LF:19
LH:0
BRF:2
BRH:0
FNF:2
FNH:0
end_of_record
SF:C:\dev\MusicTutor.API\MusicTutor.Api\Handlers\Pupils\PupilPayments\DeletePupilPaymentHandler.cs
FN:13,MusicTutor.Core.Services.IMusicTutorDbContext MusicTutor.Api.EFCore.Handlers.Pupils.DeletePupilPaymentHandler::get_DbContext()
FNDA:0,MusicTutor.Core.Services.IMusicTutorDbContext MusicTutor.Api.EFCore.Handlers.Pupils.DeletePupilPaymentHandler::get_DbContext()
DA:14,0
FN:14,System.Void MusicTutor.Api.EFCore.Handlers.Pupils.DeletePupilPaymentHandler::.ctor(MusicTutor.Core.Services.IMusicTutorDbContext)
FNDA:0,System.Void MusicTutor.Api.EFCore.Handlers.Pupils.DeletePupilPaymentHandler::.ctor(MusicTutor.Core.Services.IMusicTutorDbContext)
DA:15,0
DA:16,0
DA:17,0
DA:18,0
DA:19,0
DA:20,0
DA:21,0
DA:22,0
DA:23,0
DA:24,0
DA:25,0
DA:26,0
DA:27,0
DA:28,0
DA:29,0
DA:30,0
DA:31,0
DA:32,0
DA:33,0
DA:34,0
DA:35,0
DA:36,0
DA:37,0
LF:24
LH:0
BRF:6
BRH:0
FNF:2
FNH:0
end_of_record
SF:C:\dev\MusicTutor.API\MusicTutor.Api\Handlers\Pupils\PupilPayments\GetPupilPaymentByIdHandler.cs
FN:13,MusicTutor.Core.Services.IMusicTutorDbContext MusicTutor.Api.EFCore.Handlers.Pupils.GetPupilPaymentByIdHandler::get_DbContext()
FNDA:0,MusicTutor.Core.Services.IMusicTutorDbContext MusicTutor.Api.EFCore.Handlers.Pupils.GetPupilPaymentByIdHandler::get_DbContext()
DA:14,0
FN:14,System.Void MusicTutor.Api.EFCore.Handlers.Pupils.GetPupilPaymentByIdHandler::.ctor(MusicTutor.Core.Services.IMusicTutorDbContext,MapsterMapper.IMapper)
FNDA:0,System.Void MusicTutor.Api.EFCore.Handlers.Pupils.GetPupilPaymentByIdHandler::.ctor(MusicTutor.Core.Services.IMusicTutorDbContext,MapsterMapper.IMapper)
DA:15,0
DA:16,0
DA:17,0
DA:18,0
DA:19,0
DA:20,0
DA:21,0
DA:22,0
DA:23,0
DA:24,0
DA:25,0
DA:26,0
DA:27,0
DA:28,0
DA:29,0
DA:30,0
LF:17
LH:0
BRF:4
BRH:0
FNF:2
FNH:0
end_of_record
SF:C:\dev\MusicTutor.API\MusicTutor.Api\Handlers\Pupils\PupilPayments\GetPupilPaymentsHandler.cs
FN:13,MusicTutor.Core.Services.IMusicTutorDbContext MusicTutor.Api.EFCore.Handlers.Pupils.GetPupilPaymentsHandler::get_DbContext()
FNDA:0,MusicTutor.Core.Services.IMusicTutorDbContext MusicTutor.Api.EFCore.Handlers.Pupils.GetPupilPaymentsHandler::get_DbContext()
DA:14,0
FN:14,System.Void MusicTutor.Api.EFCore.Handlers.Pupils.GetPupilPaymentsHandler::.ctor(MusicTutor.Core.Services.IMusicTutorDbContext,MapsterMapper.IMapper)
FNDA:0,System.Void MusicTutor.Api.EFCore.Handlers.Pupils.GetPupilPaymentsHandler::.ctor(MusicTutor.Core.Services.IMusicTutorDbContext,MapsterMapper.IMapper)
DA:15,0
DA:16,0
DA:17,0
DA:18,0
DA:19,0
DA:20,0
DA:21,0
DA:22,0
DA:23,0
DA:24,0
DA:25,0
LF:12
LH:0
BRF:2
BRH:0
FNF:2
FNH:0
end_of_record
SF:C:\dev\MusicTutor.API\MusicTutor.Api\Handlers\Pupils\UpdatePupilHandler.cs
FN:13,MusicTutor.Core.Services.IMusicTutorDbContext MusicTutor.Api.EFCore.Handlers.Pupils.UpdatePupilHandler::get_DbContext()
FNDA:5,MusicTutor.Core.Services.IMusicTutorDbContext MusicTutor.Api.EFCore.Handlers.Pupils.UpdatePupilHandler::get_DbContext()
DA:14,5
FN:14,System.Void MusicTutor.Api.EFCore.Handlers.Pupils.UpdatePupilHandler::.ctor(MusicTutor.Core.Services.IMusicTutorDbContext,MapsterMapper.IMapper)
FNDA:1,System.Void MusicTutor.Api.EFCore.Handlers.Pupils.UpdatePupilHandler::.ctor(MusicTutor.Core.Services.IMusicTutorDbContext,MapsterMapper.IMapper)
DA:15,1
DA:16,1
DA:17,1
DA:18,1
DA:19,1
DA:20,1
DA:21,0
DA:22,1
DA:23,1
DA:24,1
DA:25,1
DA:26,1
DA:27,1
DA:28,1
DA:29,1
LF:16
LH:15
BRF:2
BRH:1
FNF:2
FNH:2
end_of_record
SF:C:\dev\MusicTutor.API\MusicTutor.Api\Handlers\Instruments\CreateInstrumentHandler.cs
FN:11,MusicTutor.Core.Services.IMusicTutorDbContext MusicTutor.Api.EFCore.Handlers.Instruments.CreateInstrumentHandler::get_DbContext()
FNDA:5,MusicTutor.Core.Services.IMusicTutorDbContext MusicTutor.Api.EFCore.Handlers.Instruments.CreateInstrumentHandler::get_DbContext()
DA:12,5
FN:12,System.Void MusicTutor.Api.EFCore.Handlers.Instruments.CreateInstrumentHandler::.ctor(MusicTutor.Core.Services.IMusicTutorDbContext,MapsterMapper.IMapper)
FNDA:1,System.Void MusicTutor.Api.EFCore.Handlers.Instruments.CreateInstrumentHandler::.ctor(MusicTutor.Core.Services.IMusicTutorDbContext,MapsterMapper.IMapper)
DA:13,1
DA:14,1
DA:15,1
DA:16,1
DA:17,1
DA:18,1
DA:19,1
DA:20,1
DA:21,1
DA:22,1
LF:11
LH:11
BRF:0
BRH:0
FNF:2
FNH:2
end_of_record
SF:C:\dev\MusicTutor.API\MusicTutor.Api\Handlers\Instruments\DeleteInstrumentHandler.cs
FN:11,MusicTutor.Core.Services.IMusicTutorDbContext MusicTutor.Api.EFCore.Handlers.Instruments.DeleteInstrumentHandler::get_DbContext()
FNDA:4,MusicTutor.Core.Services.IMusicTutorDbContext MusicTutor.Api.EFCore.Handlers.Instruments.DeleteInstrumentHandler::get_DbContext()
DA:12,4
FN:12,System.Void MusicTutor.Api.EFCore.Handlers.Instruments.DeleteInstrumentHandler::.ctor(MusicTutor.Core.Services.IMusicTutorDbContext)
FNDA:1,System.Void MusicTutor.Api.EFCore.Handlers.Instruments.DeleteInstrumentHandler::.ctor(MusicTutor.Core.Services.IMusicTutorDbContext)
DA:13,1
DA:14,1
DA:15,1
DA:16,1
DA:17,1
DA:18,1
DA:19,1
DA:20,1
DA:21,1
DA:22,1
DA:23,1
DA:24,1
DA:25,1
DA:26,1
DA:27,1
LF:16
LH:16
BRF:2
BRH:2
FNF:2
FNH:2
end_of_record
SF:C:\dev\MusicTutor.API\MusicTutor.Api\Handlers\Instruments\GetAllInstrumentsHandler.cs
FN:13,MusicTutor.Core.Services.IMusicTutorDbContext MusicTutor.Api.EFCore.Handlers.Instruments.GetAllInstrumentsHandler::get_DbContext()
FNDA:6,MusicTutor.Core.Services.IMusicTutorDbContext MusicTutor.Api.EFCore.Handlers.Instruments.GetAllInstrumentsHandler::get_DbContext()
DA:14,6
FN:14,System.Void MusicTutor.Api.EFCore.Handlers.Instruments.GetAllInstrumentsHandler::.ctor(MusicTutor.Core.Services.IMusicTutorDbContext)
FNDA:3,System.Void MusicTutor.Api.EFCore.Handlers.Instruments.GetAllInstrumentsHandler::.ctor(MusicTutor.Core.Services.IMusicTutorDbContext)
DA:15,3
DA:16,3
DA:17,3
DA:18,3
DA:19,3
DA:20,3
DA:21,3
DA:22,3
LF:9
LH:9
BRF:0
BRH:0
FNF:2
FNH:2
end_of_record
SF:C:\dev\MusicTutor.API\MusicTutor.Api\Handlers\Instruments\GetInstrumentByIdHandler.cs
FN:12,MusicTutor.Core.Services.IMusicTutorDbContext MusicTutor.Api.EFCore.Handlers.Instruments.GetInstrumentByIdHandler::get_DbContext()
FNDA:2,MusicTutor.Core.Services.IMusicTutorDbContext MusicTutor.Api.EFCore.Handlers.Instruments.GetInstrumentByIdHandler::get_DbContext()
DA:13,2
FN:13,System.Void MusicTutor.Api.EFCore.Handlers.Instruments.GetInstrumentByIdHandler::.ctor(MusicTutor.Core.Services.IMusicTutorDbContext)
FNDA:1,System.Void MusicTutor.Api.EFCore.Handlers.Instruments.GetInstrumentByIdHandler::.ctor(MusicTutor.Core.Services.IMusicTutorDbContext)
DA:14,1
DA:15,1
DA:16,1
DA:17,1
DA:18,1
DA:19,1
DA:20,1
DA:21,1
LF:9
LH:9
BRF:0
BRH:0
FNF:2
FNH:2
end_of_record
SF:C:\dev\MusicTutor.API\MusicTutor.Api\Examples\Pupils\CreatePupilExample.cs
FN:9,MusicTutor.Api.Commands.Pupils.CreatePupil MusicTutor.Api.Examples.Pupils.CreatePupilExample::GetExamples()
FNDA:0,MusicTutor.Api.Commands.Pupils.CreatePupil MusicTutor.Api.Examples.Pupils.CreatePupilExample::GetExamples()
DA:10,0
DA:11,0
DA:12,0
LF:3
LH:0
BRF:0
BRH:0
FNF:1
FNH:0
end_of_record
SF:C:\dev\MusicTutor.API\MusicTutor.Api\Examples\Pupils\UpdatePupilExample.cs
FN:9,MusicTutor.Api.Commands.Pupils.UpdatePupil MusicTutor.Api.Examples.Pupils.UpdatePupilExample::GetExamples()
FNDA:0,MusicTutor.Api.Commands.Pupils.UpdatePupil MusicTutor.Api.Examples.Pupils.UpdatePupilExample::GetExamples()
DA:10,0
DA:11,0
DA:12,0
LF:3
LH:0
BRF:0
BRH:0
FNF:1
FNH:0
end_of_record
SF:C:\dev\MusicTutor.API\MusicTutor.Api\Examples\Instruments\CreateInstrumentExample.cs
FN:8,MusicTutor.Api.Commands.Instruments.CreateInstrument MusicTutor.Api.Examples.Instruments.CreateInstrumentExample::GetExamples()
FNDA:0,MusicTutor.Api.Commands.Instruments.CreateInstrument MusicTutor.Api.Examples.Instruments.CreateInstrumentExample::GetExamples()
DA:9,0
DA:10,0
DA:11,0
LF:3
LH:0
BRF:0
BRH:0
FNF:1
FNH:0
end_of_record
SF:C:\dev\MusicTutor.API\MusicTutor.Api\Examples\Instruments\InstrumentResponseDtoExample.cs
FN:10,MusicTutor.Api.Contracts.Instruments.InstrumentResponseDto MusicTutor.Api.Examples.Instruments.InstrumentResponseDtoExample::GetExamples()
FNDA:0,MusicTutor.Api.Contracts.Instruments.InstrumentResponseDto MusicTutor.Api.Examples.Instruments.InstrumentResponseDtoExample::GetExamples()
DA:11,0
DA:12,0
DA:13,0
FN:18,System.Collections.Generic.IEnumerable`1<MusicTutor.Api.Contracts.Instruments.InstrumentResponseDto> MusicTutor.Api.Examples.Instruments.InstrumentResponseDtoListExample::GetExamples()
FNDA:0,System.Collections.Generic.IEnumerable`1<MusicTutor.Api.Contracts.Instruments.InstrumentResponseDto> MusicTutor.Api.Examples.Instruments.InstrumentResponseDtoListExample::GetExamples()
DA:19,0
DA:20,0
DA:21,0
LF:6
LH:0
BRF:0
BRH:0
FNF:2
FNH:0
end_of_record
SF:C:\dev\MusicTutor.API\MusicTutor.Api\Examples\Errors\ErrorResponseExample.cs
FN:8,MusicTutor.Api.Contracts.Errors.ErrorResponse MusicTutor.Api.Examples.Errors.ErrorResponseExample::GetExamples()
FNDA:0,MusicTutor.Api.Contracts.Errors.ErrorResponse MusicTutor.Api.Examples.Errors.ErrorResponseExample::GetExamples()
DA:9,0
DA:10,0
DA:12,0
DA:14,0
DA:15,0
LF:5
LH:0
BRF:0
BRH:0
FNF:1
FNH:0
end_of_record
SF:C:\dev\MusicTutor.API\MusicTutor.Api\Controllers\BaseApiController.cs
FN:13,System.Void MusicTutor.Api.Controllers.BaseApiController::.ctor(MediatR.IMediator)
FNDA:11,System.Void MusicTutor.Api.Controllers.BaseApiController::.ctor(MediatR.IMediator)
DA:14,11
DA:15,11
DA:16,11
DA:17,11
LF:4
LH:4
BRF:0
BRH:0
FNF:1
FNH:1
end_of_record
SF:C:\dev\MusicTutor.API\MusicTutor.Api\Controllers\Pupils\PupilInstrumentsController.cs
FN:17,System.Void MusicTutor.Api.Controllers.Pupils.PupilInstrumentsController::.ctor(MediatR.IMediator)
FNDA:0,System.Void MusicTutor.Api.Controllers.Pupils.PupilInstrumentsController::.ctor(MediatR.IMediator)
DA:18,0
DA:19,0
DA:20,0
FN:29,System.Void MusicTutor.Api.Controllers.Pupils.PupilInstrumentsController/<GetManyAsync>d__1::MoveNext()
FNDA:0,System.Void MusicTutor.Api.Controllers.Pupils.PupilInstrumentsController/<GetManyAsync>d__1::MoveNext()
DA:30,0
DA:31,0
DA:33,0
DA:34,0
DA:36,0
DA:37,0
BRDA:33,179,0,0
BRDA:33,179,1,0
FN:51,System.Void MusicTutor.Api.Controllers.Pupils.PupilInstrumentsController/<PostAsync>d__2::MoveNext()
FNDA:0,System.Void MusicTutor.Api.Controllers.Pupils.PupilInstrumentsController/<PostAsync>d__2::MoveNext()
DA:52,0
DA:53,0
DA:54,0
DA:57,0
DA:58,0
DA:60,0
DA:61,0
DA:67,0
DA:69,0
DA:70,0
DA:71,0
DA:73,0
BRDA:53,39,0,0
BRDA:53,39,1,0
BRDA:60,269,0,0
BRDA:60,269,1,0
FN:84,System.Void MusicTutor.Api.Controllers.Pupils.PupilInstrumentsController/<DeleteAsync>d__3::MoveNext()
FNDA:0,System.Void MusicTutor.Api.Controllers.Pupils.PupilInstrumentsController/<DeleteAsync>d__3::MoveNext()
DA:85,0
DA:87,0
DA:88,0
DA:90,0
DA:92,0
DA:93,0
DA:95,0
DA:97,0
DA:98,0
DA:99,0
DA:101,0
DA:102,0
DA:103,0
DA:105,0
BRDA:92,202,0,0
BRDA:92,202,1,0
LF:35
LH:0
BRF:8
BRH:0
FNF:4
FNH:0
end_of_record
SF:C:\dev\MusicTutor.API\MusicTutor.Api\Controllers\Pupils\PupilLessonsController.cs
FN:17,System.Void MusicTutor.Api.Controllers.Pupils.PupilLessonsController::.ctor(MediatR.IMediator)
FNDA:0,System.Void MusicTutor.Api.Controllers.Pupils.PupilLessonsController::.ctor(MediatR.IMediator)
DA:18,0
DA:19,0
DA:20,0
FN:32,System.Void MusicTutor.Api.Controllers.Pupils.PupilLessonsController/<GetSingleAsync>d__1::MoveNext()
FNDA:0,System.Void MusicTutor.Api.Controllers.Pupils.PupilLessonsController/<GetSingleAsync>d__1::MoveNext()
DA:33,0
DA:34,0
DA:36,0
DA:37,0
DA:39,0
DA:40,0
BRDA:36,185,0,0
BRDA:36,185,1,0
FN:49,System.Void MusicTutor.Api.Controllers.Pupils.PupilLessonsController/<GetManyAsync>d__2::MoveNext()
FNDA:0,System.Void MusicTutor.Api.Controllers.Pupils.PupilLessonsController/<GetManyAsync>d__2::MoveNext()
DA:50,0
DA:51,0
DA:53,0
DA:54,0
FN:68,System.Void MusicTutor.Api.Controllers.Pupils.PupilLessonsController/<PostAsync>d__3::MoveNext()
FNDA:0,System.Void MusicTutor.Api.Controllers.Pupils.PupilLessonsController/<PostAsync>d__3::MoveNext()
DA:69,0
DA:70,0
DA:71,0
DA:74,0
DA:75,0
DA:77,0
DA:78,0
DA:84,0
DA:86,0
DA:87,0
DA:88,0
DA:90,0
BRDA:70,39,0,0
BRDA:70,39,1,0
BRDA:77,269,0,0
BRDA:77,269,1,0
FN:101,System.Void MusicTutor.Api.Controllers.Pupils.PupilLessonsController/<DeleteAsync>d__4::MoveNext()
FNDA:0,System.Void MusicTutor.Api.Controllers.Pupils.PupilLessonsController/<DeleteAsync>d__4::MoveNext()
DA:102,0
DA:104,0
DA:105,0
DA:107,0
DA:109,0
DA:110,0
DA:112,0
DA:114,0
DA:115,0
DA:116,0
DA:118,0
BRDA:109,202,0,0
BRDA:109,202,1,0
LF:36
LH:0
BRF:8
BRH:0
FNF:5
FNH:0
end_of_record
SF:C:\dev\MusicTutor.API\MusicTutor.Api\Controllers\Pupils\PupilPaymentsController.cs
FN:17,System.Void MusicTutor.Api.Controllers.Pupils.PupilPaymentsController::.ctor(MediatR.IMediator)
FNDA:0,System.Void MusicTutor.Api.Controllers.Pupils.PupilPaymentsController::.ctor(MediatR.IMediator)
DA:18,0
DA:19,0
DA:20,0
FN:32,System.Void MusicTutor.Api.Controllers.Pupils.PupilPaymentsController/<GetSingleAsync>d__1::MoveNext()
FNDA:0,System.Void MusicTutor.Api.Controllers.Pupils.PupilPaymentsController/<GetSingleAsync>d__1::MoveNext()
DA:33,0
DA:34,0
DA:36,0
DA:37,0
DA:39,0
DA:40,0
BRDA:36,185,0,0
BRDA:36,185,1,0
FN:49,System.Void MusicTutor.Api.Controllers.Pupils.PupilPaymentsController/<GetManyAsync>d__2::MoveNext()
FNDA:0,System.Void MusicTutor.Api.Controllers.Pupils.PupilPaymentsController/<GetManyAsync>d__2::MoveNext()
DA:50,0
DA:51,0
DA:53,0
DA:54,0
FN:68,System.Void MusicTutor.Api.Controllers.Pupils.PupilPaymentsController/<PostAsync>d__3::MoveNext()
FNDA:0,System.Void MusicTutor.Api.Controllers.Pupils.PupilPaymentsController/<PostAsync>d__3::MoveNext()
DA:69,0
DA:70,0
DA:71,0
DA:74,0
DA:75,0
DA:77,0
DA:78,0
DA:84,0
DA:86,0
DA:87,0
DA:88,0
DA:90,0
BRDA:70,39,0,0
BRDA:70,39,1,0
BRDA:77,269,0,0
BRDA:77,269,1,0
FN:101,System.Void MusicTutor.Api.Controllers.Pupils.PupilPaymentsController/<DeleteAsync>d__4::MoveNext()
FNDA:0,System.Void MusicTutor.Api.Controllers.Pupils.PupilPaymentsController/<DeleteAsync>d__4::MoveNext()
DA:102,0
DA:104,0
DA:105,0
DA:107,0
DA:109,0
DA:110,0
DA:112,0
DA:114,0
DA:115,0
DA:116,0
DA:118,0
BRDA:109,202,0,0
BRDA:109,202,1,0
LF:36
LH:0
BRF:8
BRH:0
FNF:5
FNH:0
end_of_record
SF:C:\dev\MusicTutor.API\MusicTutor.Api\Controllers\Pupils\PupilsController.cs
FN:17,System.Void MusicTutor.Api.Controllers.Pupils.PupilsController::.ctor(MediatR.IMediator)
FNDA:5,System.Void MusicTutor.Api.Controllers.Pupils.PupilsController::.ctor(MediatR.IMediator)
DA:18,5
DA:19,5
DA:20,5
FN:28,System.Void MusicTutor.Api.Controllers.Pupils.PupilsController/<GetManyAsync>d__1::MoveNext()
FNDA:1,System.Void MusicTutor.Api.Controllers.Pupils.PupilsController/<GetManyAsync>d__1::MoveNext()
DA:29,1
DA:30,1
DA:32,1
DA:33,1
FN:44,System.Void MusicTutor.Api.Controllers.Pupils.PupilsController/<GetSingleAsync>d__2::MoveNext()
FNDA:1,System.Void MusicTutor.Api.Controllers.Pupils.PupilsController/<GetSingleAsync>d__2::MoveNext()
DA:45,1
DA:46,1
DA:48,1
DA:49,0
DA:51,1
DA:52,1
BRDA:48,179,0,0
BRDA:48,179,1,1
FN:67,System.Void MusicTutor.Api.Controllers.Pupils.PupilsController/<PostAsync>d__3::MoveNext()
FNDA:1,System.Void MusicTutor.Api.Controllers.Pupils.PupilsController/<PostAsync>d__3::MoveNext()
DA:68,1
DA:73,1
DA:74,1
DA:79,1
DA:81,0
DA:82,0
DA:83,0
DA:85,1
FN:102,System.Void MusicTutor.Api.Controllers.Pupils.PupilsController/<PutSingleAsync>d__4::MoveNext()
FNDA:1,System.Void MusicTutor.Api.Controllers.Pupils.PupilsController/<PutSingleAsync>d__4::MoveNext()
DA:103,1
DA:104,1
DA:105,0
DA:108,1
DA:109,1
DA:111,1
DA:112,0
DA:114,1
DA:116,0
DA:117,0
DA:118,0
DA:120,0
DA:121,0
DA:122,0
DA:124,1
BRDA:104,39,0,0
BRDA:104,39,1,2
BRDA:111,269,0,0
BRDA:111,269,1,1
FN:134,System.Void MusicTutor.Api.Controllers.Pupils.PupilsController/<DeleteItemAsync>d__5::MoveNext()
FNDA:1,System.Void MusicTutor.Api.Controllers.Pupils.PupilsController/<DeleteItemAsync>d__5::MoveNext()
DA:135,1
DA:136,1
DA:138,1
DA:139,0
DA:141,1
DA:142,1
BRDA:138,172,0,0
BRDA:138,172,1,1
LF:42
LH:29
BRF:8
BRH:4
FNF:6
FNH:6
end_of_record
SF:C:\dev\MusicTutor.API\MusicTutor.Api\Controllers\Instruments\InstrumentsController.cs
FN:16,System.Void MusicTutor.Api.Controllers.Instruments.InstrumentsController::.ctor(MediatR.IMediator)
FNDA:6,System.Void MusicTutor.Api.Controllers.Instruments.InstrumentsController::.ctor(MediatR.IMediator)
DA:17,6
DA:18,6
DA:19,6
FN:26,System.Void MusicTutor.Api.Controllers.Instruments.InstrumentsController/<GetManyAsync>d__1::MoveNext()
FNDA:3,System.Void MusicTutor.Api.Controllers.Instruments.InstrumentsController/<GetManyAsync>d__1::MoveNext()
DA:27,3
DA:28,3
DA:30,3
DA:31,3
FN:41,System.Void MusicTutor.Api.Controllers.Instruments.InstrumentsController/<GetSingleAsync>d__2::MoveNext()
FNDA:1,System.Void MusicTutor.Api.Controllers.Instruments.InstrumentsController/<GetSingleAsync>d__2::MoveNext()
DA:42,1
DA:43,1
DA:45,1
DA:46,0
DA:48,1
DA:49,1
BRDA:45,179,0,0
BRDA:45,179,1,1
FN:64,System.Void MusicTutor.Api.Controllers.Instruments.InstrumentsController/<PostAsync>d__3::MoveNext()
FNDA:1,System.Void MusicTutor.Api.Controllers.Instruments.InstrumentsController/<PostAsync>d__3::MoveNext()
DA:65,1
DA:67,1
DA:68,1
DA:73,1
DA:75,0
DA:76,0
DA:77,0
DA:79,1
FN:100,System.Void MusicTutor.Api.Controllers.Instruments.InstrumentsController/<DeleteItemAsync>d__4::MoveNext()
FNDA:1,System.Void MusicTutor.Api.Controllers.Instruments.InstrumentsController/<DeleteItemAsync>d__4::MoveNext()
DA:101,1
DA:102,1
DA:104,1
DA:105,0
DA:107,1
DA:108,1
BRDA:104,172,0,0
BRDA:104,172,1,1
LF:27
LH:22
BRF:4
BRH:2
FNF:5
FNH:5
end_of_record
SF:C:\dev\MusicTutor.API\MusicTutor.Api\Contracts\Pupils\PupilResponseDto.cs
FN:4,System.Guid MusicTutor.Api.Contracts.Pupils.PupilResponseDto::get_Id()
FNDA:108,System.Guid MusicTutor.Api.Contracts.Pupils.PupilResponseDto::get_Id()
DA:5,108
LF:1
LH:1
BRF:0
BRH:0
FNF:1
FNH:1
end_of_record
SF:C:\dev\MusicTutor.API\MusicTutor.Api\Contracts\Pupils\Mappings\PupilMapping.cs
FN:9,System.Void MusicTutor.Api.Contracts.Pupils.Mappings.PupilMapping::Register(Mapster.TypeAdapterConfig)
FNDA:3,System.Void MusicTutor.Api.Contracts.Pupils.Mappings.PupilMapping::Register(Mapster.TypeAdapterConfig)
DA:10,3
DA:11,3
DA:12,3
DA:14,3
LF:4
LH:4
BRF:0
BRH:0
FNF:1
FNH:1
end_of_record
SF:C:\dev\MusicTutor.API\MusicTutor.Api\Contracts\Payments\PaymentResponseDto.cs
FN:5,System.Guid MusicTutor.Api.Contracts.Payments.PaymentResponseDto::get_Id()
FNDA:0,System.Guid MusicTutor.Api.Contracts.Payments.PaymentResponseDto::get_Id()
DA:6,0
LF:1
LH:0
BRF:0
BRH:0
FNF:1
FNH:0
end_of_record
SF:C:\dev\MusicTutor.API\MusicTutor.Api\Contracts\Payments\Mappings\PaymentMapping.cs
FN:8,System.Void MusicTutor.Api.Contracts.Payments.Mappings.PaymentMapping::Register(Mapster.TypeAdapterConfig)
FNDA:3,System.Void MusicTutor.Api.Contracts.Payments.Mappings.PaymentMapping::Register(Mapster.TypeAdapterConfig)
DA:9,3
DA:10,3
DA:11,3
LF:3
LH:3
BRF:0
BRH:0
FNF:1
FNH:1
end_of_record
SF:C:\dev\MusicTutor.API\MusicTutor.Api\Contracts\Lessons\LessonResponseDto.cs
FN:4,System.Guid MusicTutor.Api.Contracts.Lessons.LessonResponseDto::get_Id()
FNDA:0,System.Guid MusicTutor.Api.Contracts.Lessons.LessonResponseDto::get_Id()
DA:5,0
LF:1
LH:0
BRF:0
BRH:0
FNF:1
FNH:0
end_of_record
SF:C:\dev\MusicTutor.API\MusicTutor.Api\Contracts\Lessons\Mappings\LessonMapping.cs
FN:9,System.Void MusicTutor.Api.Contracts.Lessons.Mappings.LessonMapping::Register(Mapster.TypeAdapterConfig)
FNDA:3,System.Void MusicTutor.Api.Contracts.Lessons.Mappings.LessonMapping::Register(Mapster.TypeAdapterConfig)
DA:10,3
DA:11,3
DA:12,3
LF:3
LH:3
BRF:0
BRH:0
FNF:1
FNH:1
end_of_record
SF:C:\dev\MusicTutor.API\MusicTutor.Api\Contracts\Instruments\InstrumentResponseDto.cs
FN:4,System.Guid MusicTutor.Api.Contracts.Instruments.InstrumentResponseDto::get_Id()
FNDA:109,System.Guid MusicTutor.Api.Contracts.Instruments.InstrumentResponseDto::get_Id()
DA:5,109
LF:1
LH:1
BRF:0
BRH:0
FNF:1
FNH:1
end_of_record
SF:C:\dev\MusicTutor.API\MusicTutor.Api\Contracts\Instruments\Mappings\InstrumentMapping.cs
FN:9,System.Void MusicTutor.Api.Contracts.Instruments.Mappings.InstrumentMapping::Register(Mapster.TypeAdapterConfig)
FNDA:3,System.Void MusicTutor.Api.Contracts.Instruments.Mappings.InstrumentMapping::Register(Mapster.TypeAdapterConfig)
DA:10,3
DA:11,3
DA:12,3
LF:3
LH:3
BRF:0
BRH:0
FNF:1
FNH:1
end_of_record
SF:C:\dev\MusicTutor.API\MusicTutor.Api\Contracts\Errors\ErrorModel.cs
FN:2,System.String MusicTutor.Api.Contracts.Errors.ErrorModel::get_FieldName()
FNDA:0,System.String MusicTutor.Api.Contracts.Errors.ErrorModel::get_FieldName()
DA:3,0
LF:1
LH:0
BRF:0
BRH:0
FNF:1
FNH:0
end_of_record
SF:C:\dev\MusicTutor.API\MusicTutor.Api\Contracts\Errors\ErrorResponse.cs
FN:6,System.Collections.Generic.List`1<MusicTutor.Api.Contracts.Errors.ErrorModel> MusicTutor.Api.Contracts.Errors.ErrorResponse::get_Errors()
FNDA:0,System.Collections.Generic.List`1<MusicTutor.Api.Contracts.Errors.ErrorModel> MusicTutor.Api.Contracts.Errors.ErrorResponse::get_Errors()
DA:7,0
LF:1
LH:0
BRF:0
BRH:0
FNF:1
FNH:0
end_of_record
SF:C:\dev\MusicTutor.API\MusicTutor.Api\Commands\Pupils\CreatePupil.cs
FN:7,System.String MusicTutor.Api.Commands.Pupils.CreatePupil::get_Name()
FNDA:51,System.String MusicTutor.Api.Commands.Pupils.CreatePupil::get_Name()
DA:8,51
FN:12,MusicTutor.Core.Models.Pupil MusicTutor.Api.Commands.Pupils.PupilCreator::MakePupil(MusicTutor.Api.Commands.Pupils.CreatePupil,MusicTutor.Core.Models.Instrument)
FNDA:1,MusicTutor.Core.Models.Pupil MusicTutor.Api.Commands.Pupils.PupilCreator::MakePupil(MusicTutor.Api.Commands.Pupils.CreatePupil,MusicTutor.Core.Models.Instrument)
DA:13,1
DA:14,1
DA:15,1
LF:4
LH:4
BRF:0
BRH:0
FNF:2
FNH:2
end_of_record
SF:C:\dev\MusicTutor.API\MusicTutor.Api\Commands\Pupils\DeletePupil.cs
FN:5,System.Guid MusicTutor.Api.Commands.Pupils.DeletePupil::get_Id()
FNDA:3,System.Guid MusicTutor.Api.Commands.Pupils.DeletePupil::get_Id()
DA:6,3
LF:1
LH:1
BRF:0
BRH:0
FNF:1
FNH:1
end_of_record
SF:C:\dev\MusicTutor.API\MusicTutor.Api\Commands\Pupils\PupilInstruments\CreatePupilInstrumentLink.cs
FN:6,System.Guid MusicTutor.Api.Commands.Pupils.CreatePupilInstrumentLink::get_pupilId()
FNDA:0,System.Guid MusicTutor.Api.Commands.Pupils.CreatePupilInstrumentLink::get_pupilId()
DA:7,0
LF:1
LH:0
BRF:0
BRH:0
FNF:1
FNH:0
end_of_record
SF:C:\dev\MusicTutor.API\MusicTutor.Api\Commands\Pupils\PupilInstruments\DeletePupilInstrumentLink.cs
FN:6,System.Guid MusicTutor.Api.Commands.Pupils.DeletePupilInstrumentLink::get_pupilId()
FNDA:0,System.Guid MusicTutor.Api.Commands.Pupils.DeletePupilInstrumentLink::get_pupilId()
DA:7,0
LF:1
LH:0
BRF:0
BRH:0
FNF:1
FNH:0
end_of_record
SF:C:\dev\MusicTutor.API\MusicTutor.Api\Commands\Pupils\PupilLessons\CreatePupilLesson.cs
FN:6,System.Guid MusicTutor.Api.Commands.Pupils.CreatePupilLesson::get_PupilId()
FNDA:0,System.Guid MusicTutor.Api.Commands.Pupils.CreatePupilLesson::get_PupilId()
DA:7,0
LF:1
LH:0
BRF:0
BRH:0
FNF:1
FNH:0
end_of_record
SF:C:\dev\MusicTutor.API\MusicTutor.Api\Commands\Pupils\PupilLessons\DeletePupilLesson.cs
FN:6,System.Guid MusicTutor.Api.Commands.Pupils.DeletePupilLesson::get_PupilId()
FNDA:0,System.Guid MusicTutor.Api.Commands.Pupils.DeletePupilLesson::get_PupilId()
DA:7,0
LF:1
LH:0
BRF:0
BRH:0
FNF:1
FNH:0
end_of_record
SF:C:\dev\MusicTutor.API\MusicTutor.Api\Commands\Pupils\PupilPayments\CreatePupilPayment.cs
FN:7,System.Guid MusicTutor.Api.Commands.Pupils.CreatePupilPayment::get_PupilId()
FNDA:0,System.Guid MusicTutor.Api.Commands.Pupils.CreatePupilPayment::get_PupilId()
DA:8,0
LF:1
LH:0
BRF:0
BRH:0
FNF:1
FNH:0
end_of_record
SF:C:\dev\MusicTutor.API\MusicTutor.Api\Commands\Pupils\PupilPayments\DeletePupilPayment.cs
FN:6,System.Guid MusicTutor.Api.Commands.Pupils.DeletePupilPayment::get_PupilId()
FNDA:0,System.Guid MusicTutor.Api.Commands.Pupils.DeletePupilPayment::get_PupilId()
DA:7,0
LF:1
LH:0
BRF:0
BRH:0
FNF:1
FNH:0
end_of_record
SF:C:\dev\MusicTutor.API\MusicTutor.Api\Commands\Pupils\UpdatePupil.cs
FN:7,System.Guid MusicTutor.Api.Commands.Pupils.UpdatePupil::get_Id()
FNDA:52,System.Guid MusicTutor.Api.Commands.Pupils.UpdatePupil::get_Id()
DA:8,52
LF:1
LH:1
BRF:0
BRH:0
FNF:1
FNH:1
end_of_record
SF:C:\dev\MusicTutor.API\MusicTutor.Api\Commands\Instruments\CreateInstrument.cs
FN:5,System.String MusicTutor.Api.Commands.Instruments.CreateInstrument::get_Name()
FNDA:8,System.String MusicTutor.Api.Commands.Instruments.CreateInstrument::get_Name()
DA:6,8
LF:1
LH:1
BRF:0
BRH:0
FNF:1
FNH:1
end_of_record
SF:C:\dev\MusicTutor.API\MusicTutor.Api\Commands\Instruments\DeleteInstrument.cs
FN:6,System.Guid MusicTutor.Api.Commands.Instruments.DeleteInstrument::get_Id()
FNDA:3,System.Guid MusicTutor.Api.Commands.Instruments.DeleteInstrument::get_Id()
DA:7,3
LF:1
LH:1
BRF:0
BRH:0
FNF:1
FNH:1
end_of_record
SF:C:\dev\MusicTutor.API\MusicTutor.Api\Behaviors\ValidationBehavior.cs
FN:12,System.Void MusicTutor.Api.Behaviors.ValidationBehavior`2::.ctor(System.Collections.Generic.IEnumerable`1<FluentValidation.IValidator`1<TRequest>>)
FNDA:0,System.Void MusicTutor.Api.Behaviors.ValidationBehavior`2::.ctor(System.Collections.Generic.IEnumerable`1<FluentValidation.IValidator`1<TRequest>>)
DA:13,0
DA:14,0
DA:15,0
DA:16,0
FN:21,System.Threading.Tasks.Task`1<FluentValidation.Results.ValidationResult> MusicTutor.Api.Behaviors.ValidationBehavior`2/<>c__DisplayClass2_1::<Handle>b__2(FluentValidation.IValidator`1<TRequest>)
FNDA:0,System.Threading.Tasks.Task`1<FluentValidation.Results.ValidationResult> MusicTutor.Api.Behaviors.ValidationBehavior`2/<>c__DisplayClass2_1::<Handle>b__2(FluentValidation.IValidator`1<TRequest>)
DA:22,0
FN:22,System.Collections.Generic.IEnumerable`1<FluentValidation.Results.ValidationFailure> MusicTutor.Api.Behaviors.ValidationBehavior`2/<>c::<Handle>b__2_0(FluentValidation.Results.ValidationResult)
FNDA:0,System.Collections.Generic.IEnumerable`1<FluentValidation.Results.ValidationFailure> MusicTutor.Api.Behaviors.ValidationBehavior`2/<>c::<Handle>b__2_0(FluentValidation.Results.ValidationResult)
DA:23,0
FN:17,System.Void MusicTutor.Api.Behaviors.ValidationBehavior`2/<Handle>d__2::MoveNext()
FNDA:0,System.Void MusicTutor.Api.Behaviors.ValidationBehavior`2/<Handle>d__2::MoveNext()
DA:18,0
DA:19,0
DA:20,0
DA:21,0
DA:24,0
DA:25,0
DA:26,0
DA:27,0
DA:28,0
BRDA:19,75,0,0
BRDA:23,297,0,0
BRDA:23,297,1,0
BRDA:23,333,0,0
BRDA:23,333,1,0
BRDA:24,391,0,0
BRDA:24,391,1,0
BRDA:19,75,1,0
LF:15
LH:0
BRF:8
BRH:0
FNF:4
FNH:0
end_of_record
SF:c:\dev\MusicTutor.API\MusicTutor.Core\Models\Contact.cs
FN:4,System.String MusicTutor.Core.Models.Contact::get_Name()
FNDA:18,System.String MusicTutor.Core.Models.Contact::get_Name()
DA:5,18
FN:5,System.Void MusicTutor.Core.Models.Contact::.ctor(System.String,System.String,System.String)
FNDA:4,System.Void MusicTutor.Core.Models.Contact::.ctor(System.String,System.String,System.String)
DA:6,4
DA:7,4
DA:8,4
DA:9,4
DA:10,4
LF:6
LH:6
BRF:0
BRH:0
FNF:2
FNH:2
end_of_record
SF:c:\dev\MusicTutor.API\MusicTutor.Core\Models\Instrument.cs
FN:17,System.Guid MusicTutor.Core.Models.Instrument::get_Id()
FNDA:1,System.Guid MusicTutor.Core.Models.Instrument::get_Id()
DA:18,1
FN:19,System.String MusicTutor.Core.Models.Instrument::get_Name()
FNDA:2,System.String MusicTutor.Core.Models.Instrument::get_Name()
DA:20,2
FN:22,System.Collections.Generic.IEnumerable`1<MusicTutor.Core.Models.Pupil> MusicTutor.Core.Models.Instrument::get_Pupils()
FNDA:0,System.Collections.Generic.IEnumerable`1<MusicTutor.Core.Models.Pupil> MusicTutor.Core.Models.Instrument::get_Pupils()
DA:23,0
FN:25,MusicTutor.Core.Models.Instrument MusicTutor.Core.Models.Instrument::CreateInstrument(System.String)
FNDA:0,MusicTutor.Core.Models.Instrument MusicTutor.Core.Models.Instrument::CreateInstrument(System.String)
DA:26,0
DA:27,0
DA:28,0
DA:29,0
DA:30,0
DA:31,0
DA:33,0
DA:34,0
FN:10,System.Void MusicTutor.Core.Models.Instrument::.ctor()
FNDA:6,System.Void MusicTutor.Core.Models.Instrument::.ctor()
DA:11,6
FN:12,System.Void MusicTutor.Core.Models.Instrument::.ctor(System.String)
FNDA:1,System.Void MusicTutor.Core.Models.Instrument::.ctor(System.String)
DA:13,1
DA:14,1
DA:15,1
DA:16,1
DA:17,1
LF:17
LH:8
BRF:0
BRH:0
FNF:6
FNH:4
end_of_record
SF:c:\dev\MusicTutor.API\MusicTutor.Core\Models\Lesson.cs
FN:21,System.Guid MusicTutor.Core.Models.Lesson::get_Id()
FNDA:0,System.Guid MusicTutor.Core.Models.Lesson::get_Id()
DA:22,0
FN:22,System.DateTime MusicTutor.Core.Models.Lesson::get_StartDateTime()
FNDA:0,System.DateTime MusicTutor.Core.Models.Lesson::get_StartDateTime()
DA:23,0
FN:24,System.Int32 MusicTutor.Core.Models.Lesson::get_DurationInMinutes()
FNDA:0,System.Int32 MusicTutor.Core.Models.Lesson::get_DurationInMinutes()
DA:25,0
FN:26,System.Decimal MusicTutor.Core.Models.Lesson::get_Cost()
FNDA:0,System.Decimal MusicTutor.Core.Models.Lesson::get_Cost()
DA:27,0
FN:28,System.Guid MusicTutor.Core.Models.Lesson::get_PupilId()
FNDA:0,System.Guid MusicTutor.Core.Models.Lesson::get_PupilId()
DA:29,0
FN:30,MusicTutor.Core.Models.Pupil MusicTutor.Core.Models.Lesson::get_Pupil()
FNDA:0,MusicTutor.Core.Models.Pupil MusicTutor.Core.Models.Lesson::get_Pupil()
DA:31,0
FN:32,System.Nullable`1<System.Guid> MusicTutor.Core.Models.Lesson::get_InstrumentId()
FNDA:0,System.Nullable`1<System.Guid> MusicTutor.Core.Models.Lesson::get_InstrumentId()
DA:33,0
FN:33,MusicTutor.Core.Models.Instrument MusicTutor.Core.Models.Lesson::get_Instrument()
FNDA:0,MusicTutor.Core.Models.Instrument MusicTutor.Core.Models.Lesson::get_Instrument()
DA:34,0
FN:35,System.Boolean MusicTutor.Core.Models.Lesson::get_IsPlanned()
FNDA:0,System.Boolean MusicTutor.Core.Models.Lesson::get_IsPlanned()
DA:36,0
FN:37,System.String MusicTutor.Core.Models.Lesson::get_Status()
FNDA:0,System.String MusicTutor.Core.Models.Lesson::get_Status()
DA:38,0
BRDA:38,6,0,0
BRDA:38,6,1,0
FN:40,MusicTutor.Core.Models.Lesson MusicTutor.Core.Models.Lesson::CreateLesson(System.DateTime,System.Int32,System.Decimal,System.Boolean)
FNDA:0,MusicTutor.Core.Models.Lesson MusicTutor.Core.Models.Lesson::CreateLesson(System.DateTime,System.Int32,System.Decimal,System.Boolean)
DA:41,0
DA:42,0
DA:43,0
DA:44,0
DA:45,0
DA:46,0
DA:47,0
DA:48,0
DA:49,0
DA:51,0
DA:52,0
FN:54,MusicTutor.Core.Models.Lesson MusicTutor.Core.Models.Lesson::CreateLessonWithInstrument(System.DateTime,System.Int32,System.Decimal,MusicTutor.Core.Models.Instrument,System.Boolean)
FNDA:0,MusicTutor.Core.Models.Lesson MusicTutor.Core.Models.Lesson::CreateLessonWithInstrument(System.DateTime,System.Int32,System.Decimal,MusicTutor.Core.Models.Instrument,System.Boolean)
DA:55,0
DA:56,0
DA:57,0
DA:58,0
DA:60,0
DA:61,0
FN:10,System.Void MusicTutor.Core.Models.Lesson::.ctor()
FNDA:0,System.Void MusicTutor.Core.Models.Lesson::.ctor()
DA:11,0
FN:12,System.Void MusicTutor.Core.Models.Lesson::.ctor(System.DateTime,System.Int32,System.Decimal,System.Boolean)
FNDA:0,System.Void MusicTutor.Core.Models.Lesson::.ctor(System.DateTime,System.Int32,System.Decimal,System.Boolean)
DA:13,0
DA:14,0
DA:15,0
DA:16,0
DA:17,0
DA:18,0
DA:19,0
LF:35
LH:0
BRF:2
BRH:0
FNF:14
FNH:0
end_of_record
SF:c:\dev\MusicTutor.API\MusicTutor.Core\Models\Payment.cs
FN:7,System.Guid MusicTutor.Core.Models.Payment::get_Id()
FNDA:0,System.Guid MusicTutor.Core.Models.Payment::get_Id()
DA:8,0
FN:8,System.DateTime MusicTutor.Core.Models.Payment::get_PaymentDate()
FNDA:0,System.DateTime MusicTutor.Core.Models.Payment::get_PaymentDate()
DA:9,0
FN:10,System.Decimal MusicTutor.Core.Models.Payment::get_Amount()
FNDA:0,System.Decimal MusicTutor.Core.Models.Payment::get_Amount()
DA:11,0
FN:12,System.Guid MusicTutor.Core.Models.Payment::get_PupilId()
FNDA:0,System.Guid MusicTutor.Core.Models.Payment::get_PupilId()
DA:13,0
FN:14,MusicTutor.Core.Models.Pupil MusicTutor.Core.Models.Payment::get_Pupil()
FNDA:0,MusicTutor.Core.Models.Pupil MusicTutor.Core.Models.Payment::get_Pupil()
DA:15,0
FN:16,MusicTutor.Core.Models.Enums.PaymentType MusicTutor.Core.Models.Payment::get_Type()
FNDA:0,MusicTutor.Core.Models.Enums.PaymentType MusicTutor.Core.Models.Payment::get_Type()
DA:17,0
FN:28,MusicTutor.Core.Models.Payment MusicTutor.Core.Models.Payment::CreatePayment(System.DateTime,System.Decimal,MusicTutor.Core.Models.Enums.PaymentType)
FNDA:0,MusicTutor.Core.Models.Payment MusicTutor.Core.Models.Payment::CreatePayment(System.DateTime,System.Decimal,MusicTutor.Core.Models.Enums.PaymentType)
DA:29,0
DA:30,0
DA:31,0
DA:32,0
DA:33,0
DA:34,0
DA:35,0
DA:36,0
DA:38,0
DA:39,0
FN:18,System.Void MusicTutor.Core.Models.Payment::.ctor()
FNDA:0,System.Void MusicTutor.Core.Models.Payment::.ctor()
DA:19,0
FN:20,System.Void MusicTutor.Core.Models.Payment::.ctor(System.DateTime,System.Decimal,MusicTutor.Core.Models.Enums.PaymentType)
FNDA:0,System.Void MusicTutor.Core.Models.Payment::.ctor(System.DateTime,System.Decimal,MusicTutor.Core.Models.Enums.PaymentType)
DA:21,0
DA:22,0
DA:23,0
DA:24,0
DA:25,0
DA:26,0
LF:23
LH:0
BRF:0
BRH:0
FNF:9
FNH:0
end_of_record
SF:c:\dev\MusicTutor.API\MusicTutor.Core\Models\Pupil.cs
FN:13,System.Guid MusicTutor.Core.Models.Pupil::get_Id()
FNDA:2,System.Guid MusicTutor.Core.Models.Pupil::get_Id()
DA:14,2
FN:15,System.String MusicTutor.Core.Models.Pupil::get_Name()
FNDA:4,System.String MusicTutor.Core.Models.Pupil::get_Name()
DA:16,4
FN:17,MusicTutor.Core.Models.Contact MusicTutor.Core.Models.Pupil::get_Contact()
FNDA:15,MusicTutor.Core.Models.Contact MusicTutor.Core.Models.Pupil::get_Contact()
DA:18,15
FN:18,System.Decimal MusicTutor.Core.Models.Pupil::get_CurrentLessonRate()
FNDA:4,System.Decimal MusicTutor.Core.Models.Pupil::get_CurrentLessonRate()
DA:19,4
FN:19,System.Decimal MusicTutor.Core.Models.Pupil::get_AccountBalance()
FNDA:5,System.Decimal MusicTutor.Core.Models.Pupil::get_AccountBalance()
DA:20,5
FN:21,System.DateTime MusicTutor.Core.Models.Pupil::get_StartDate()
FNDA:4,System.DateTime MusicTutor.Core.Models.Pupil::get_StartDate()
DA:22,4
FN:23,System.Boolean MusicTutor.Core.Models.Pupil::get_IsActive()
FNDA:3,System.Boolean MusicTutor.Core.Models.Pupil::get_IsActive()
DA:24,3
FN:25,System.Int32 MusicTutor.Core.Models.Pupil::get_FrequencyInDays()
FNDA:4,System.Int32 MusicTutor.Core.Models.Pupil::get_FrequencyInDays()
DA:26,4
FN:27,System.Byte[] MusicTutor.Core.Models.Pupil::get_Timestamp()
FNDA:0,System.Byte[] MusicTutor.Core.Models.Pupil::get_Timestamp()
DA:28,0
FN:30,System.Collections.Generic.IEnumerable`1<MusicTutor.Core.Models.Payment> MusicTutor.Core.Models.Pupil::get_Payments()
FNDA:0,System.Collections.Generic.IEnumerable`1<MusicTutor.Core.Models.Payment> MusicTutor.Core.Models.Pupil::get_Payments()
DA:31,0
FN:33,System.Collections.Generic.IEnumerable`1<MusicTutor.Core.Models.Lesson> MusicTutor.Core.Models.Pupil::get_Lessons()
FNDA:0,System.Collections.Generic.IEnumerable`1<MusicTutor.Core.Models.Lesson> MusicTutor.Core.Models.Pupil::get_Lessons()
DA:34,0
FN:36,System.Collections.Generic.IEnumerable`1<MusicTutor.Core.Models.Instrument> MusicTutor.Core.Models.Pupil::get_Instruments()
FNDA:0,System.Collections.Generic.IEnumerable`1<MusicTutor.Core.Models.Instrument> MusicTutor.Core.Models.Pupil::get_Instruments()
DA:37,0
FN:67,System.Void MusicTutor.Core.Models.Pupil::AddCompletedLesson(System.DateTime,System.Int32,System.Decimal)
FNDA:0,System.Void MusicTutor.Core.Models.Pupil::AddCompletedLesson(System.DateTime,System.Int32,System.Decimal)
DA:68,0
DA:69,0
DA:70,0
DA:71,0
FN:73,System.Void MusicTutor.Core.Models.Pupil::AddPlannedLesson(System.DateTime,System.Int32,System.Decimal)
FNDA:0,System.Void MusicTutor.Core.Models.Pupil::AddPlannedLesson(System.DateTime,System.Int32,System.Decimal)
DA:74,0
DA:75,0
DA:76,0
FN:78,System.Void MusicTutor.Core.Models.Pupil::AddLesson(MusicTutor.Core.Models.Lesson)
FNDA:0,System.Void MusicTutor.Core.Models.Pupil::AddLesson(MusicTutor.Core.Models.Lesson)
DA:79,0
DA:80,0
DA:81,0
DA:82,0
DA:83,0
DA:84,0
DA:85,0
BRDA:81,25,0,0
BRDA:81,25,1,0
FN:87,System.Boolean MusicTutor.Core.Models.Pupil::RemoveLesson(MusicTutor.Core.Models.Lesson)
FNDA:0,System.Boolean MusicTutor.Core.Models.Pupil::RemoveLesson(MusicTutor.Core.Models.Lesson)
DA:88,0
DA:89,0
DA:91,0
DA:92,0
DA:93,0
DA:94,0
DA:96,0
DA:97,0
BRDA:91,19,0,0
BRDA:91,19,1,0
FN:101,System.String MusicTutor.Core.Models.Pupil::InstrumentsToString()
FNDA:0,System.String MusicTutor.Core.Models.Pupil::InstrumentsToString()
DA:102,0
DA:103,0
DA:105,0
DA:106,0
FN:108,System.Boolean MusicTutor.Core.Models.Pupil::AddInstrument(MusicTutor.Core.Models.Instrument)
FNDA:0,System.Boolean MusicTutor.Core.Models.Pupil::AddInstrument(MusicTutor.Core.Models.Instrument)
DA:109,0
DA:110,0
DA:112,0
DA:113,0
FN:115,System.Boolean MusicTutor.Core.Models.Pupil::HasInstrument(System.Guid)
FNDA:0,System.Boolean MusicTutor.Core.Models.Pupil::HasInstrument(System.Guid)
DA:116,0
DA:117,0
DA:119,0
DA:120,0
FN:122,System.Boolean MusicTutor.Core.Models.Pupil::CanRemoveInstrument(System.Guid)
FNDA:0,System.Boolean MusicTutor.Core.Models.Pupil::CanRemoveInstrument(System.Guid)
DA:123,0
DA:124,0
DA:126,0
DA:127,0
BRDA:126,15,0,0
BRDA:126,15,1,0
FN:129,System.Int32 MusicTutor.Core.Models.Pupil::RemoveInstrument(System.Guid)
FNDA:0,System.Int32 MusicTutor.Core.Models.Pupil::RemoveInstrument(System.Guid)
DA:130,0
DA:131,0
DA:133,0
DA:134,0
DA:136,0
DA:137,0
BRDA:133,38,0,0
BRDA:133,38,1,0
FN:139,System.Void MusicTutor.Core.Models.Pupil::AddPayment(MusicTutor.Core.Models.Payment)
FNDA:0,System.Void MusicTutor.Core.Models.Pupil::AddPayment(MusicTutor.Core.Models.Payment)
DA:140,0
DA:141,0
DA:142,0
DA:143,0
FN:145,System.Boolean MusicTutor.Core.Models.Pupil::RemovePayment(MusicTutor.Core.Models.Payment)
FNDA:0,System.Boolean MusicTutor.Core.Models.Pupil::RemovePayment(MusicTutor.Core.Models.Payment)
DA:146,0
DA:147,0
DA:149,0
DA:151,0
DA:152,0
FN:154,System.Void MusicTutor.Core.Models.Pupil::CheckInstrumentCollectionIsLoaded()
FNDA:0,System.Void MusicTutor.Core.Models.Pupil::CheckInstrumentCollectionIsLoaded()
DA:155,0
DA:156,0
DA:157,0
DA:158,0
BRDA:156,12,0,0
BRDA:156,12,1,0
FN:160,System.Void MusicTutor.Core.Models.Pupil::CheckLessonsCollectionIsLoaded()
FNDA:0,System.Void MusicTutor.Core.Models.Pupil::CheckLessonsCollectionIsLoaded()
DA:161,0
DA:162,0
DA:163,0
DA:164,0
BRDA:162,12,0,0
BRDA:162,12,1,0
FN:166,System.Void MusicTutor.Core.Models.Pupil::CheckPaymentsCollectionIsLoaded()
FNDA:0,System.Void MusicTutor.Core.Models.Pupil::CheckPaymentsCollectionIsLoaded()
DA:167,0
DA:168,0
DA:169,0
DA:170,0
BRDA:168,12,0,0
BRDA:168,12,1,0
FN:172,System.Void MusicTutor.Core.Models.Pupil::UpdatePupil(System.String,System.Decimal,System.DateTime,System.Int32,System.String,System.String,System.String)
FNDA:1,System.Void MusicTutor.Core.Models.Pupil::UpdatePupil(System.String,System.Decimal,System.DateTime,System.Int32,System.String,System.String,System.String)
DA:173,1
DA:174,1
DA:175,1
DA:176,1
DA:177,1
DA:178,1
DA:179,1
DA:181,1
DA:182,1
DA:183,1
DA:186,1
BRDA:182,95,0,1
BRDA:182,95,1,1
FN:188,MusicTutor.Core.Models.Pupil MusicTutor.Core.Models.Pupil::CreatePupil(System.String,System.Decimal,System.DateTime,System.Int32,System.Collections.Generic.ICollection`1<MusicTutor.Core.Models.Instrument>,System.String,System.String,System.String)
FNDA:0,MusicTutor.Core.Models.Pupil MusicTutor.Core.Models.Pupil::CreatePupil(System.String,System.Decimal,System.DateTime,System.Int32,System.Collections.Generic.ICollection`1<MusicTutor.Core.Models.Instrument>,System.String,System.String,System.String)
DA:189,0
DA:190,0
DA:191,0
FN:39,System.Void MusicTutor.Core.Models.Pupil::.ctor()
FNDA:3,System.Void MusicTutor.Core.Models.Pupil::.ctor()
DA:40,3
DA:41,3
DA:42,3
DA:43,3
DA:44,3
FN:45,System.Void MusicTutor.Core.Models.Pupil::.ctor(System.String,System.Decimal,System.DateTime,System.Int32,System.Collections.Generic.ICollection`1<MusicTutor.Core.Models.Instrument>,MusicTutor.Core.Models.Contact)
FNDA:1,System.Void MusicTutor.Core.Models.Pupil::.ctor(System.String,System.Decimal,System.DateTime,System.Int32,System.Collections.Generic.ICollection`1<MusicTutor.Core.Models.Instrument>,MusicTutor.Core.Models.Contact)
DA:46,1
DA:47,1
DA:48,1
DA:49,1
DA:50,1
DA:51,1
DA:52,1
DA:54,1
DA:55,0
DA:57,1
DA:59,1
DA:60,0
DA:61,1
BRDA:54,57,0,0
BRDA:54,57,1,1
BRDA:59,95,0,0
BRDA:59,95,1,1
FN:63,System.Void MusicTutor.Core.Models.Pupil::.ctor(System.String,System.Decimal,System.DateTime,System.Int32,System.Collections.Generic.ICollection`1<MusicTutor.Core.Models.Instrument>,System.String,System.String,System.String)
FNDA:1,System.Void MusicTutor.Core.Models.Pupil::.ctor(System.String,System.Decimal,System.DateTime,System.Int32,System.Collections.Generic.ICollection`1<MusicTutor.Core.Models.Instrument>,System.String,System.String,System.String)
DA:64,1
DA:65,2
LF:111
LH:37
BRF:20
BRH:4
FNF:31
FNH:12
end_of_record
SF:c:\dev\MusicTutor.API\MusicTutor.Data.EFCore\MusicTutorDbContext.cs
FN:15,Microsoft.EntityFrameworkCore.DbSet`1<MusicTutor.Core.Models.Pupil> MusicTutor.Data.EFCore.MusicTutorDbContext::get_Pupils()
FNDA:18,Microsoft.EntityFrameworkCore.DbSet`1<MusicTutor.Core.Models.Pupil> MusicTutor.Data.EFCore.MusicTutorDbContext::get_Pupils()
DA:16,18
FN:16,Microsoft.EntityFrameworkCore.DbSet`1<MusicTutor.Core.Models.Instrument> MusicTutor.Data.EFCore.MusicTutorDbContext::get_Instruments()
FNDA:22,Microsoft.EntityFrameworkCore.DbSet`1<MusicTutor.Core.Models.Instrument> MusicTutor.Data.EFCore.MusicTutorDbContext::get_Instruments()
DA:17,22
FN:23,System.Void MusicTutor.Data.EFCore.MusicTutorDbContext::OnConfiguring(Microsoft.EntityFrameworkCore.DbContextOptionsBuilder)
FNDA:12,System.Void MusicTutor.Data.EFCore.MusicTutorDbContext::OnConfiguring(Microsoft.EntityFrameworkCore.DbContextOptionsBuilder)
DA:24,12
DA:25,12
DA:26,12
FN:28,System.Void MusicTutor.Data.EFCore.MusicTutorDbContext::OnModelCreating(Microsoft.EntityFrameworkCore.ModelBuilder)
FNDA:1,System.Void MusicTutor.Data.EFCore.MusicTutorDbContext::OnModelCreating(Microsoft.EntityFrameworkCore.ModelBuilder)
DA:29,1
DA:30,1
DA:31,1
FN:19,System.Void MusicTutor.Data.EFCore.MusicTutorDbContext::.ctor(Microsoft.EntityFrameworkCore.DbContextOptions`1<MusicTutor.Data.EFCore.MusicTutorDbContext>)
FNDA:12,System.Void MusicTutor.Data.EFCore.MusicTutorDbContext::.ctor(Microsoft.EntityFrameworkCore.DbContextOptions`1<MusicTutor.Data.EFCore.MusicTutorDbContext>)
DA:20,12
DA:21,24
LF:10
LH:10
BRF:0
BRH:0
FNF:5
FNH:5
end_of_record
SF:c:\dev\MusicTutor.API\MusicTutor.Data.EFCore\Services\DataServiceEFCore.cs
FN:19,System.Void MusicTutor.Data.EFCore.Services.DataServiceEFCore::RemoveDataStore()
FNDA:0,System.Void MusicTutor.Data.EFCore.Services.DataServiceEFCore::RemoveDataStore()
DA:20,0
DA:22,0
DA:23,0
DA:24,0
DA:25,0
DA:26,0
DA:27,0
DA:28,0
DA:29,0
DA:30,0
FN:32,System.Void MusicTutor.Data.EFCore.Services.DataServiceEFCore::SetupDataStore()
FNDA:0,System.Void MusicTutor.Data.EFCore.Services.DataServiceEFCore::SetupDataStore()
DA:33,0
DA:35,0
DA:36,0
DA:37,0
DA:38,0
DA:39,0
DA:40,0
DA:41,0
DA:42,0
DA:43,0
DA:44,0
DA:45,0
FN:12,System.Void MusicTutor.Data.EFCore.Services.DataServiceEFCore::.ctor(Microsoft.Extensions.Logging.ILogger`1<MusicTutor.Data.EFCore.Services.DataServiceEFCore>,MusicTutor.Data.EFCore.MusicTutorDbContext)
FNDA:0,System.Void MusicTutor.Data.EFCore.Services.DataServiceEFCore::.ctor(Microsoft.Extensions.Logging.ILogger`1<MusicTutor.Data.EFCore.Services.DataServiceEFCore>,MusicTutor.Data.EFCore.MusicTutorDbContext)
DA:13,0
DA:14,0
DA:15,0
DA:16,0
DA:17,0
LF:27
LH:0
BRF:0
BRH:0
FNF:3
FNH:0
end_of_record
SF:c:\dev\MusicTutor.API\MusicTutor.Data.EFCore\Services\SetupHelpers.cs
FN:17,System.Void MusicTutor.Data.EFCore.Services.SetupHelpers::DevelopmentEnsureDeleted(MusicTutor.Data.EFCore.MusicTutorDbContext)
FNDA:0,System.Void MusicTutor.Data.EFCore.Services.SetupHelpers::DevelopmentEnsureDeleted(MusicTutor.Data.EFCore.MusicTutorDbContext)
DA:18,0
DA:19,0
DA:20,0
FN:22,System.Void MusicTutor.Data.EFCore.Services.SetupHelpers::DevelopmentEnsureCreated(MusicTutor.Data.EFCore.MusicTutorDbContext)
FNDA:0,System.Void MusicTutor.Data.EFCore.Services.SetupHelpers::DevelopmentEnsureCreated(MusicTutor.Data.EFCore.MusicTutorDbContext)
DA:23,0
DA:24,0
DA:25,0
FN:27,System.Int32 MusicTutor.Data.EFCore.Services.SetupHelpers::SeedDatabase(MusicTutor.Data.EFCore.MusicTutorDbContext,System.String)
FNDA:1,System.Int32 MusicTutor.Data.EFCore.Services.SetupHelpers::SeedDatabase(MusicTutor.Data.EFCore.MusicTutorDbContext,System.String)
DA:28,1
DA:32,1
DA:33,1
DA:34,0
DA:37,0
DA:39,0
DA:40,0
DA:42,0
DA:44,1
DA:45,1
BRDA:33,19,0,0
BRDA:33,19,1,1
FN:47,System.Void MusicTutor.Data.EFCore.Services.SetupHelpers::SeedInstruments(MusicTutor.Data.EFCore.MusicTutorDbContext,System.String)
FNDA:0,System.Void MusicTutor.Data.EFCore.Services.SetupHelpers::SeedInstruments(MusicTutor.Data.EFCore.MusicTutorDbContext,System.String)
DA:48,0
DA:49,0
DA:50,0
DA:52,0
DA:53,0
LF:21
LH:5
BRF:2
BRH:1
FNF:4
FNH:1
end_of_record
SF:c:\dev\MusicTutor.API\MusicTutor.Data.EFCore\Configuration\LessonConfiguration.cs
FN:10,System.Void MusicTutor.Data.EFCore.Configurations.LessonConfiguration::Configure(Microsoft.EntityFrameworkCore.Metadata.Builders.EntityTypeBuilder`1<MusicTutor.Core.Models.Lesson>)
FNDA:1,System.Void MusicTutor.Data.EFCore.Configurations.LessonConfiguration::Configure(Microsoft.EntityFrameworkCore.Metadata.Builders.EntityTypeBuilder`1<MusicTutor.Core.Models.Lesson>)
DA:11,1
DA:12,1
DA:13,1
DA:14,1
DA:15,1
DA:16,1
LF:6
LH:6
BRF:0
BRH:0
FNF:1
FNH:1
end_of_record
SF:c:\dev\MusicTutor.API\MusicTutor.Data.EFCore\Configuration\InstrumentConfiguration.cs
FN:10,System.Void MusicTutor.Data.EFCore.Configuration.InstrumentConfiguration::Configure(Microsoft.EntityFrameworkCore.Metadata.Builders.EntityTypeBuilder`1<MusicTutor.Core.Models.Instrument>)
FNDA:1,System.Void MusicTutor.Data.EFCore.Configuration.InstrumentConfiguration::Configure(Microsoft.EntityFrameworkCore.Metadata.Builders.EntityTypeBuilder`1<MusicTutor.Core.Models.Instrument>)
DA:11,1
DA:12,1
DA:13,1
DA:14,1
DA:15,1
DA:17,1
DA:18,1
DA:19,1
DA:20,1
LF:9
LH:9
BRF:0
BRH:0
FNF:1
FNH:1
end_of_record
SF:c:\dev\MusicTutor.API\MusicTutor.Data.EFCore\Configuration\PupilConfiguration.cs
FN:10,System.Void MusicTutor.Data.EFCore.Configuration.PupilConfiguration::Configure(Microsoft.EntityFrameworkCore.Metadata.Builders.EntityTypeBuilder`1<MusicTutor.Core.Models.Pupil>)
FNDA:1,System.Void MusicTutor.Data.EFCore.Configuration.PupilConfiguration::Configure(Microsoft.EntityFrameworkCore.Metadata.Builders.EntityTypeBuilder`1<MusicTutor.Core.Models.Pupil>)
DA:11,1
DA:12,1
DA:13,1
DA:14,1
DA:15,1
DA:17,1
DA:18,1
DA:19,1
DA:20,1
DA:22,1
DA:23,1
DA:24,1
DA:25,1
DA:27,1
DA:28,1
DA:29,1
DA:31,1
DA:32,1
DA:33,1
DA:34,1
DA:35,1
DA:36,1
DA:37,1
DA:38,1
DA:39,1
DA:40,1
LF:26
LH:26
BRF:0
BRH:0
FNF:1
FNH:1
end_of_record