SF:C:\dev\MusicTutor.API\MusicTutor.Api\Program.cs
FN:15,System.Void MusicTutor.Api.Program::Main(System.String[])
FNDA:0,System.Void MusicTutor.Api.Program::Main(System.String[])
DA:16,0
DA:17,0
DA:18,0
FN:20,Microsoft.Extensions.Hosting.IHostBuilder MusicTutor.Api.Program::CreateHostBuilder(System.String[])
FNDA:3,Microsoft.Extensions.Hosting.IHostBuilder MusicTutor.Api.Program::CreateHostBuilder(System.String[])
DA:21,3
DA:22,3
DA:23,3
DA:24,3
DA:25,3
LF:8
LH:5
BRF:0
BRH:0
FNF:2
FNH:1
end_of_record
SF:C:\dev\MusicTutor.API\MusicTutor.Api\Startup.cs
FN:28,Microsoft.Extensions.Configuration.IConfiguration MusicTutor.Api.Startup::get_Configuration()
FNDA:6,Microsoft.Extensions.Configuration.IConfiguration MusicTutor.Api.Startup::get_Configuration()
DA:29,6
FN:32,System.Void MusicTutor.Api.Startup::ConfigureServices(Microsoft.Extensions.DependencyInjection.IServiceCollection)
FNDA:3,System.Void MusicTutor.Api.Startup::ConfigureServices(Microsoft.Extensions.DependencyInjection.IServiceCollection)
DA:33,3
DA:34,3
DA:35,3
FN:38,System.Void MusicTutor.Api.Startup::Configure(Microsoft.AspNetCore.Builder.IApplicationBuilder,Microsoft.AspNetCore.Hosting.IWebHostEnvironment)
FNDA:3,System.Void MusicTutor.Api.Startup::Configure(Microsoft.AspNetCore.Builder.IApplicationBuilder,Microsoft.AspNetCore.Hosting.IWebHostEnvironment)
DA:39,3
DA:41,3
DA:42,3
DA:43,3
DA:44,3
DA:46,3
DA:48,3
DA:49,3
DA:50,3
DA:51,3
DA:52,3
DA:53,3
DA:55,3
DA:57,3
DA:59,3
DA:61,3
DA:62,3
DA:63,3
DA:64,3
DA:65,3
DA:67,3
DA:68,3
BRDA:41,15,0,3
BRDA:41,15,1,3
FN:23,System.Void MusicTutor.Api.Startup::.ctor(Microsoft.Extensions.Configuration.IConfiguration)
FNDA:3,System.Void MusicTutor.Api.Startup::.ctor(Microsoft.Extensions.Configuration.IConfiguration)
DA:24,3
DA:25,3
DA:26,3
DA:27,3
LF:30
LH:30
BRF:2
BRH:2
FNF:4
FNH:4
end_of_record
SF:C:\dev\MusicTutor.API\MusicTutor.Api\Validators\Pupils\CreatePupilInstrumentLinkValidator.cs
FN:8,System.Void MusicTutor.Api.Validators.Pupils.CreatePupilInstrumentLinkValidator::.ctor(MusicTutor.Api.Validators.Pupils.IDbValidator)
FNDA:1,System.Void MusicTutor.Api.Validators.Pupils.CreatePupilInstrumentLinkValidator::.ctor(MusicTutor.Api.Validators.Pupils.IDbValidator)
DA:9,1
DA:10,1
DA:11,1
DA:13,1
DA:14,1
DA:15,1
DA:17,1
DA:18,1
DA:19,1
DA:20,1
DA:21,1
LF:11
LH:11
BRF:0
BRH:0
FNF:1
FNH:1
end_of_record
SF:C:\dev\MusicTutor.API\MusicTutor.Api\Validators\Pupils\CreatePupilValidator.cs
FN:14,System.Void MusicTutor.Api.Validators.Pupils.CreatePupilValidator::.ctor(MusicTutor.Api.Validators.Pupils.IDbValidator)
FNDA:3,System.Void MusicTutor.Api.Validators.Pupils.CreatePupilValidator::.ctor(MusicTutor.Api.Validators.Pupils.IDbValidator)
DA:15,3
DA:16,3
DA:17,3
DA:19,3
DA:20,3
DA:21,3
DA:23,3
DA:24,3
DA:25,3
DA:26,3
LF:10
LH:10
BRF:0
BRH:0
FNF:1
FNH:1
end_of_record
SF:C:\dev\MusicTutor.API\MusicTutor.Api\Validators\Pupils\DbValidator.cs
FN:12,System.Void MusicTutor.Api.Validators.Pupils.DbValidator::.ctor(MusicTutor.Core.Services.IMusicTutorDbContext)
FNDA:6,System.Void MusicTutor.Api.Validators.Pupils.DbValidator::.ctor(MusicTutor.Core.Services.IMusicTutorDbContext)
DA:13,6
DA:14,6
DA:15,6
DA:16,6
FN:18,System.Void MusicTutor.Api.Validators.Pupils.DbValidator/<InstrumentAlreadyExistsAsync>d__2::MoveNext()
FNDA:4,System.Void MusicTutor.Api.Validators.Pupils.DbValidator/<InstrumentAlreadyExistsAsync>d__2::MoveNext()
DA:19,4
DA:20,4
DA:21,4
FN:23,System.Void MusicTutor.Api.Validators.Pupils.DbValidator/<PupilAlreadyExistsAsync>d__3::MoveNext()
FNDA:0,System.Void MusicTutor.Api.Validators.Pupils.DbValidator/<PupilAlreadyExistsAsync>d__3::MoveNext()
DA:24,0
DA:25,0
DA:26,0
FN:28,System.Void MusicTutor.Api.Validators.Pupils.DbValidator/<PupilInstrumentCanBeRemovedAsync>d__4::MoveNext()
FNDA:1,System.Void MusicTutor.Api.Validators.Pupils.DbValidator/<PupilInstrumentCanBeRemovedAsync>d__4::MoveNext()
DA:29,1
DA:30,1
DA:31,1
DA:32,0
DA:34,1
DA:35,1
BRDA:31,401,0,0
BRDA:31,401,1,1
LF:16
LH:12
BRF:2
BRH:1
FNF:4
FNH:3
end_of_record
SF:C:\dev\MusicTutor.API\MusicTutor.Api\Validators\Pupils\DeletePupilInstrumentLinkValidator.cs
FN:8,System.Void MusicTutor.Api.Validators.Pupils.DeletePupilInstrumentLinkValidator::.ctor(MusicTutor.Api.Validators.Pupils.IDbValidator)
FNDA:1,System.Void MusicTutor.Api.Validators.Pupils.DeletePupilInstrumentLinkValidator::.ctor(MusicTutor.Api.Validators.Pupils.IDbValidator)
DA:9,1
DA:10,1
DA:11,1
DA:13,1
DA:14,1
DA:15,1
DA:17,1
DA:18,1
DA:19,1
DA:21,1
DA:22,1
DA:23,1
LF:12
LH:12
BRF:0
BRH:0
FNF:1
FNH:1
end_of_record
SF:C:\dev\MusicTutor.API\MusicTutor.Api\Validators\Pupils\UpdatePupilValidator.cs
FN:14,System.Void MusicTutor.Api.Validators.Pupils.UpdatePupilValidator::.ctor(MusicTutor.Api.Validators.Pupils.IDbValidator)
FNDA:1,System.Void MusicTutor.Api.Validators.Pupils.UpdatePupilValidator::.ctor(MusicTutor.Api.Validators.Pupils.IDbValidator)
DA:15,1
DA:16,1
DA:17,1
DA:19,1
DA:20,1
DA:21,1
DA:23,1
LF:7
LH:7
BRF:0
BRH:0
FNF:1
FNH:1
end_of_record
SF:C:\dev\MusicTutor.API\MusicTutor.Api\Validators\Instruments\CreateInstrumentValidator.cs
FN:8,System.Void MusicTutor.Api.Validators.Instruments.CreateInstrumentValidator::.ctor()
FNDA:6,System.Void MusicTutor.Api.Validators.Instruments.CreateInstrumentValidator::.ctor()
DA:9,6
DA:10,6
DA:11,6
DA:12,6
DA:13,6
DA:14,6
LF:6
LH:6
BRF:0
BRH:0
FNF:1
FNH:1
end_of_record
SF:C:\dev\MusicTutor.API\MusicTutor.Api\Settings\SwaggerSettings.cs
FN:4,System.String MusicTutor.Api.Settings.SwaggerSettings::get_Url()
FNDA:9,System.String MusicTutor.Api.Settings.SwaggerSettings::get_Url()
DA:5,9
FN:6,System.String MusicTutor.Api.Settings.SwaggerSettings::get_Name()
FNDA:9,System.String MusicTutor.Api.Settings.SwaggerSettings::get_Name()
DA:7,9
LF:2
LH:2
BRF:0
BRH:0
FNF:2
FNH:2
end_of_record
SF:C:\dev\MusicTutor.API\MusicTutor.Api\Queries\Pupils\GetAllPupils.cs
FN:7,System.Void MusicTutor.Api.Queries.Pupils.GetAllPupils::.ctor()
FNDA:1,System.Void MusicTutor.Api.Queries.Pupils.GetAllPupils::.ctor()
DA:8,1
LF:1
LH:1
BRF:0
BRH:0
FNF:1
FNH:1
end_of_record
SF:C:\dev\MusicTutor.API\MusicTutor.Api\Queries\Pupils\GetPupilById.cs
FN:6,System.Guid MusicTutor.Api.Queries.Pupils.GetPupilById::get_Id()
FNDA:6,System.Guid MusicTutor.Api.Queries.Pupils.GetPupilById::get_Id()
DA:7,6
LF:1
LH:1
BRF:0
BRH:0
FNF:1
FNH:1
end_of_record
SF:C:\dev\MusicTutor.API\MusicTutor.Api\Queries\Pupils\GetPupilInstruments.cs
FN:8,System.Guid MusicTutor.Api.Queries.Pupils.GetPupilInstruments::get_pupilId()
FNDA:3,System.Guid MusicTutor.Api.Queries.Pupils.GetPupilInstruments::get_pupilId()
DA:9,3
LF:1
LH:1
BRF:0
BRH:0
FNF:1
FNH:1
end_of_record
SF:C:\dev\MusicTutor.API\MusicTutor.Api\Queries\Pupils\GetPupilLessonById.cs
FN:7,System.Guid MusicTutor.Api.Queries.Pupils.GetPupilLessonById::get_PupilId()
FNDA:0,System.Guid MusicTutor.Api.Queries.Pupils.GetPupilLessonById::get_PupilId()
DA:8,0
LF:1
LH:0
BRF:0
BRH:0
FNF:1
FNH:0
end_of_record
SF:C:\dev\MusicTutor.API\MusicTutor.Api\Queries\Pupils\GetPupilLessons.cs
FN:7,System.Guid MusicTutor.Api.Queries.Pupils.GetPupilLessons::get_pupilId()
FNDA:0,System.Guid MusicTutor.Api.Queries.Pupils.GetPupilLessons::get_pupilId()
DA:8,0
LF:1
LH:0
BRF:0
BRH:0
FNF:1
FNH:0
end_of_record
SF:C:\dev\MusicTutor.API\MusicTutor.Api\Queries\Pupils\GetPupilPaymentById.cs
FN:7,System.Guid MusicTutor.Api.Queries.Pupils.GetPupilPaymentById::get_PupilId()
FNDA:0,System.Guid MusicTutor.Api.Queries.Pupils.GetPupilPaymentById::get_PupilId()
DA:8,0
LF:1
LH:0
BRF:0
BRH:0
FNF:1
FNH:0
end_of_record
SF:C:\dev\MusicTutor.API\MusicTutor.Api\Queries\Pupils\GetPupilPayments.cs
FN:7,System.Guid MusicTutor.Api.Queries.Pupils.GetPupilPayments::get_pupilId()
FNDA:0,System.Guid MusicTutor.Api.Queries.Pupils.GetPupilPayments::get_pupilId()
DA:8,0
LF:1
LH:0
BRF:0
BRH:0
FNF:1
FNH:0
end_of_record
SF:C:\dev\MusicTutor.API\MusicTutor.Api\Queries\Instruments\GetInstrumentById.cs
FN:6,System.Guid MusicTutor.Api.Queries.Instruments.GetInstrumentById::get_Id()
FNDA:9,System.Guid MusicTutor.Api.Queries.Instruments.GetInstrumentById::get_Id()
DA:7,9
LF:1
LH:1
BRF:0
BRH:0
FNF:1
FNH:1
end_of_record
SF:C:\dev\MusicTutor.API\MusicTutor.Api\Installers\DbInstaller.cs
FN:13,System.Void MusicTutor.Api.Installers.DbInstaller::InstallServices(Microsoft.Extensions.DependencyInjection.IServiceCollection,Microsoft.Extensions.Configuration.IConfiguration)
FNDA:3,System.Void MusicTutor.Api.Installers.DbInstaller::InstallServices(Microsoft.Extensions.DependencyInjection.IServiceCollection,Microsoft.Extensions.Configuration.IConfiguration)
DA:14,3
DA:15,77
DA:20,30
DA:22,3
DA:24,3
DA:26,3
DA:27,3
LF:7
LH:7
BRF:0
BRH:0
FNF:1
FNH:1
end_of_record
SF:C:\dev\MusicTutor.API\MusicTutor.Api\Installers\InstallerExtensions.cs
FN:10,System.Void MusicTutor.Api.Installers.InstallerExtensions::InstallServicesInAssemblyOf(Microsoft.Extensions.DependencyInjection.IServiceCollection,Microsoft.Extensions.Configuration.IConfiguration)
FNDA:3,System.Void MusicTutor.Api.Installers.InstallerExtensions::InstallServicesInAssemblyOf(Microsoft.Extensions.DependencyInjection.IServiceCollection,Microsoft.Extensions.Configuration.IConfiguration)
DA:11,3
DA:12,3
DA:13,276
DA:14,3
DA:16,18
DA:17,3
BRDA:12,47,0,1
BRDA:12,47,1,3
BRDA:13,16,0,18
BRDA:13,24,0,15
BRDA:13,16,1,261
BRDA:13,24,1,261
LF:6
LH:6
BRF:6
BRH:6
FNF:1
FNH:1
end_of_record
SF:C:\dev\MusicTutor.API\MusicTutor.Api\Installers\MapsterInstaller.cs
FN:11,System.Void MusicTutor.Api.Installers.MapsterInstaller::InstallServices(Microsoft.Extensions.DependencyInjection.IServiceCollection,Microsoft.Extensions.Configuration.IConfiguration)
FNDA:3,System.Void MusicTutor.Api.Installers.MapsterInstaller::InstallServices(Microsoft.Extensions.DependencyInjection.IServiceCollection,Microsoft.Extensions.Configuration.IConfiguration)
DA:12,3
DA:13,3
DA:14,3
DA:16,3
DA:17,3
DA:19,3
DA:21,3
DA:22,3
DA:23,3
LF:9
LH:9
BRF:0
BRH:0
FNF:1
FNH:1
end_of_record
SF:C:\dev\MusicTutor.API\MusicTutor.Api\Installers\MediatRInstaller.cs
FN:10,System.Void MusicTutor.Api.Installers.MediatRInstaller::InstallServices(Microsoft.Extensions.DependencyInjection.IServiceCollection,Microsoft.Extensions.Configuration.IConfiguration)
FNDA:3,System.Void MusicTutor.Api.Installers.MediatRInstaller::InstallServices(Microsoft.Extensions.DependencyInjection.IServiceCollection,Microsoft.Extensions.Configuration.IConfiguration)
DA:11,3
DA:12,3
DA:13,3
LF:3
LH:3
BRF:0
BRH:0
FNF:1
FNH:1
end_of_record
SF:C:\dev\MusicTutor.API\MusicTutor.Api\Installers\MvcInstaller.cs
FN:22,System.Void MusicTutor.Api.Installers.MvcInstaller::InstallServices(Microsoft.Extensions.DependencyInjection.IServiceCollection,Microsoft.Extensions.Configuration.IConfiguration)
FNDA:3,System.Void MusicTutor.Api.Installers.MvcInstaller::InstallServices(Microsoft.Extensions.DependencyInjection.IServiceCollection,Microsoft.Extensions.Configuration.IConfiguration)
DA:23,3
DA:24,3
DA:26,3
DA:27,3
DA:28,3
DA:29,3
DA:30,3
DA:31,3
DA:32,3
DA:33,3
DA:34,3
DA:35,3
DA:38,3
DA:39,3
DA:40,3
DA:41,3
DA:42,3
DA:43,3
DA:44,3
DA:45,3
DA:46,3
DA:47,3
DA:48,3
DA:49,3
DA:50,3
DA:51,3
DA:52,3
DA:53,3
DA:54,3
DA:55,3
DA:56,3
DA:57,3
DA:58,3
DA:60,4
DA:61,3
DA:63,3
DA:65,3
DA:66,3
DA:67,3
LF:39
LH:39
BRF:0
BRH:0
FNF:1
FNH:1
end_of_record
SF:C:\dev\MusicTutor.API\MusicTutor.Api\Installers\SwaggerInstaller.cs
FN:13,System.Void MusicTutor.Api.Installers.SwaggerInstaller::InstallServices(Microsoft.Extensions.DependencyInjection.IServiceCollection,Microsoft.Extensions.Configuration.IConfiguration)
FNDA:3,System.Void MusicTutor.Api.Installers.SwaggerInstaller::InstallServices(Microsoft.Extensions.DependencyInjection.IServiceCollection,Microsoft.Extensions.Configuration.IConfiguration)
DA:14,3
DA:16,3
DA:17,3
DA:18,3
DA:19,3
DA:20,3
DA:21,3
DA:22,3
DA:23,3
DA:24,3
DA:25,3
DA:26,3
LF:12
LH:12
BRF:0
BRH:0
FNF:1
FNH:1
end_of_record
SF:C:\dev\MusicTutor.API\MusicTutor.Api\Helpers\DatabaseStartupHelpers.cs
FN:10,Microsoft.Extensions.Hosting.IHost MusicTutor.Api.Helpers.DatabaseStartupHelpers::SetupDevelopmentDatabase(Microsoft.Extensions.Hosting.IHost)
FNDA:0,Microsoft.Extensions.Hosting.IHost MusicTutor.Api.Helpers.DatabaseStartupHelpers::SetupDevelopmentDatabase(Microsoft.Extensions.Hosting.IHost)
DA:11,0
DA:12,0
DA:13,0
DA:14,0
DA:16,0
DA:17,0
DA:18,0
DA:19,0
DA:21,0
DA:22,0
LF:10
LH:0
BRF:0
BRH:0
FNF:1
FNH:0
end_of_record
SF:C:\dev\MusicTutor.API\MusicTutor.Api\Handlers\Pupils\CreatePupilHandler.cs
FN:14,MusicTutor.Core.Services.IMusicTutorDbContext MusicTutor.Api.EFCore.Handlers.Pupils.CreatePupilHandler::get_DbContext()
FNDA:21,MusicTutor.Core.Services.IMusicTutorDbContext MusicTutor.Api.EFCore.Handlers.Pupils.CreatePupilHandler::get_DbContext()
DA:15,21
FN:15,System.Void MusicTutor.Api.EFCore.Handlers.Pupils.CreatePupilHandler::.ctor(MusicTutor.Core.Services.IMusicTutorDbContext,MapsterMapper.IMapper)
FNDA:3,System.Void MusicTutor.Api.EFCore.Handlers.Pupils.CreatePupilHandler::.ctor(MusicTutor.Core.Services.IMusicTutorDbContext,MapsterMapper.IMapper)
DA:16,3
DA:17,3
DA:18,3
DA:19,3
DA:20,3
DA:21,3
DA:22,0
DA:23,3
DA:24,3
DA:25,3
DA:26,3
DA:27,3
DA:28,3
DA:29,3
DA:30,3
DA:31,3
DA:32,3
LF:18
LH:17
BRF:2
BRH:1
FNF:2
FNH:2
end_of_record
SF:C:\dev\MusicTutor.API\MusicTutor.Api\Handlers\Pupils\DeletePupilHandler.cs
FN:9,MusicTutor.Core.Services.IMusicTutorDbContext MusicTutor.Api.EFCore.Handlers.Pupils.DeletePupilHandler::get_DbContext()
FNDA:4,MusicTutor.Core.Services.IMusicTutorDbContext MusicTutor.Api.EFCore.Handlers.Pupils.DeletePupilHandler::get_DbContext()
DA:10,4
FN:10,System.Void MusicTutor.Api.EFCore.Handlers.Pupils.DeletePupilHandler::.ctor(MusicTutor.Core.Services.IMusicTutorDbContext)
FNDA:1,System.Void MusicTutor.Api.EFCore.Handlers.Pupils.DeletePupilHandler::.ctor(MusicTutor.Core.Services.IMusicTutorDbContext)
DA:11,1
DA:12,1
DA:13,1
DA:14,1
DA:15,1
DA:16,1
DA:17,1
DA:18,1
DA:19,1
DA:20,1
DA:21,1
DA:22,1
DA:23,1
DA:24,1
DA:25,1
LF:16
LH:16
BRF:2
BRH:2
FNF:2
FNH:2
end_of_record
SF:C:\dev\MusicTutor.API\MusicTutor.Api\Handlers\Pupils\Extensions\PupilExtensions.cs
FN:11,System.Void MusicTutor.Api.EFCore.Handlers.Pupils.PupilExtensions/<GetPupilAsync>d__0::MoveNext()
FNDA:2,System.Void MusicTutor.Api.EFCore.Handlers.Pupils.PupilExtensions/<GetPupilAsync>d__0::MoveNext()
DA:12,2
DA:13,2
DA:14,2
FN:16,System.Void MusicTutor.Api.EFCore.Handlers.Pupils.PupilExtensions/<GetPupilWithInstrumentsAsync>d__1::MoveNext()
FNDA:3,System.Void MusicTutor.Api.EFCore.Handlers.Pupils.PupilExtensions/<GetPupilWithInstrumentsAsync>d__1::MoveNext()
DA:17,3
DA:18,3
DA:19,3
FN:21,System.Void MusicTutor.Api.EFCore.Handlers.Pupils.PupilExtensions/<GetPupilWithLessonsForUserAsync>d__2::MoveNext()
FNDA:0,System.Void MusicTutor.Api.EFCore.Handlers.Pupils.PupilExtensions/<GetPupilWithLessonsForUserAsync>d__2::MoveNext()
DA:22,0
DA:23,0
DA:24,0
FN:26,System.Void MusicTutor.Api.EFCore.Handlers.Pupils.PupilExtensions/<GetPupilWithPaymentsForUserAsync>d__3::MoveNext()
FNDA:0,System.Void MusicTutor.Api.EFCore.Handlers.Pupils.PupilExtensions/<GetPupilWithPaymentsForUserAsync>d__3::MoveNext()
DA:27,0
DA:28,0
DA:29,0
LF:12
LH:6
BRF:0
BRH:0
FNF:4
FNH:2
end_of_record
SF:C:\dev\MusicTutor.API\MusicTutor.Api\Handlers\Pupils\GetAllPupilsHandler.cs
FN:15,MusicTutor.Core.Services.IMusicTutorDbContext MusicTutor.Api.EFCore.Handlers.Pupils.GetAllPupilsHandler::get_DbContext()
FNDA:3,MusicTutor.Core.Services.IMusicTutorDbContext MusicTutor.Api.EFCore.Handlers.Pupils.GetAllPupilsHandler::get_DbContext()
DA:16,3
FN:16,System.Void MusicTutor.Api.EFCore.Handlers.Pupils.GetAllPupilsHandler::.ctor(MusicTutor.Core.Services.IMusicTutorDbContext,MapsterMapper.IMapper)
FNDA:1,System.Void MusicTutor.Api.EFCore.Handlers.Pupils.GetAllPupilsHandler::.ctor(MusicTutor.Core.Services.IMusicTutorDbContext,MapsterMapper.IMapper)
DA:17,1
DA:18,1
DA:19,1
DA:20,1
DA:21,1
DA:22,1
DA:23,1
DA:24,1
LF:9
LH:9
BRF:0
BRH:0
FNF:2
FNH:2
end_of_record
SF:C:\dev\MusicTutor.API\MusicTutor.Api\Handlers\Pupils\GetPupilByIdHandler.cs
FN:14,MusicTutor.Core.Services.IMusicTutorDbContext MusicTutor.Api.EFCore.Handlers.Pupils.GetPupilByIdHandler::get_DbContext()
FNDA:6,MusicTutor.Core.Services.IMusicTutorDbContext MusicTutor.Api.EFCore.Handlers.Pupils.GetPupilByIdHandler::get_DbContext()
DA:15,6
FN:15,System.Void MusicTutor.Api.EFCore.Handlers.Pupils.GetPupilByIdHandler::.ctor(MusicTutor.Core.Services.IMusicTutorDbContext,MapsterMapper.IMapper)
FNDA:2,System.Void MusicTutor.Api.EFCore.Handlers.Pupils.GetPupilByIdHandler::.ctor(MusicTutor.Core.Services.IMusicTutorDbContext,MapsterMapper.IMapper)
DA:16,2
DA:17,2
DA:18,2
DA:19,2
DA:20,2
DA:21,2
DA:22,2
DA:23,2
LF:9
LH:9
BRF:0
BRH:0
FNF:2
FNH:2
end_of_record
SF:C:\dev\MusicTutor.API\MusicTutor.Api\Handlers\Pupils\PupilInstruments\CreatePupilInstrumentLinkHandler.cs
FN:13,MusicTutor.Core.Services.IMusicTutorDbContext MusicTutor.Api.EFCore.Handlers.Pupils.CreatePupilInstrumentLinkHandler::get_DbContext()
FNDA:6,MusicTutor.Core.Services.IMusicTutorDbContext MusicTutor.Api.EFCore.Handlers.Pupils.CreatePupilInstrumentLinkHandler::get_DbContext()
DA:14,6
FN:14,System.Void MusicTutor.Api.EFCore.Handlers.Pupils.CreatePupilInstrumentLinkHandler::.ctor(MusicTutor.Core.Services.IMusicTutorDbContext,MapsterMapper.IMapper)
FNDA:1,System.Void MusicTutor.Api.EFCore.Handlers.Pupils.CreatePupilInstrumentLinkHandler::.ctor(MusicTutor.Core.Services.IMusicTutorDbContext,MapsterMapper.IMapper)
DA:15,1
DA:16,1
DA:17,1
DA:18,1
DA:19,1
DA:20,0
DA:21,1
DA:22,1
DA:23,1
DA:24,1
DA:25,0
DA:26,1
DA:27,1
DA:28,1
DA:29,1
DA:30,1
DA:31,1
DA:32,1
DA:33,1
LF:20
LH:18
BRF:4
BRH:2
FNF:2
FNH:2
end_of_record
SF:C:\dev\MusicTutor.API\MusicTutor.Api\Handlers\Pupils\PupilInstruments\DeletePupilInstrumentLinkHandler.cs
FN:9,MusicTutor.Core.Services.IMusicTutorDbContext MusicTutor.Api.EFCore.Handlers.Pupils.DeletePupilInstrumentLinkHandler::get_DbContext()
FNDA:3,MusicTutor.Core.Services.IMusicTutorDbContext MusicTutor.Api.EFCore.Handlers.Pupils.DeletePupilInstrumentLinkHandler::get_DbContext()
DA:10,3
FN:10,System.Void MusicTutor.Api.EFCore.Handlers.Pupils.DeletePupilInstrumentLinkHandler::.ctor(MusicTutor.Core.Services.IMusicTutorDbContext)
FNDA:1,System.Void MusicTutor.Api.EFCore.Handlers.Pupils.DeletePupilInstrumentLinkHandler::.ctor(MusicTutor.Core.Services.IMusicTutorDbContext)
DA:11,1
DA:12,1
DA:13,1
DA:14,1
DA:15,1
DA:16,0
DA:17,1
DA:18,1
DA:19,1
DA:20,1
DA:21,1
DA:22,1
DA:23,1
DA:24,1
DA:25,1
LF:16
LH:15
BRF:4
BRH:3
FNF:2
FNH:2
end_of_record
SF:C:\dev\MusicTutor.API\MusicTutor.Api\Handlers\Pupils\PupilInstruments\GetPupilInstrumentsHandler.cs
FN:12,MusicTutor.Core.Services.IMusicTutorDbContext MusicTutor.Api.EFCore.Handlers.Pupils.GetPupilInstrumentsHandler::get_DbContext()
FNDA:4,MusicTutor.Core.Services.IMusicTutorDbContext MusicTutor.Api.EFCore.Handlers.Pupils.GetPupilInstrumentsHandler::get_DbContext()
DA:13,4
FN:13,System.Void MusicTutor.Api.EFCore.Handlers.Pupils.GetPupilInstrumentsHandler::.ctor(MusicTutor.Core.Services.IMusicTutorDbContext,MapsterMapper.IMapper)
FNDA:1,System.Void MusicTutor.Api.EFCore.Handlers.Pupils.GetPupilInstrumentsHandler::.ctor(MusicTutor.Core.Services.IMusicTutorDbContext,MapsterMapper.IMapper)
DA:14,1
DA:15,1
DA:16,1
DA:17,1
DA:18,1
DA:19,1
DA:20,0
DA:21,1
DA:22,1
DA:23,1
DA:24,1
LF:12
LH:11
BRF:2
BRH:1
FNF:2
FNH:2
end_of_record
SF:C:\dev\MusicTutor.API\MusicTutor.Api\Handlers\Pupils\PupilLessons\CreatePupilLessonHandler.cs
FN:12,MusicTutor.Core.Services.IMusicTutorDbContext MusicTutor.Api.EFCore.Handlers.Pupils.CreatePupilLessonHandler::get_DbContext()
FNDA:0,MusicTutor.Core.Services.IMusicTutorDbContext MusicTutor.Api.EFCore.Handlers.Pupils.CreatePupilLessonHandler::get_DbContext()
DA:13,0
FN:13,System.Void MusicTutor.Api.EFCore.Handlers.Pupils.CreatePupilLessonHandler::.ctor(MusicTutor.Core.Services.IMusicTutorDbContext,MapsterMapper.IMapper)
FNDA:0,System.Void MusicTutor.Api.EFCore.Handlers.Pupils.CreatePupilLessonHandler::.ctor(MusicTutor.Core.Services.IMusicTutorDbContext,MapsterMapper.IMapper)
DA:14,0
DA:15,0
DA:16,0
DA:17,0
DA:18,0
DA:19,0
DA:20,0
DA:21,0
DA:22,0
DA:23,0
DA:24,0
DA:25,0
DA:26,0
DA:27,0
DA:28,0
DA:29,0
DA:30,0
LF:18
LH:0
BRF:2
BRH:0
FNF:2
FNH:0
end_of_record
SF:C:\dev\MusicTutor.API\MusicTutor.Api\Handlers\Pupils\PupilLessons\DeletePupilLessonHandler.cs
FN:10,MusicTutor.Core.Services.IMusicTutorDbContext MusicTutor.Api.EFCore.Handlers.Pupils.DeletePupilLessonHandler::get_DbContext()
FNDA:0,MusicTutor.Core.Services.IMusicTutorDbContext MusicTutor.Api.EFCore.Handlers.Pupils.DeletePupilLessonHandler::get_DbContext()
DA:11,0
FN:11,System.Void MusicTutor.Api.EFCore.Handlers.Pupils.DeletePupilLessonHandler::.ctor(MusicTutor.Core.Services.IMusicTutorDbContext)
FNDA:0,System.Void MusicTutor.Api.EFCore.Handlers.Pupils.DeletePupilLessonHandler::.ctor(MusicTutor.Core.Services.IMusicTutorDbContext)
DA:12,0
DA:13,0
DA:14,0
DA:15,0
DA:16,0
DA:17,0
DA:18,0
DA:19,0
DA:20,0
DA:21,0
DA:22,0
DA:23,0
DA:24,0
DA:25,0
DA:26,0
DA:27,0
DA:28,0
DA:29,0
DA:30,0
DA:31,0
DA:32,0
DA:33,0
DA:34,0
DA:35,0
LF:25
LH:0
BRF:6
BRH:0
FNF:2
FNH:0
end_of_record
SF:C:\dev\MusicTutor.API\MusicTutor.Api\Handlers\Pupils\PupilLessons\GetPupilLessonByIdHandler.cs
FN:12,MusicTutor.Core.Services.IMusicTutorDbContext MusicTutor.Api.EFCore.Handlers.Pupils.GetPupilLessonByIdHandler::get_DbContext()
FNDA:0,MusicTutor.Core.Services.IMusicTutorDbContext MusicTutor.Api.EFCore.Handlers.Pupils.GetPupilLessonByIdHandler::get_DbContext()
DA:13,0
FN:13,System.Void MusicTutor.Api.EFCore.Handlers.Pupils.GetPupilLessonByIdHandler::.ctor(MusicTutor.Core.Services.IMusicTutorDbContext,MapsterMapper.IMapper)
FNDA:0,System.Void MusicTutor.Api.EFCore.Handlers.Pupils.GetPupilLessonByIdHandler::.ctor(MusicTutor.Core.Services.IMusicTutorDbContext,MapsterMapper.IMapper)
DA:14,0
DA:15,0
DA:16,0
DA:17,0
DA:18,0
DA:19,0
DA:20,0
DA:21,0
DA:22,0
DA:23,0
DA:24,0
DA:25,0
DA:26,0
DA:27,0
DA:28,0
DA:29,0
DA:30,0
LF:18
LH:0
BRF:4
BRH:0
FNF:2
FNH:0
end_of_record
SF:C:\dev\MusicTutor.API\MusicTutor.Api\Handlers\Pupils\PupilLessons\GetPupilLessonsHandler.cs
FN:12,MusicTutor.Core.Services.IMusicTutorDbContext MusicTutor.Api.EFCore.Handlers.Pupils.GetPupilLessonsHandler::get_DbContext()
FNDA:0,MusicTutor.Core.Services.IMusicTutorDbContext MusicTutor.Api.EFCore.Handlers.Pupils.GetPupilLessonsHandler::get_DbContext()
DA:13,0
FN:13,System.Void MusicTutor.Api.EFCore.Handlers.Pupils.GetPupilLessonsHandler::.ctor(MusicTutor.Core.Services.IMusicTutorDbContext,MapsterMapper.IMapper)
FNDA:0,System.Void MusicTutor.Api.EFCore.Handlers.Pupils.GetPupilLessonsHandler::.ctor(MusicTutor.Core.Services.IMusicTutorDbContext,MapsterMapper.IMapper)
DA:14,0
DA:15,0
DA:16,0
DA:17,0
DA:18,0
DA:19,0
DA:20,0
DA:21,0
DA:22,0
DA:23,0
DA:24,0
LF:12
LH:0
BRF:2
BRH:0
FNF:2
FNH:0
end_of_record
SF:C:\dev\MusicTutor.API\MusicTutor.Api\Handlers\Pupils\PupilPayments\CreatePupilPaymentHandler.cs
FN:12,MusicTutor.Core.Services.IMusicTutorDbContext MusicTutor.Api.EFCore.Handlers.Pupils.CreatePupilPaymentHandler::get_DbContext()
FNDA:0,MusicTutor.Core.Services.IMusicTutorDbContext MusicTutor.Api.EFCore.Handlers.Pupils.CreatePupilPaymentHandler::get_DbContext()
DA:13,0
FN:13,System.Void MusicTutor.Api.EFCore.Handlers.Pupils.CreatePupilPaymentHandler::.ctor(MusicTutor.Core.Services.IMusicTutorDbContext,MapsterMapper.IMapper)
FNDA:0,System.Void MusicTutor.Api.EFCore.Handlers.Pupils.CreatePupilPaymentHandler::.ctor(MusicTutor.Core.Services.IMusicTutorDbContext,MapsterMapper.IMapper)
DA:14,0
DA:15,0
DA:16,0
DA:17,0
DA:18,0
DA:19,0
DA:20,0
DA:21,0
DA:22,0
DA:23,0
DA:24,0
DA:25,0
DA:26,0
DA:27,0
DA:28,0
DA:29,0
DA:30,0
LF:18
LH:0
BRF:2
BRH:0
FNF:2
FNH:0
end_of_record
SF:C:\dev\MusicTutor.API\MusicTutor.Api\Handlers\Pupils\PupilPayments\DeletePupilPaymentHandler.cs
FN:10,MusicTutor.Core.Services.IMusicTutorDbContext MusicTutor.Api.EFCore.Handlers.Pupils.DeletePupilPaymentHandler::get_DbContext()
FNDA:0,MusicTutor.Core.Services.IMusicTutorDbContext MusicTutor.Api.EFCore.Handlers.Pupils.DeletePupilPaymentHandler::get_DbContext()
DA:11,0
FN:11,System.Void MusicTutor.Api.EFCore.Handlers.Pupils.DeletePupilPaymentHandler::.ctor(MusicTutor.Core.Services.IMusicTutorDbContext)
FNDA:0,System.Void MusicTutor.Api.EFCore.Handlers.Pupils.DeletePupilPaymentHandler::.ctor(MusicTutor.Core.Services.IMusicTutorDbContext)
DA:12,0
DA:13,0
DA:14,0
DA:15,0
DA:16,0
DA:17,0
DA:18,0
DA:19,0
DA:20,0
DA:21,0
DA:22,0
DA:23,0
DA:24,0
DA:25,0
DA:26,0
DA:27,0
DA:28,0
DA:29,0
DA:30,0
DA:31,0
DA:32,0
DA:33,0
DA:34,0
DA:35,0
LF:25
LH:0
BRF:6
BRH:0
FNF:2
FNH:0
end_of_record
SF:C:\dev\MusicTutor.API\MusicTutor.Api\Handlers\Pupils\PupilPayments\GetPupilPaymentByIdHandler.cs
FN:12,MusicTutor.Core.Services.IMusicTutorDbContext MusicTutor.Api.EFCore.Handlers.Pupils.GetPupilPaymentByIdHandler::get_DbContext()
FNDA:0,MusicTutor.Core.Services.IMusicTutorDbContext MusicTutor.Api.EFCore.Handlers.Pupils.GetPupilPaymentByIdHandler::get_DbContext()
DA:13,0
FN:13,System.Void MusicTutor.Api.EFCore.Handlers.Pupils.GetPupilPaymentByIdHandler::.ctor(MusicTutor.Core.Services.IMusicTutorDbContext,MapsterMapper.IMapper)
FNDA:0,System.Void MusicTutor.Api.EFCore.Handlers.Pupils.GetPupilPaymentByIdHandler::.ctor(MusicTutor.Core.Services.IMusicTutorDbContext,MapsterMapper.IMapper)
DA:14,0
DA:15,0
DA:16,0
DA:17,0
DA:18,0
DA:19,0
DA:20,0
DA:21,0
DA:22,0
DA:23,0
DA:24,0
DA:25,0
DA:26,0
DA:27,0
DA:28,0
DA:29,0
LF:17
LH:0
BRF:4
BRH:0
FNF:2
FNH:0
end_of_record
SF:C:\dev\MusicTutor.API\MusicTutor.Api\Handlers\Pupils\PupilPayments\GetPupilPaymentsHandler.cs
FN:12,MusicTutor.Core.Services.IMusicTutorDbContext MusicTutor.Api.EFCore.Handlers.Pupils.GetPupilPaymentsHandler::get_DbContext()
FNDA:0,MusicTutor.Core.Services.IMusicTutorDbContext MusicTutor.Api.EFCore.Handlers.Pupils.GetPupilPaymentsHandler::get_DbContext()
DA:13,0
FN:13,System.Void MusicTutor.Api.EFCore.Handlers.Pupils.GetPupilPaymentsHandler::.ctor(MusicTutor.Core.Services.IMusicTutorDbContext,MapsterMapper.IMapper)
FNDA:0,System.Void MusicTutor.Api.EFCore.Handlers.Pupils.GetPupilPaymentsHandler::.ctor(MusicTutor.Core.Services.IMusicTutorDbContext,MapsterMapper.IMapper)
DA:14,0
DA:15,0
DA:16,0
DA:17,0
DA:18,0
DA:19,0
DA:20,0
DA:21,0
DA:22,0
DA:23,0
DA:24,0
LF:12
LH:0
BRF:2
BRH:0
FNF:2
FNH:0
end_of_record
SF:C:\dev\MusicTutor.API\MusicTutor.Api\Handlers\Pupils\UpdatePupilHandler.cs
FN:11,MusicTutor.Core.Services.IMusicTutorDbContext MusicTutor.Api.EFCore.Handlers.Pupils.UpdatePupilHandler::get_DbContext()
FNDA:5,MusicTutor.Core.Services.IMusicTutorDbContext MusicTutor.Api.EFCore.Handlers.Pupils.UpdatePupilHandler::get_DbContext()
DA:12,5
FN:12,System.Void MusicTutor.Api.EFCore.Handlers.Pupils.UpdatePupilHandler::.ctor(MusicTutor.Core.Services.IMusicTutorDbContext,MapsterMapper.IMapper)
FNDA:1,System.Void MusicTutor.Api.EFCore.Handlers.Pupils.UpdatePupilHandler::.ctor(MusicTutor.Core.Services.IMusicTutorDbContext,MapsterMapper.IMapper)
DA:13,1
DA:14,1
DA:15,1
DA:16,1
DA:17,1
DA:18,1
DA:19,1
DA:20,0
DA:21,1
DA:22,1
DA:23,1
DA:24,1
DA:25,1
DA:26,1
DA:27,1
DA:28,1
LF:17
LH:16
BRF:2
BRH:1
FNF:2
FNH:2
end_of_record
SF:C:\dev\MusicTutor.API\MusicTutor.Api\Handlers\Instruments\CreateInstrumentHandler.cs
FN:11,MusicTutor.Core.Services.IMusicTutorDbContext MusicTutor.Api.EFCore.Handlers.Instruments.CreateInstrumentHandler::get_DbContext()
FNDA:36,MusicTutor.Core.Services.IMusicTutorDbContext MusicTutor.Api.EFCore.Handlers.Instruments.CreateInstrumentHandler::get_DbContext()
DA:12,36
FN:12,System.Void MusicTutor.Api.EFCore.Handlers.Instruments.CreateInstrumentHandler::.ctor(MusicTutor.Core.Services.IMusicTutorDbContext,MapsterMapper.IMapper)
FNDA:6,System.Void MusicTutor.Api.EFCore.Handlers.Instruments.CreateInstrumentHandler::.ctor(MusicTutor.Core.Services.IMusicTutorDbContext,MapsterMapper.IMapper)
DA:13,6
DA:14,6
DA:15,6
DA:16,6
DA:17,6
DA:18,6
DA:19,6
DA:20,6
DA:21,6
DA:22,6
DA:23,6
DA:24,6
LF:13
LH:13
BRF:0
BRH:0
FNF:2
FNH:2
end_of_record
SF:C:\dev\MusicTutor.API\MusicTutor.Api\Handlers\Instruments\DeleteInstrumentHandler.cs
FN:11,MusicTutor.Core.Services.IMusicTutorDbContext MusicTutor.Api.EFCore.Handlers.Instruments.DeleteInstrumentHandler::get_DbContext()
FNDA:4,MusicTutor.Core.Services.IMusicTutorDbContext MusicTutor.Api.EFCore.Handlers.Instruments.DeleteInstrumentHandler::get_DbContext()
DA:12,4
FN:12,System.Void MusicTutor.Api.EFCore.Handlers.Instruments.DeleteInstrumentHandler::.ctor(MusicTutor.Core.Services.IMusicTutorDbContext)
FNDA:1,System.Void MusicTutor.Api.EFCore.Handlers.Instruments.DeleteInstrumentHandler::.ctor(MusicTutor.Core.Services.IMusicTutorDbContext)
DA:13,1
DA:14,1
DA:15,1
DA:16,1
DA:17,1
DA:18,1
DA:19,1
DA:20,1
DA:21,1
DA:22,1
DA:23,1
DA:24,1
DA:25,1
DA:26,1
DA:27,1
LF:16
LH:16
BRF:2
BRH:2
FNF:2
FNH:2
end_of_record
SF:C:\dev\MusicTutor.API\MusicTutor.Api\Handlers\Instruments\GetAllInstrumentsHandler.cs
FN:13,MusicTutor.Core.Services.IMusicTutorDbContext MusicTutor.Api.EFCore.Handlers.Instruments.GetAllInstrumentsHandler::get_DbContext()
FNDA:12,MusicTutor.Core.Services.IMusicTutorDbContext MusicTutor.Api.EFCore.Handlers.Instruments.GetAllInstrumentsHandler::get_DbContext()
DA:14,12
FN:14,System.Void MusicTutor.Api.EFCore.Handlers.Instruments.GetAllInstrumentsHandler::.ctor(MusicTutor.Core.Services.IMusicTutorDbContext)
FNDA:6,System.Void MusicTutor.Api.EFCore.Handlers.Instruments.GetAllInstrumentsHandler::.ctor(MusicTutor.Core.Services.IMusicTutorDbContext)
DA:15,6
DA:16,6
DA:17,6
DA:18,6
DA:19,6
DA:20,6
DA:21,6
DA:22,6
LF:9
LH:9
BRF:0
BRH:0
FNF:2
FNH:2
end_of_record
SF:C:\dev\MusicTutor.API\MusicTutor.Api\Handlers\Instruments\GetInstrumentByIdHandler.cs
FN:12,MusicTutor.Core.Services.IMusicTutorDbContext MusicTutor.Api.EFCore.Handlers.Instruments.GetInstrumentByIdHandler::get_DbContext()
FNDA:6,MusicTutor.Core.Services.IMusicTutorDbContext MusicTutor.Api.EFCore.Handlers.Instruments.GetInstrumentByIdHandler::get_DbContext()
DA:13,6
FN:13,System.Void MusicTutor.Api.EFCore.Handlers.Instruments.GetInstrumentByIdHandler::.ctor(MusicTutor.Core.Services.IMusicTutorDbContext)
FNDA:3,System.Void MusicTutor.Api.EFCore.Handlers.Instruments.GetInstrumentByIdHandler::.ctor(MusicTutor.Core.Services.IMusicTutorDbContext)
DA:14,3
DA:15,3
DA:16,3
DA:17,3
DA:18,3
DA:19,3
DA:20,3
DA:21,3
LF:9
LH:9
BRF:0
BRH:0
FNF:2
FNH:2
end_of_record
SF:C:\dev\MusicTutor.API\MusicTutor.Api\Handlers\Auth\LoginUserHandler.cs
FN:22,System.Void MusicTutor.Api.EFCore.Handlers.Auth.LoginUserHandler::.ctor(MusicTutor.Services.Auth.IAuthService)
FNDA:0,System.Void MusicTutor.Api.EFCore.Handlers.Auth.LoginUserHandler::.ctor(MusicTutor.Services.Auth.IAuthService)
DA:23,0
DA:24,0
DA:25,0
DA:26,0
FN:28,System.Void MusicTutor.Api.EFCore.Handlers.Auth.LoginUserHandler/<Handle>d__2::MoveNext()
FNDA:0,System.Void MusicTutor.Api.EFCore.Handlers.Auth.LoginUserHandler/<Handle>d__2::MoveNext()
DA:29,0
DA:32,0
DA:34,0
DA:35,0
DA:37,0
DA:38,0
DA:39,0
DA:40,0
DA:41,0
DA:42,0
DA:43,0
DA:47,0
DA:49,0
DA:50,0
DA:51,0
DA:53,0
DA:54,0
DA:55,0
DA:56,0
DA:57,0
DA:60,0
DA:62,0
DA:63,0
DA:64,0
DA:65,0
DA:66,0
DA:67,0
DA:68,0
DA:72,0
BRDA:34,180,0,0
BRDA:34,180,1,0
BRDA:49,379,0,0
BRDA:49,379,1,0
LF:33
LH:0
BRF:4
BRH:0
FNF:2
FNH:0
end_of_record
SF:C:\dev\MusicTutor.API\MusicTutor.Api\Handlers\Auth\RegisterUserHandler.cs
FN:23,System.Void MusicTutor.Api.EFCore.Handlers.Auth.RegisterUserHandler::.ctor(MusicTutor.Services.Auth.IAuthService)
FNDA:9,System.Void MusicTutor.Api.EFCore.Handlers.Auth.RegisterUserHandler::.ctor(MusicTutor.Services.Auth.IAuthService)
DA:24,9
DA:25,9
DA:26,9
DA:27,9
FN:61,System.String MusicTutor.Api.EFCore.Handlers.Auth.RegisterUserHandler/<>c::<Handle>b__2_0(Microsoft.AspNetCore.Identity.IdentityError)
FNDA:0,System.String MusicTutor.Api.EFCore.Handlers.Auth.RegisterUserHandler/<>c::<Handle>b__2_0(Microsoft.AspNetCore.Identity.IdentityError)
DA:62,0
FN:29,System.Void MusicTutor.Api.EFCore.Handlers.Auth.RegisterUserHandler/<Handle>d__2::MoveNext()
FNDA:9,System.Void MusicTutor.Api.EFCore.Handlers.Auth.RegisterUserHandler/<Handle>d__2::MoveNext()
DA:30,9
DA:33,9
DA:35,9
DA:36,0
DA:37,0
DA:38,0
DA:39,0
DA:40,0
DA:41,0
DA:42,0
DA:43,0
DA:46,9
DA:47,9
DA:48,9
DA:49,9
DA:50,9
DA:52,9
DA:53,9
DA:54,9
DA:55,9
DA:56,9
DA:59,0
DA:60,0
DA:61,0
DA:63,0
DA:64,9
BRDA:35,180,0,0
BRDA:35,180,1,9
BRDA:48,438,0,9
BRDA:48,438,1,0
LF:31
LH:18
BRF:4
BRH:2
FNF:3
FNH:2
end_of_record
SF:C:\dev\MusicTutor.API\MusicTutor.Api\Examples\Pupils\CreatePupilExample.cs
FN:9,MusicTutor.Api.Commands.Pupils.CreatePupil MusicTutor.Api.Examples.Pupils.CreatePupilExample::GetExamples()
FNDA:0,MusicTutor.Api.Commands.Pupils.CreatePupil MusicTutor.Api.Examples.Pupils.CreatePupilExample::GetExamples()
DA:10,0
DA:11,0
DA:12,0
LF:3
LH:0
BRF:0
BRH:0
FNF:1
FNH:0
end_of_record
SF:C:\dev\MusicTutor.API\MusicTutor.Api\Examples\Pupils\UpdatePupilExample.cs
FN:9,MusicTutor.Api.Commands.Pupils.UpdatePupil MusicTutor.Api.Examples.Pupils.UpdatePupilExample::GetExamples()
FNDA:0,MusicTutor.Api.Commands.Pupils.UpdatePupil MusicTutor.Api.Examples.Pupils.UpdatePupilExample::GetExamples()
DA:10,0
DA:11,0
DA:12,0
LF:3
LH:0
BRF:0
BRH:0
FNF:1
FNH:0
end_of_record
SF:C:\dev\MusicTutor.API\MusicTutor.Api\Examples\Instruments\CreateInstrumentExample.cs
FN:8,MusicTutor.Api.Commands.Instruments.CreateInstrument MusicTutor.Api.Examples.Instruments.CreateInstrumentExample::GetExamples()
FNDA:0,MusicTutor.Api.Commands.Instruments.CreateInstrument MusicTutor.Api.Examples.Instruments.CreateInstrumentExample::GetExamples()
DA:9,0
DA:10,0
DA:11,0
LF:3
LH:0
BRF:0
BRH:0
FNF:1
FNH:0
end_of_record
SF:C:\dev\MusicTutor.API\MusicTutor.Api\Examples\Instruments\InstrumentResponseDtoExample.cs
FN:10,MusicTutor.Api.Contracts.Instruments.InstrumentResponseDto MusicTutor.Api.Examples.Instruments.InstrumentResponseDtoExample::GetExamples()
FNDA:0,MusicTutor.Api.Contracts.Instruments.InstrumentResponseDto MusicTutor.Api.Examples.Instruments.InstrumentResponseDtoExample::GetExamples()
DA:11,0
DA:12,0
DA:13,0
FN:18,System.Collections.Generic.IEnumerable`1<MusicTutor.Api.Contracts.Instruments.InstrumentResponseDto> MusicTutor.Api.Examples.Instruments.InstrumentResponseDtoListExample::GetExamples()
FNDA:0,System.Collections.Generic.IEnumerable`1<MusicTutor.Api.Contracts.Instruments.InstrumentResponseDto> MusicTutor.Api.Examples.Instruments.InstrumentResponseDtoListExample::GetExamples()
DA:19,0
DA:20,0
DA:21,0
LF:6
LH:0
BRF:0
BRH:0
FNF:2
FNH:0
end_of_record
SF:C:\dev\MusicTutor.API\MusicTutor.Api\Examples\Errors\ErrorResponseExample.cs
FN:8,MusicTutor.Api.Contracts.Errors.ErrorResponse MusicTutor.Api.Examples.Errors.ErrorResponseExample::GetExamples()
FNDA:0,MusicTutor.Api.Contracts.Errors.ErrorResponse MusicTutor.Api.Examples.Errors.ErrorResponseExample::GetExamples()
DA:9,0
DA:10,0
DA:12,0
DA:14,0
DA:15,0
LF:5
LH:0
BRF:0
BRH:0
FNF:1
FNH:0
end_of_record
SF:C:\dev\MusicTutor.API\MusicTutor.Api\Controllers\AuthApiController.cs
FN:9,System.Void MusicTutor.Api.Controllers.AuthApiController::.ctor(MediatR.IMediator)
FNDA:27,System.Void MusicTutor.Api.Controllers.AuthApiController::.ctor(MediatR.IMediator)
DA:10,27
DA:11,27
DA:12,27
LF:3
LH:3
BRF:0
BRH:0
FNF:1
FNH:1
end_of_record
SF:C:\dev\MusicTutor.API\MusicTutor.Api\Controllers\BaseApiController.cs
FN:25,System.Guid MusicTutor.Api.Controllers.BaseApiController::get_UserId()
FNDA:1,System.Guid MusicTutor.Api.Controllers.BaseApiController::get_UserId()
DA:26,1
DA:27,1
DA:28,2
DA:30,1
DA:31,1
BRDA:28,51,0,0
BRDA:28,51,1,1
FN:17,System.Void MusicTutor.Api.Controllers.BaseApiController::.ctor(MediatR.IMediator)
FNDA:36,System.Void MusicTutor.Api.Controllers.BaseApiController::.ctor(MediatR.IMediator)
DA:18,36
DA:19,36
DA:20,36
DA:21,36
LF:9
LH:9
BRF:2
BRH:1
FNF:2
FNH:2
end_of_record
SF:C:\dev\MusicTutor.API\MusicTutor.Api\Controllers\Pupils\PupilInstrumentsController.cs
FN:18,System.Void MusicTutor.Api.Controllers.Pupils.PupilInstrumentsController::.ctor(MediatR.IMediator)
FNDA:3,System.Void MusicTutor.Api.Controllers.Pupils.PupilInstrumentsController::.ctor(MediatR.IMediator)
DA:19,3
DA:20,3
DA:21,3
FN:30,System.Void MusicTutor.Api.Controllers.Pupils.PupilInstrumentsController/<GetManyAsync>d__1::MoveNext()
FNDA:1,System.Void MusicTutor.Api.Controllers.Pupils.PupilInstrumentsController/<GetManyAsync>d__1::MoveNext()
DA:31,1
DA:32,1
DA:34,1
DA:35,0
DA:37,1
DA:38,1
BRDA:34,179,0,0
BRDA:34,179,1,1
FN:52,System.Void MusicTutor.Api.Controllers.Pupils.PupilInstrumentsController/<PostAsync>d__2::MoveNext()
FNDA:1,System.Void MusicTutor.Api.Controllers.Pupils.PupilInstrumentsController/<PostAsync>d__2::MoveNext()
DA:53,1
DA:54,1
DA:55,0
DA:58,1
DA:59,1
DA:61,1
DA:62,0
DA:68,1
DA:70,0
DA:71,0
DA:72,0
DA:74,1
BRDA:54,39,0,0
BRDA:54,39,1,2
BRDA:61,269,0,0
BRDA:61,269,1,1
FN:85,System.Void MusicTutor.Api.Controllers.Pupils.PupilInstrumentsController/<DeleteAsync>d__3::MoveNext()
FNDA:1,System.Void MusicTutor.Api.Controllers.Pupils.PupilInstrumentsController/<DeleteAsync>d__3::MoveNext()
DA:86,1
DA:88,1
DA:89,1
DA:90,1
DA:92,1
DA:93,0
DA:95,1
DA:97,0
DA:98,0
DA:99,0
DA:101,0
DA:102,0
DA:103,0
DA:105,1
BRDA:92,202,0,0
BRDA:92,202,1,1
LF:35
LH:22
BRF:8
BRH:4
FNF:4
FNH:4
end_of_record
SF:C:\dev\MusicTutor.API\MusicTutor.Api\Controllers\Pupils\PupilLessonsController.cs
FN:18,System.Void MusicTutor.Api.Controllers.Pupils.PupilLessonsController::.ctor(MediatR.IMediator)
FNDA:0,System.Void MusicTutor.Api.Controllers.Pupils.PupilLessonsController::.ctor(MediatR.IMediator)
DA:19,0
DA:20,0
DA:21,0
FN:33,System.Void MusicTutor.Api.Controllers.Pupils.PupilLessonsController/<GetSingleAsync>d__1::MoveNext()
FNDA:0,System.Void MusicTutor.Api.Controllers.Pupils.PupilLessonsController/<GetSingleAsync>d__1::MoveNext()
DA:34,0
DA:35,0
DA:36,0
DA:38,0
DA:39,0
DA:41,0
DA:42,0
BRDA:38,213,0,0
BRDA:38,213,1,0
FN:51,System.Void MusicTutor.Api.Controllers.Pupils.PupilLessonsController/<GetManyAsync>d__2::MoveNext()
FNDA:0,System.Void MusicTutor.Api.Controllers.Pupils.PupilLessonsController/<GetManyAsync>d__2::MoveNext()
DA:52,0
DA:53,0
DA:54,0
DA:56,0
DA:57,0
FN:71,System.Void MusicTutor.Api.Controllers.Pupils.PupilLessonsController/<PostAsync>d__3::MoveNext()
FNDA:0,System.Void MusicTutor.Api.Controllers.Pupils.PupilLessonsController/<PostAsync>d__3::MoveNext()
DA:72,0
DA:73,0
DA:74,0
DA:77,0
DA:78,0
DA:79,0
DA:81,0
DA:82,0
DA:88,0
DA:90,0
DA:91,0
DA:92,0
DA:94,0
BRDA:73,39,0,0
BRDA:73,39,1,0
BRDA:81,297,0,0
BRDA:81,297,1,0
FN:105,System.Void MusicTutor.Api.Controllers.Pupils.PupilLessonsController/<DeleteAsync>d__4::MoveNext()
FNDA:0,System.Void MusicTutor.Api.Controllers.Pupils.PupilLessonsController/<DeleteAsync>d__4::MoveNext()
DA:106,0
DA:108,0
DA:109,0
DA:110,0
DA:112,0
DA:114,0
DA:115,0
DA:117,0
DA:119,0
DA:120,0
DA:121,0
DA:123,0
BRDA:114,233,0,0
BRDA:114,233,1,0
LF:40
LH:0
BRF:8
BRH:0
FNF:5
FNH:0
end_of_record
SF:C:\dev\MusicTutor.API\MusicTutor.Api\Controllers\Pupils\PupilPaymentsController.cs
FN:18,System.Void MusicTutor.Api.Controllers.Pupils.PupilPaymentsController::.ctor(MediatR.IMediator)
FNDA:0,System.Void MusicTutor.Api.Controllers.Pupils.PupilPaymentsController::.ctor(MediatR.IMediator)
DA:19,0
DA:20,0
DA:21,0
FN:33,System.Void MusicTutor.Api.Controllers.Pupils.PupilPaymentsController/<GetSingleAsync>d__1::MoveNext()
FNDA:0,System.Void MusicTutor.Api.Controllers.Pupils.PupilPaymentsController/<GetSingleAsync>d__1::MoveNext()
DA:34,0
DA:35,0
DA:36,0
DA:38,0
DA:39,0
DA:41,0
DA:42,0
BRDA:38,213,0,0
BRDA:38,213,1,0
FN:51,System.Void MusicTutor.Api.Controllers.Pupils.PupilPaymentsController/<GetManyAsync>d__2::MoveNext()
FNDA:0,System.Void MusicTutor.Api.Controllers.Pupils.PupilPaymentsController/<GetManyAsync>d__2::MoveNext()
DA:52,0
DA:53,0
DA:54,0
DA:56,0
DA:57,0
FN:71,System.Void MusicTutor.Api.Controllers.Pupils.PupilPaymentsController/<PostAsync>d__3::MoveNext()
FNDA:0,System.Void MusicTutor.Api.Controllers.Pupils.PupilPaymentsController/<PostAsync>d__3::MoveNext()
DA:72,0
DA:73,0
DA:74,0
DA:77,0
DA:78,0
DA:79,0
DA:81,0
DA:82,0
DA:88,0
DA:90,0
DA:91,0
DA:92,0
DA:94,0
BRDA:73,39,0,0
BRDA:73,39,1,0
BRDA:81,297,0,0
BRDA:81,297,1,0
FN:105,System.Void MusicTutor.Api.Controllers.Pupils.PupilPaymentsController/<DeleteAsync>d__4::MoveNext()
FNDA:0,System.Void MusicTutor.Api.Controllers.Pupils.PupilPaymentsController/<DeleteAsync>d__4::MoveNext()
DA:106,0
DA:108,0
DA:109,0
DA:110,0
DA:112,0
DA:114,0
DA:115,0
DA:117,0
DA:119,0
DA:120,0
DA:121,0
DA:123,0
BRDA:114,233,0,0
BRDA:114,233,1,0
LF:40
LH:0
BRF:8
BRH:0
FNF:5
FNH:0
end_of_record
SF:C:\dev\MusicTutor.API\MusicTutor.Api\Controllers\Pupils\PupilsController.cs
FN:17,System.Void MusicTutor.Api.Controllers.Pupils.PupilsController::.ctor(MediatR.IMediator)
FNDA:8,System.Void MusicTutor.Api.Controllers.Pupils.PupilsController::.ctor(MediatR.IMediator)
DA:18,8
DA:19,8
DA:20,8
FN:28,System.Void MusicTutor.Api.Controllers.Pupils.PupilsController/<GetManyAsync>d__1::MoveNext()
FNDA:1,System.Void MusicTutor.Api.Controllers.Pupils.PupilsController/<GetManyAsync>d__1::MoveNext()
DA:29,1
DA:30,1
DA:32,1
DA:34,1
DA:35,1
FN:46,System.Void MusicTutor.Api.Controllers.Pupils.PupilsController/<GetSingleAsync>d__2::MoveNext()
FNDA:2,System.Void MusicTutor.Api.Controllers.Pupils.PupilsController/<GetSingleAsync>d__2::MoveNext()
DA:47,2
DA:48,2
DA:50,2
DA:51,1
DA:53,1
DA:54,2
BRDA:50,179,0,1
BRDA:50,179,1,1
FN:69,System.Void MusicTutor.Api.Controllers.Pupils.PupilsController/<PostAsync>d__3::MoveNext()
FNDA:3,System.Void MusicTutor.Api.Controllers.Pupils.PupilsController/<PostAsync>d__3::MoveNext()
DA:70,3
DA:72,3
DA:73,3
DA:78,3
DA:80,0
DA:81,0
DA:82,0
DA:84,3
FN:101,System.Void MusicTutor.Api.Controllers.Pupils.PupilsController/<PutSingleAsync>d__4::MoveNext()
FNDA:1,System.Void MusicTutor.Api.Controllers.Pupils.PupilsController/<PutSingleAsync>d__4::MoveNext()
DA:102,1
DA:103,1
DA:104,0
DA:107,1
DA:108,1
DA:110,1
DA:111,0
DA:113,1
DA:115,0
DA:116,0
DA:117,0
DA:119,0
DA:120,0
DA:121,0
DA:123,1
BRDA:103,39,0,0
BRDA:103,39,1,2
BRDA:110,269,0,0
BRDA:110,269,1,1
FN:133,System.Void MusicTutor.Api.Controllers.Pupils.PupilsController/<DeleteItemAsync>d__5::MoveNext()
FNDA:1,System.Void MusicTutor.Api.Controllers.Pupils.PupilsController/<DeleteItemAsync>d__5::MoveNext()
DA:134,1
DA:135,1
DA:137,1
DA:138,0
DA:140,1
DA:141,1
BRDA:137,172,0,0
BRDA:137,172,1,1
LF:43
LH:31
BRF:8
BRH:5
FNF:6
FNH:6
end_of_record
SF:C:\dev\MusicTutor.API\MusicTutor.Api\Controllers\Instruments\InstrumentsController.cs
FN:16,System.Void MusicTutor.Api.Controllers.Instruments.InstrumentsController::.ctor(MediatR.IMediator)
FNDA:16,System.Void MusicTutor.Api.Controllers.Instruments.InstrumentsController::.ctor(MediatR.IMediator)
DA:17,16
DA:18,16
DA:19,16
FN:26,System.Void MusicTutor.Api.Controllers.Instruments.InstrumentsController/<GetManyAsync>d__1::MoveNext()
FNDA:6,System.Void MusicTutor.Api.Controllers.Instruments.InstrumentsController/<GetManyAsync>d__1::MoveNext()
DA:27,6
DA:28,6
DA:30,6
DA:31,6
FN:41,System.Void MusicTutor.Api.Controllers.Instruments.InstrumentsController/<GetSingleAsync>d__2::MoveNext()
FNDA:3,System.Void MusicTutor.Api.Controllers.Instruments.InstrumentsController/<GetSingleAsync>d__2::MoveNext()
DA:42,3
DA:43,3
DA:45,3
DA:46,1
DA:48,2
DA:49,3
BRDA:45,179,0,1
BRDA:45,179,1,2
FN:64,System.Void MusicTutor.Api.Controllers.Instruments.InstrumentsController/<PostAsync>d__3::MoveNext()
FNDA:6,System.Void MusicTutor.Api.Controllers.Instruments.InstrumentsController/<PostAsync>d__3::MoveNext()
DA:65,6
DA:67,6
DA:68,6
DA:73,6
DA:75,0
DA:76,0
DA:77,0
DA:79,6
FN:100,System.Void MusicTutor.Api.Controllers.Instruments.InstrumentsController/<DeleteItemAsync>d__4::MoveNext()
FNDA:1,System.Void MusicTutor.Api.Controllers.Instruments.InstrumentsController/<DeleteItemAsync>d__4::MoveNext()
DA:101,1
DA:102,1
DA:104,1
DA:105,0
DA:107,1
DA:108,1
BRDA:104,172,0,0
BRDA:104,172,1,1
LF:27
LH:23
BRF:4
BRH:3
FNF:5
FNH:5
end_of_record
SF:C:\dev\MusicTutor.API\MusicTutor.Api\Controllers\Auth\AuthManagementController.cs
FN:58,MusicTutor.Api.Contracts.Auth.RegistrationResponseDto MusicTutor.Api.Controllers.Auth.AuthManagementController::InvalidModelResponse()
FNDA:0,MusicTutor.Api.Contracts.Auth.RegistrationResponseDto MusicTutor.Api.Controllers.Auth.AuthManagementController::InvalidModelResponse()
DA:59,0
DA:60,0
DA:61,0
DA:62,0
DA:63,0
DA:64,0
DA:65,0
DA:66,0
DA:67,0
FN:12,System.Void MusicTutor.Api.Controllers.Auth.AuthManagementController::.ctor(MediatR.IMediator)
FNDA:9,System.Void MusicTutor.Api.Controllers.Auth.AuthManagementController::.ctor(MediatR.IMediator)
DA:13,9
DA:14,9
DA:15,9
FN:19,System.Void MusicTutor.Api.Controllers.Auth.AuthManagementController/<Register>d__1::MoveNext()
FNDA:9,System.Void MusicTutor.Api.Controllers.Auth.AuthManagementController/<Register>d__1::MoveNext()
DA:20,9
DA:22,9
DA:23,9
DA:25,9
DA:27,9
DA:28,0
DA:29,0
DA:32,9
DA:35,0
DA:36,9
BRDA:22,33,0,9
BRDA:27,204,0,0
BRDA:27,204,1,9
BRDA:22,33,1,0
FN:40,System.Void MusicTutor.Api.Controllers.Auth.AuthManagementController/<Login>d__2::MoveNext()
FNDA:0,System.Void MusicTutor.Api.Controllers.Auth.AuthManagementController/<Login>d__2::MoveNext()
DA:41,0
DA:42,0
DA:43,0
DA:45,0
DA:47,0
DA:48,0
DA:49,0
DA:52,0
DA:55,0
DA:56,0
BRDA:42,33,0,0
BRDA:47,204,0,0
BRDA:47,204,1,0
BRDA:42,33,1,0
LF:32
LH:10
BRF:8
BRH:2
FNF:4
FNH:2
end_of_record
SF:C:\dev\MusicTutor.API\MusicTutor.Api\Contracts\Pupils\PupilResponseDto.cs
FN:4,System.Guid MusicTutor.Api.Contracts.Pupils.PupilResponseDto::get_Id()
FNDA:189,System.Guid MusicTutor.Api.Contracts.Pupils.PupilResponseDto::get_Id()
DA:5,189
LF:1
LH:1
BRF:0
BRH:0
FNF:1
FNH:1
end_of_record
SF:C:\dev\MusicTutor.API\MusicTutor.Api\Contracts\Pupils\Mappings\PupilMapping.cs
FN:9,System.Void MusicTutor.Api.Contracts.Pupils.Mappings.PupilMapping::Register(Mapster.TypeAdapterConfig)
FNDA:3,System.Void MusicTutor.Api.Contracts.Pupils.Mappings.PupilMapping::Register(Mapster.TypeAdapterConfig)
DA:10,3
DA:11,3
DA:12,3
DA:14,3
LF:4
LH:4
BRF:0
BRH:0
FNF:1
FNH:1
end_of_record
SF:C:\dev\MusicTutor.API\MusicTutor.Api\Contracts\Payments\PaymentResponseDto.cs
FN:5,System.Guid MusicTutor.Api.Contracts.Payments.PaymentResponseDto::get_Id()
FNDA:0,System.Guid MusicTutor.Api.Contracts.Payments.PaymentResponseDto::get_Id()
DA:6,0
LF:1
LH:0
BRF:0
BRH:0
FNF:1
FNH:0
end_of_record
SF:C:\dev\MusicTutor.API\MusicTutor.Api\Contracts\Payments\Mappings\PaymentMapping.cs
FN:8,System.Void MusicTutor.Api.Contracts.Payments.Mappings.PaymentMapping::Register(Mapster.TypeAdapterConfig)
FNDA:3,System.Void MusicTutor.Api.Contracts.Payments.Mappings.PaymentMapping::Register(Mapster.TypeAdapterConfig)
DA:9,3
DA:10,3
DA:11,3
LF:3
LH:3
BRF:0
BRH:0
FNF:1
FNH:1
end_of_record
SF:C:\dev\MusicTutor.API\MusicTutor.Api\Contracts\Lessons\LessonResponseDto.cs
FN:4,System.Guid MusicTutor.Api.Contracts.Lessons.LessonResponseDto::get_Id()
FNDA:0,System.Guid MusicTutor.Api.Contracts.Lessons.LessonResponseDto::get_Id()
DA:5,0
LF:1
LH:0
BRF:0
BRH:0
FNF:1
FNH:0
end_of_record
SF:C:\dev\MusicTutor.API\MusicTutor.Api\Contracts\Lessons\Mappings\LessonMapping.cs
FN:9,System.Void MusicTutor.Api.Contracts.Lessons.Mappings.LessonMapping::Register(Mapster.TypeAdapterConfig)
FNDA:3,System.Void MusicTutor.Api.Contracts.Lessons.Mappings.LessonMapping::Register(Mapster.TypeAdapterConfig)
DA:10,3
DA:11,3
DA:12,3
LF:3
LH:3
BRF:0
BRH:0
FNF:1
FNH:1
end_of_record
SF:C:\dev\MusicTutor.API\MusicTutor.Api\Contracts\Instruments\InstrumentResponseDto.cs
FN:4,System.Guid MusicTutor.Api.Contracts.Instruments.InstrumentResponseDto::get_Id()
FNDA:130,System.Guid MusicTutor.Api.Contracts.Instruments.InstrumentResponseDto::get_Id()
DA:5,130
LF:1
LH:1
BRF:0
BRH:0
FNF:1
FNH:1
end_of_record
SF:C:\dev\MusicTutor.API\MusicTutor.Api\Contracts\Instruments\Mappings\InstrumentMapping.cs
FN:9,System.Void MusicTutor.Api.Contracts.Instruments.Mappings.InstrumentMapping::Register(Mapster.TypeAdapterConfig)
FNDA:3,System.Void MusicTutor.Api.Contracts.Instruments.Mappings.InstrumentMapping::Register(Mapster.TypeAdapterConfig)
DA:10,3
DA:11,3
DA:12,3
LF:3
LH:3
BRF:0
BRH:0
FNF:1
FNH:1
end_of_record
SF:C:\dev\MusicTutor.API\MusicTutor.Api\Contracts\Errors\ErrorModel.cs
FN:2,System.String MusicTutor.Api.Contracts.Errors.ErrorModel::get_FieldName()
FNDA:0,System.String MusicTutor.Api.Contracts.Errors.ErrorModel::get_FieldName()
DA:3,0
LF:1
LH:0
BRF:0
BRH:0
FNF:1
FNH:0
end_of_record
SF:C:\dev\MusicTutor.API\MusicTutor.Api\Contracts\Errors\ErrorResponse.cs
FN:6,System.Collections.Generic.List`1<MusicTutor.Api.Contracts.Errors.ErrorModel> MusicTutor.Api.Contracts.Errors.ErrorResponse::get_Errors()
FNDA:0,System.Collections.Generic.List`1<MusicTutor.Api.Contracts.Errors.ErrorModel> MusicTutor.Api.Contracts.Errors.ErrorResponse::get_Errors()
DA:7,0
LF:1
LH:0
BRF:0
BRH:0
FNF:1
FNH:0
end_of_record
SF:C:\dev\MusicTutor.API\MusicTutor.Api\Contracts\Auth\RegistrationResponseDto.cs
FN:6,System.String MusicTutor.Api.Contracts.Auth.RegistrationResponseDto::get_Token()
FNDA:45,System.String MusicTutor.Api.Contracts.Auth.RegistrationResponseDto::get_Token()
DA:7,45
FN:7,System.Boolean MusicTutor.Api.Contracts.Auth.RegistrationResponseDto::get_Result()
FNDA:36,System.Boolean MusicTutor.Api.Contracts.Auth.RegistrationResponseDto::get_Result()
DA:8,36
FN:8,System.Collections.Generic.List`1<System.String> MusicTutor.Api.Contracts.Auth.RegistrationResponseDto::get_Errors()
FNDA:18,System.Collections.Generic.List`1<System.String> MusicTutor.Api.Contracts.Auth.RegistrationResponseDto::get_Errors()
DA:9,18
LF:3
LH:3
BRF:0
BRH:0
FNF:3
FNH:3
end_of_record
SF:C:\dev\MusicTutor.API\MusicTutor.Api\Commands\Pupils\CreatePupil.cs
FN:7,System.String MusicTutor.Api.Commands.Pupils.CreatePupil::get_Name()
FNDA:153,System.String MusicTutor.Api.Commands.Pupils.CreatePupil::get_Name()
DA:8,153
FN:12,MusicTutor.Core.Models.Pupil MusicTutor.Api.Commands.Pupils.PupilCreator::MakePupil(MusicTutor.Api.Commands.Pupils.CreatePupil,MusicTutor.Core.Models.Instrument)
FNDA:3,MusicTutor.Core.Models.Pupil MusicTutor.Api.Commands.Pupils.PupilCreator::MakePupil(MusicTutor.Api.Commands.Pupils.CreatePupil,MusicTutor.Core.Models.Instrument)
DA:13,3
DA:14,3
DA:15,3
LF:4
LH:4
BRF:0
BRH:0
FNF:2
FNH:2
end_of_record
SF:C:\dev\MusicTutor.API\MusicTutor.Api\Commands\Pupils\DeletePupil.cs
FN:5,System.Guid MusicTutor.Api.Commands.Pupils.DeletePupil::get_Id()
FNDA:3,System.Guid MusicTutor.Api.Commands.Pupils.DeletePupil::get_Id()
DA:6,3
LF:1
LH:1
BRF:0
BRH:0
FNF:1
FNH:1
end_of_record
SF:C:\dev\MusicTutor.API\MusicTutor.Api\Commands\Pupils\PupilInstruments\CreatePupilInstrumentLink.cs
FN:6,System.Guid MusicTutor.Api.Commands.Pupils.CreatePupilInstrumentLink::get_pupilId()
FNDA:15,System.Guid MusicTutor.Api.Commands.Pupils.CreatePupilInstrumentLink::get_pupilId()
DA:7,15
LF:1
LH:1
BRF:0
BRH:0
FNF:1
FNH:1
end_of_record
SF:C:\dev\MusicTutor.API\MusicTutor.Api\Commands\Pupils\PupilInstruments\DeletePupilInstrumentLink.cs
FN:6,System.Guid MusicTutor.Api.Commands.Pupils.DeletePupilInstrumentLink::get_pupilId()
FNDA:9,System.Guid MusicTutor.Api.Commands.Pupils.DeletePupilInstrumentLink::get_pupilId()
DA:7,9
LF:1
LH:1
BRF:0
BRH:0
FNF:1
FNH:1
end_of_record
SF:C:\dev\MusicTutor.API\MusicTutor.Api\Commands\Pupils\PupilLessons\CreatePupilLesson.cs
FN:6,System.Guid MusicTutor.Api.Commands.Pupils.CreatePupilLesson::get_PupilId()
FNDA:0,System.Guid MusicTutor.Api.Commands.Pupils.CreatePupilLesson::get_PupilId()
DA:7,0
LF:1
LH:0
BRF:0
BRH:0
FNF:1
FNH:0
end_of_record
SF:C:\dev\MusicTutor.API\MusicTutor.Api\Commands\Pupils\PupilLessons\DeletePupilLesson.cs
FN:6,System.Guid MusicTutor.Api.Commands.Pupils.DeletePupilLesson::get_PupilId()
FNDA:0,System.Guid MusicTutor.Api.Commands.Pupils.DeletePupilLesson::get_PupilId()
DA:7,0
LF:1
LH:0
BRF:0
BRH:0
FNF:1
FNH:0
end_of_record
SF:C:\dev\MusicTutor.API\MusicTutor.Api\Commands\Pupils\PupilPayments\CreatePupilPayment.cs
FN:7,System.Guid MusicTutor.Api.Commands.Pupils.CreatePupilPayment::get_PupilId()
FNDA:0,System.Guid MusicTutor.Api.Commands.Pupils.CreatePupilPayment::get_PupilId()
DA:8,0
LF:1
LH:0
BRF:0
BRH:0
FNF:1
FNH:0
end_of_record
SF:C:\dev\MusicTutor.API\MusicTutor.Api\Commands\Pupils\PupilPayments\DeletePupilPayment.cs
FN:6,System.Guid MusicTutor.Api.Commands.Pupils.DeletePupilPayment::get_PupilId()
FNDA:0,System.Guid MusicTutor.Api.Commands.Pupils.DeletePupilPayment::get_PupilId()
DA:7,0
LF:1
LH:0
BRF:0
BRH:0
FNF:1
FNH:0
end_of_record
SF:C:\dev\MusicTutor.API\MusicTutor.Api\Commands\Pupils\UpdatePupil.cs
FN:7,System.Guid MusicTutor.Api.Commands.Pupils.UpdatePupil::get_Id()
FNDA:52,System.Guid MusicTutor.Api.Commands.Pupils.UpdatePupil::get_Id()
DA:8,52
LF:1
LH:1
BRF:0
BRH:0
FNF:1
FNH:1
end_of_record
SF:C:\dev\MusicTutor.API\MusicTutor.Api\Commands\Instruments\CreateInstrument.cs
FN:5,System.String MusicTutor.Api.Commands.Instruments.CreateInstrument::get_Name()
FNDA:48,System.String MusicTutor.Api.Commands.Instruments.CreateInstrument::get_Name()
DA:6,48
LF:1
LH:1
BRF:0
BRH:0
FNF:1
FNH:1
end_of_record
SF:C:\dev\MusicTutor.API\MusicTutor.Api\Commands\Instruments\DeleteInstrument.cs
FN:6,System.Guid MusicTutor.Api.Commands.Instruments.DeleteInstrument::get_Id()
FNDA:3,System.Guid MusicTutor.Api.Commands.Instruments.DeleteInstrument::get_Id()
DA:7,3
LF:1
LH:1
BRF:0
BRH:0
FNF:1
FNH:1
end_of_record
SF:C:\dev\MusicTutor.API\MusicTutor.Api\Commands\Auth\LoginUser.cs
FN:5,System.String MusicTutor.Api.Commands.Auth.LoginUser::get_Email()
FNDA:0,System.String MusicTutor.Api.Commands.Auth.LoginUser::get_Email()
DA:6,0
LF:1
LH:0
BRF:0
BRH:0
FNF:1
FNH:0
end_of_record
SF:C:\dev\MusicTutor.API\MusicTutor.Api\Commands\Auth\RegisterUser.cs
FN:5,System.String MusicTutor.Api.Commands.Auth.RegisterUser::get_Name()
FNDA:189,System.String MusicTutor.Api.Commands.Auth.RegisterUser::get_Name()
DA:6,189
LF:1
LH:1
BRF:0
BRH:0
FNF:1
FNH:1
end_of_record
SF:C:\dev\MusicTutor.API\MusicTutor.Api\Commands\Auth\WithMusicTutorUserId.cs
FN:7,System.Guid MusicTutor.Api.Commands.Auth.WithMusicTutorUserId`2::get_MusicTutorUserId()
FNDA:0,System.Guid MusicTutor.Api.Commands.Auth.WithMusicTutorUserId`2::get_MusicTutorUserId()
DA:8,0
FN:8,System.Void MusicTutor.Api.Commands.Auth.WithMusicTutorUserId`2::.ctor(System.Guid,TRequest)
FNDA:0,System.Void MusicTutor.Api.Commands.Auth.WithMusicTutorUserId`2::.ctor(System.Guid,TRequest)
DA:9,0
DA:10,0
LF:3
LH:0
BRF:0
BRH:0
FNF:2
FNH:0
end_of_record
SF:C:\dev\MusicTutor.API\MusicTutor.Api\Behaviors\ValidationBehavior.cs
FN:12,System.Void MusicTutor.Api.Behaviors.ValidationBehavior`2::.ctor(System.Collections.Generic.IEnumerable`1<FluentValidation.IValidator`1<TRequest>>)
FNDA:1,System.Void MusicTutor.Api.Behaviors.ValidationBehavior`2::.ctor(System.Collections.Generic.IEnumerable`1<FluentValidation.IValidator`1<TRequest>>)
DA:13,1
DA:14,1
DA:15,1
DA:16,1
FN:21,System.Threading.Tasks.Task`1<FluentValidation.Results.ValidationResult> MusicTutor.Api.Behaviors.ValidationBehavior`2/<>c__DisplayClass2_1::<Handle>b__2(FluentValidation.IValidator`1<TRequest>)
FNDA:2,System.Threading.Tasks.Task`1<FluentValidation.Results.ValidationResult> MusicTutor.Api.Behaviors.ValidationBehavior`2/<>c__DisplayClass2_1::<Handle>b__2(FluentValidation.IValidator`1<TRequest>)
DA:22,2
FN:22,System.Collections.Generic.IEnumerable`1<FluentValidation.Results.ValidationFailure> MusicTutor.Api.Behaviors.ValidationBehavior`2/<>c::<Handle>b__2_0(FluentValidation.Results.ValidationResult)
FNDA:2,System.Collections.Generic.IEnumerable`1<FluentValidation.Results.ValidationFailure> MusicTutor.Api.Behaviors.ValidationBehavior`2/<>c::<Handle>b__2_0(FluentValidation.Results.ValidationResult)
DA:23,2
FN:17,System.Void MusicTutor.Api.Behaviors.ValidationBehavior`2/<Handle>d__2::MoveNext()
FNDA:1,System.Void MusicTutor.Api.Behaviors.ValidationBehavior`2/<Handle>d__2::MoveNext()
DA:18,1
DA:19,1
DA:20,1
DA:21,1
DA:24,1
DA:25,0
DA:26,1
DA:27,1
DA:28,1
BRDA:19,75,0,1
BRDA:23,297,0,1
BRDA:23,297,1,1
BRDA:23,333,0,1
BRDA:23,333,1,1
BRDA:24,391,0,0
BRDA:24,391,1,1
BRDA:19,75,1,1
LF:15
LH:14
BRF:8
BRH:7
FNF:4
FNH:4
end_of_record
SF:c:\dev\MusicTutor.API\MusicTutor.Auth\AuthService.cs
FN:25,System.Threading.Tasks.Task`1<MusicTutorUser> MusicTutor.Services.Auth.AuthService::FindUserByEmailAsync(System.String)
FNDA:9,System.Threading.Tasks.Task`1<MusicTutorUser> MusicTutor.Services.Auth.AuthService::FindUserByEmailAsync(System.String)
DA:26,9
DA:27,9
DA:28,9
FN:30,System.Threading.Tasks.Task`1<System.Boolean> MusicTutor.Services.Auth.AuthService::CheckPasswordAsync(MusicTutorUser,System.String)
FNDA:0,System.Threading.Tasks.Task`1<System.Boolean> MusicTutor.Services.Auth.AuthService::CheckPasswordAsync(MusicTutorUser,System.String)
DA:31,0
DA:32,0
DA:33,0
FN:35,System.Threading.Tasks.Task`1<Microsoft.AspNetCore.Identity.IdentityResult> MusicTutor.Services.Auth.AuthService::CreateUserAsync(MusicTutorUser,System.String)
FNDA:9,System.Threading.Tasks.Task`1<Microsoft.AspNetCore.Identity.IdentityResult> MusicTutor.Services.Auth.AuthService::CreateUserAsync(MusicTutorUser,System.String)
DA:36,9
DA:37,9
DA:38,9
FN:40,System.String MusicTutor.Services.Auth.AuthService::GenerateJwtToken(MusicTutorUser)
FNDA:9,System.String MusicTutor.Services.Auth.AuthService::GenerateJwtToken(MusicTutorUser)
DA:41,9
DA:43,9
DA:46,9
DA:53,9
DA:54,9
DA:55,9
DA:56,9
DA:57,9
DA:58,9
DA:59,9
DA:60,9
DA:61,9
DA:62,9
DA:63,9
DA:64,9
DA:65,9
DA:66,9
DA:67,9
DA:68,9
DA:70,9
DA:72,9
DA:74,9
DA:75,9
FN:18,System.Void MusicTutor.Services.Auth.AuthService::.ctor(Microsoft.AspNetCore.Identity.UserManager`1<MusicTutorUser>,Microsoft.Extensions.Options.IOptionsMonitor`1<MusicTutor.Services.Auth.Settings.JwtConfig>)
FNDA:9,System.Void MusicTutor.Services.Auth.AuthService::.ctor(Microsoft.AspNetCore.Identity.UserManager`1<MusicTutorUser>,Microsoft.Extensions.Options.IOptionsMonitor`1<MusicTutor.Services.Auth.Settings.JwtConfig>)
DA:19,9
DA:20,9
DA:21,9
DA:22,9
DA:23,9
LF:37
LH:34
BRF:0
BRH:0
FNF:5
FNH:4
end_of_record
SF:c:\dev\MusicTutor.API\MusicTutor.Auth\UserRepository.cs
FN:18,System.Guid MusicTutor.Services.Auth.UserRepository::get_UserId()
FNDA:40,System.Guid MusicTutor.Services.Auth.UserRepository::get_UserId()
DA:19,40
DA:20,40
DA:21,40
DA:23,80
DA:25,40
DA:26,40
DA:28,0
DA:29,40
BRDA:20,8,0,0
BRDA:20,8,1,40
BRDA:20,20,0,0
BRDA:20,20,1,40
BRDA:23,39,0,0
BRDA:23,39,1,40
BRDA:23,51,0,0
BRDA:23,51,1,40
BRDA:23,94,0,0
BRDA:23,94,1,40
BRDA:25,116,0,40
BRDA:25,116,1,0
FN:11,System.Void MusicTutor.Services.Auth.UserRepository::.ctor(Microsoft.AspNetCore.Http.IHttpContextAccessor)
FNDA:37,System.Void MusicTutor.Services.Auth.UserRepository::.ctor(Microsoft.AspNetCore.Http.IHttpContextAccessor)
DA:12,37
DA:13,37
DA:14,37
DA:15,37
LF:12
LH:11
BRF:12
BRH:6
FNF:2
FNH:2
end_of_record
SF:c:\dev\MusicTutor.API\MusicTutor.Auth\Settings\JwtConfig.cs
FN:4,System.String MusicTutor.Services.Auth.Settings.JwtConfig::get_Secret()
FNDA:15,System.String MusicTutor.Services.Auth.Settings.JwtConfig::get_Secret()
DA:5,15
LF:1
LH:1
BRF:0
BRH:0
FNF:1
FNH:1
end_of_record
SF:C:\dev\MusicTutor.API\MusicTutor.Core\Models\MusicTutorUser.cs
FN:10,System.Collections.Generic.IEnumerable`1<MusicTutor.Core.Models.Pupil> MusicTutorUser::get_Pupils()
FNDA:0,System.Collections.Generic.IEnumerable`1<MusicTutor.Core.Models.Pupil> MusicTutorUser::get_Pupils()
DA:11,0
LF:1
LH:0
BRF:0
BRH:0
FNF:1
FNH:0
end_of_record
SF:C:\dev\MusicTutor.API\MusicTutor.Core\Models\Contact.cs
FN:4,System.String MusicTutor.Core.Models.Contact::get_Name()
FNDA:39,System.String MusicTutor.Core.Models.Contact::get_Name()
DA:5,39
FN:5,System.Void MusicTutor.Core.Models.Contact::.ctor(System.String,System.String,System.String)
FNDA:9,System.Void MusicTutor.Core.Models.Contact::.ctor(System.String,System.String,System.String)
DA:6,9
DA:7,9
DA:8,9
DA:9,9
DA:10,9
LF:6
LH:6
BRF:0
BRH:0
FNF:2
FNH:2
end_of_record
SF:C:\dev\MusicTutor.API\MusicTutor.Core\Models\Instrument.cs
FN:17,System.Guid MusicTutor.Core.Models.Instrument::get_Id()
FNDA:14,System.Guid MusicTutor.Core.Models.Instrument::get_Id()
DA:18,14
FN:19,System.String MusicTutor.Core.Models.Instrument::get_Name()
FNDA:14,System.String MusicTutor.Core.Models.Instrument::get_Name()
DA:20,14
FN:22,System.Collections.Generic.IEnumerable`1<MusicTutor.Core.Models.Pupil> MusicTutor.Core.Models.Instrument::get_Pupils()
FNDA:0,System.Collections.Generic.IEnumerable`1<MusicTutor.Core.Models.Pupil> MusicTutor.Core.Models.Instrument::get_Pupils()
DA:23,0
FN:24,System.Guid MusicTutor.Core.Models.Instrument::get_MusicTutorUserId()
FNDA:6,System.Guid MusicTutor.Core.Models.Instrument::get_MusicTutorUserId()
DA:25,6
FN:26,MusicTutorUser MusicTutor.Core.Models.Instrument::get_MusicTutorUser()
FNDA:0,MusicTutorUser MusicTutor.Core.Models.Instrument::get_MusicTutorUser()
DA:27,0
FN:29,System.Void MusicTutor.Core.Models.Instrument::AssignToMusicTutorUser(System.Guid)
FNDA:6,System.Void MusicTutor.Core.Models.Instrument::AssignToMusicTutorUser(System.Guid)
DA:30,6
DA:31,6
DA:32,6
FN:34,MusicTutor.Core.Models.Instrument MusicTutor.Core.Models.Instrument::CreateInstrument(System.String)
FNDA:0,MusicTutor.Core.Models.Instrument MusicTutor.Core.Models.Instrument::CreateInstrument(System.String)
DA:35,0
DA:36,0
DA:37,0
DA:38,0
DA:39,0
DA:40,0
DA:42,0
DA:43,0
FN:10,System.Void MusicTutor.Core.Models.Instrument::.ctor()
FNDA:27,System.Void MusicTutor.Core.Models.Instrument::.ctor()
DA:11,27
FN:12,System.Void MusicTutor.Core.Models.Instrument::.ctor(System.String)
FNDA:6,System.Void MusicTutor.Core.Models.Instrument::.ctor(System.String)
DA:13,6
DA:14,6
DA:15,6
DA:16,6
DA:17,6
LF:22
LH:12
BRF:0
BRH:0
FNF:9
FNH:6
end_of_record
SF:C:\dev\MusicTutor.API\MusicTutor.Core\Models\Lesson.cs
FN:21,System.Guid MusicTutor.Core.Models.Lesson::get_Id()
FNDA:0,System.Guid MusicTutor.Core.Models.Lesson::get_Id()
DA:22,0
FN:22,System.DateTime MusicTutor.Core.Models.Lesson::get_StartDateTime()
FNDA:0,System.DateTime MusicTutor.Core.Models.Lesson::get_StartDateTime()
DA:23,0
FN:24,System.Int32 MusicTutor.Core.Models.Lesson::get_DurationInMinutes()
FNDA:0,System.Int32 MusicTutor.Core.Models.Lesson::get_DurationInMinutes()
DA:25,0
FN:26,System.Decimal MusicTutor.Core.Models.Lesson::get_Cost()
FNDA:0,System.Decimal MusicTutor.Core.Models.Lesson::get_Cost()
DA:27,0
FN:28,System.Guid MusicTutor.Core.Models.Lesson::get_PupilId()
FNDA:0,System.Guid MusicTutor.Core.Models.Lesson::get_PupilId()
DA:29,0
FN:30,MusicTutor.Core.Models.Pupil MusicTutor.Core.Models.Lesson::get_Pupil()
FNDA:0,MusicTutor.Core.Models.Pupil MusicTutor.Core.Models.Lesson::get_Pupil()
DA:31,0
FN:32,System.Nullable`1<System.Guid> MusicTutor.Core.Models.Lesson::get_InstrumentId()
FNDA:0,System.Nullable`1<System.Guid> MusicTutor.Core.Models.Lesson::get_InstrumentId()
DA:33,0
FN:33,MusicTutor.Core.Models.Instrument MusicTutor.Core.Models.Lesson::get_Instrument()
FNDA:0,MusicTutor.Core.Models.Instrument MusicTutor.Core.Models.Lesson::get_Instrument()
DA:34,0
FN:35,System.Boolean MusicTutor.Core.Models.Lesson::get_IsPlanned()
FNDA:0,System.Boolean MusicTutor.Core.Models.Lesson::get_IsPlanned()
DA:36,0
FN:37,System.String MusicTutor.Core.Models.Lesson::get_Status()
FNDA:0,System.String MusicTutor.Core.Models.Lesson::get_Status()
DA:38,0
BRDA:38,6,0,0
BRDA:38,6,1,0
FN:40,MusicTutor.Core.Models.Lesson MusicTutor.Core.Models.Lesson::CreateLesson(System.DateTime,System.Int32,System.Decimal,System.Boolean)
FNDA:0,MusicTutor.Core.Models.Lesson MusicTutor.Core.Models.Lesson::CreateLesson(System.DateTime,System.Int32,System.Decimal,System.Boolean)
DA:41,0
DA:42,0
DA:43,0
DA:44,0
DA:45,0
DA:46,0
DA:47,0
DA:48,0
DA:49,0
DA:51,0
DA:52,0
FN:54,MusicTutor.Core.Models.Lesson MusicTutor.Core.Models.Lesson::CreateLessonWithInstrument(System.DateTime,System.Int32,System.Decimal,MusicTutor.Core.Models.Instrument,System.Boolean)
FNDA:0,MusicTutor.Core.Models.Lesson MusicTutor.Core.Models.Lesson::CreateLessonWithInstrument(System.DateTime,System.Int32,System.Decimal,MusicTutor.Core.Models.Instrument,System.Boolean)
DA:55,0
DA:56,0
DA:57,0
DA:58,0
DA:60,0
DA:61,0
FN:10,System.Void MusicTutor.Core.Models.Lesson::.ctor()
FNDA:0,System.Void MusicTutor.Core.Models.Lesson::.ctor()
DA:11,0
FN:12,System.Void MusicTutor.Core.Models.Lesson::.ctor(System.DateTime,System.Int32,System.Decimal,System.Boolean)
FNDA:0,System.Void MusicTutor.Core.Models.Lesson::.ctor(System.DateTime,System.Int32,System.Decimal,System.Boolean)
DA:13,0
DA:14,0
DA:15,0
DA:16,0
DA:17,0
DA:18,0
DA:19,0
LF:35
LH:0
BRF:2
BRH:0
FNF:14
FNH:0
end_of_record
SF:C:\dev\MusicTutor.API\MusicTutor.Core\Models\Payment.cs
FN:7,System.Guid MusicTutor.Core.Models.Payment::get_Id()
FNDA:0,System.Guid MusicTutor.Core.Models.Payment::get_Id()
DA:8,0
FN:8,System.DateTime MusicTutor.Core.Models.Payment::get_PaymentDate()
FNDA:0,System.DateTime MusicTutor.Core.Models.Payment::get_PaymentDate()
DA:9,0
FN:10,System.Decimal MusicTutor.Core.Models.Payment::get_Amount()
FNDA:0,System.Decimal MusicTutor.Core.Models.Payment::get_Amount()
DA:11,0
FN:12,System.Guid MusicTutor.Core.Models.Payment::get_PupilId()
FNDA:0,System.Guid MusicTutor.Core.Models.Payment::get_PupilId()
DA:13,0
FN:14,MusicTutor.Core.Models.Pupil MusicTutor.Core.Models.Payment::get_Pupil()
FNDA:0,MusicTutor.Core.Models.Pupil MusicTutor.Core.Models.Payment::get_Pupil()
DA:15,0
FN:16,MusicTutor.Core.Models.Enums.PaymentType MusicTutor.Core.Models.Payment::get_Type()
FNDA:0,MusicTutor.Core.Models.Enums.PaymentType MusicTutor.Core.Models.Payment::get_Type()
DA:17,0
FN:28,MusicTutor.Core.Models.Payment MusicTutor.Core.Models.Payment::CreatePayment(System.DateTime,System.Decimal,MusicTutor.Core.Models.Enums.PaymentType)
FNDA:0,MusicTutor.Core.Models.Payment MusicTutor.Core.Models.Payment::CreatePayment(System.DateTime,System.Decimal,MusicTutor.Core.Models.Enums.PaymentType)
DA:29,0
DA:30,0
DA:31,0
DA:32,0
DA:33,0
DA:34,0
DA:35,0
DA:36,0
DA:38,0
DA:39,0
FN:18,System.Void MusicTutor.Core.Models.Payment::.ctor()
FNDA:0,System.Void MusicTutor.Core.Models.Payment::.ctor()
DA:19,0
FN:20,System.Void MusicTutor.Core.Models.Payment::.ctor(System.DateTime,System.Decimal,MusicTutor.Core.Models.Enums.PaymentType)
FNDA:0,System.Void MusicTutor.Core.Models.Payment::.ctor(System.DateTime,System.Decimal,MusicTutor.Core.Models.Enums.PaymentType)
DA:21,0
DA:22,0
DA:23,0
DA:24,0
DA:25,0
DA:26,0
LF:23
LH:0
BRF:0
BRH:0
FNF:9
FNH:0
end_of_record
SF:C:\dev\MusicTutor.API\MusicTutor.Core\Models\Pupil.cs
FN:13,System.Guid MusicTutor.Core.Models.Pupil::get_Id()
FNDA:4,System.Guid MusicTutor.Core.Models.Pupil::get_Id()
DA:14,4
FN:15,System.String MusicTutor.Core.Models.Pupil::get_Name()
FNDA:8,System.String MusicTutor.Core.Models.Pupil::get_Name()
DA:16,8
FN:17,System.Guid MusicTutor.Core.Models.Pupil::get_MusicTutorUserId()
FNDA:3,System.Guid MusicTutor.Core.Models.Pupil::get_MusicTutorUserId()
DA:18,3
FN:18,MusicTutorUser MusicTutor.Core.Models.Pupil::get_MusicTutorUser()
FNDA:0,MusicTutorUser MusicTutor.Core.Models.Pupil::get_MusicTutorUser()
DA:19,0
FN:20,MusicTutor.Core.Models.Contact MusicTutor.Core.Models.Pupil::get_Contact()
FNDA:29,MusicTutor.Core.Models.Contact MusicTutor.Core.Models.Pupil::get_Contact()
DA:21,29
FN:21,System.Decimal MusicTutor.Core.Models.Pupil::get_CurrentLessonRate()
FNDA:8,System.Decimal MusicTutor.Core.Models.Pupil::get_CurrentLessonRate()
DA:22,8
FN:22,System.Decimal MusicTutor.Core.Models.Pupil::get_AccountBalance()
FNDA:12,System.Decimal MusicTutor.Core.Models.Pupil::get_AccountBalance()
DA:23,12
FN:24,System.DateTime MusicTutor.Core.Models.Pupil::get_StartDate()
FNDA:8,System.DateTime MusicTutor.Core.Models.Pupil::get_StartDate()
DA:25,8
FN:26,System.Boolean MusicTutor.Core.Models.Pupil::get_IsActive()
FNDA:8,System.Boolean MusicTutor.Core.Models.Pupil::get_IsActive()
DA:27,8
FN:28,System.Int32 MusicTutor.Core.Models.Pupil::get_FrequencyInDays()
FNDA:8,System.Int32 MusicTutor.Core.Models.Pupil::get_FrequencyInDays()
DA:29,8
FN:30,System.Byte[] MusicTutor.Core.Models.Pupil::get_Timestamp()
FNDA:0,System.Byte[] MusicTutor.Core.Models.Pupil::get_Timestamp()
DA:31,0
FN:33,System.Collections.Generic.IEnumerable`1<MusicTutor.Core.Models.Payment> MusicTutor.Core.Models.Pupil::get_Payments()
FNDA:0,System.Collections.Generic.IEnumerable`1<MusicTutor.Core.Models.Payment> MusicTutor.Core.Models.Pupil::get_Payments()
DA:34,0
FN:36,System.Collections.Generic.IEnumerable`1<MusicTutor.Core.Models.Lesson> MusicTutor.Core.Models.Pupil::get_Lessons()
FNDA:0,System.Collections.Generic.IEnumerable`1<MusicTutor.Core.Models.Lesson> MusicTutor.Core.Models.Pupil::get_Lessons()
DA:37,0
FN:39,System.Collections.Generic.IEnumerable`1<MusicTutor.Core.Models.Instrument> MusicTutor.Core.Models.Pupil::get_Instruments()
FNDA:1,System.Collections.Generic.IEnumerable`1<MusicTutor.Core.Models.Instrument> MusicTutor.Core.Models.Pupil::get_Instruments()
DA:40,1
FN:70,System.Void MusicTutor.Core.Models.Pupil::AddCompletedLesson(System.DateTime,System.Int32,System.Decimal)
FNDA:0,System.Void MusicTutor.Core.Models.Pupil::AddCompletedLesson(System.DateTime,System.Int32,System.Decimal)
DA:71,0
DA:72,0
DA:73,0
DA:74,0
FN:76,System.Void MusicTutor.Core.Models.Pupil::AddPlannedLesson(System.DateTime,System.Int32,System.Decimal)
FNDA:0,System.Void MusicTutor.Core.Models.Pupil::AddPlannedLesson(System.DateTime,System.Int32,System.Decimal)
DA:77,0
DA:78,0
DA:79,0
FN:81,System.Void MusicTutor.Core.Models.Pupil::AddLesson(MusicTutor.Core.Models.Lesson)
FNDA:0,System.Void MusicTutor.Core.Models.Pupil::AddLesson(MusicTutor.Core.Models.Lesson)
DA:82,0
DA:83,0
DA:84,0
DA:85,0
DA:86,0
DA:87,0
DA:88,0
BRDA:84,25,0,0
BRDA:84,25,1,0
FN:90,System.Boolean MusicTutor.Core.Models.Pupil::RemoveLesson(MusicTutor.Core.Models.Lesson)
FNDA:0,System.Boolean MusicTutor.Core.Models.Pupil::RemoveLesson(MusicTutor.Core.Models.Lesson)
DA:91,0
DA:92,0
DA:94,0
DA:95,0
DA:96,0
DA:97,0
DA:99,0
DA:100,0
BRDA:94,19,0,0
BRDA:94,19,1,0
FN:104,System.String MusicTutor.Core.Models.Pupil::InstrumentsToString()
FNDA:0,System.String MusicTutor.Core.Models.Pupil::InstrumentsToString()
DA:105,0
DA:106,0
DA:108,0
DA:109,0
FN:111,System.Boolean MusicTutor.Core.Models.Pupil::AddInstrument(MusicTutor.Core.Models.Instrument)
FNDA:1,System.Boolean MusicTutor.Core.Models.Pupil::AddInstrument(MusicTutor.Core.Models.Instrument)
DA:112,1
DA:113,1
DA:115,1
DA:116,1
FN:118,System.Boolean MusicTutor.Core.Models.Pupil::HasInstrument(System.Guid)
FNDA:2,System.Boolean MusicTutor.Core.Models.Pupil::HasInstrument(System.Guid)
DA:119,2
DA:120,2
DA:122,6
DA:123,2
FN:125,System.Boolean MusicTutor.Core.Models.Pupil::CanRemoveInstrument(System.Guid)
FNDA:2,System.Boolean MusicTutor.Core.Models.Pupil::CanRemoveInstrument(System.Guid)
DA:126,2
DA:127,2
DA:129,2
DA:130,2
BRDA:129,15,0,2
BRDA:129,15,1,0
FN:132,System.Int32 MusicTutor.Core.Models.Pupil::RemoveInstrument(System.Guid)
FNDA:1,System.Int32 MusicTutor.Core.Models.Pupil::RemoveInstrument(System.Guid)
DA:133,1
DA:134,1
DA:136,1
DA:137,0
DA:139,3
DA:140,1
BRDA:136,38,0,0
BRDA:136,38,1,1
FN:142,System.Void MusicTutor.Core.Models.Pupil::AddPayment(MusicTutor.Core.Models.Payment)
FNDA:0,System.Void MusicTutor.Core.Models.Pupil::AddPayment(MusicTutor.Core.Models.Payment)
DA:143,0
DA:144,0
DA:145,0
DA:146,0
FN:148,System.Boolean MusicTutor.Core.Models.Pupil::RemovePayment(MusicTutor.Core.Models.Payment)
FNDA:0,System.Boolean MusicTutor.Core.Models.Pupil::RemovePayment(MusicTutor.Core.Models.Payment)
DA:149,0
DA:150,0
DA:152,0
DA:154,0
DA:155,0
FN:157,System.Void MusicTutor.Core.Models.Pupil::CheckInstrumentCollectionIsLoaded()
FNDA:6,System.Void MusicTutor.Core.Models.Pupil::CheckInstrumentCollectionIsLoaded()
DA:158,6
DA:159,6
DA:160,0
DA:161,6
BRDA:159,12,0,0
BRDA:159,12,1,6
FN:163,System.Void MusicTutor.Core.Models.Pupil::CheckLessonsCollectionIsLoaded()
FNDA:0,System.Void MusicTutor.Core.Models.Pupil::CheckLessonsCollectionIsLoaded()
DA:164,0
DA:165,0
DA:166,0
DA:167,0
BRDA:165,12,0,0
BRDA:165,12,1,0
FN:169,System.Void MusicTutor.Core.Models.Pupil::CheckPaymentsCollectionIsLoaded()
FNDA:0,System.Void MusicTutor.Core.Models.Pupil::CheckPaymentsCollectionIsLoaded()
DA:170,0
DA:171,0
DA:172,0
DA:173,0
BRDA:171,12,0,0
BRDA:171,12,1,0
FN:175,System.Void MusicTutor.Core.Models.Pupil::UpdatePupil(System.String,System.Decimal,System.DateTime,System.Int32,System.String,System.String,System.String)
FNDA:1,System.Void MusicTutor.Core.Models.Pupil::UpdatePupil(System.String,System.Decimal,System.DateTime,System.Int32,System.String,System.String,System.String)
DA:176,1
DA:177,1
DA:178,1
DA:179,1
DA:180,1
DA:181,1
DA:182,1
DA:184,1
DA:185,1
DA:186,1
DA:189,1
BRDA:185,95,0,1
BRDA:185,95,1,1
FN:191,System.Void MusicTutor.Core.Models.Pupil::AssignToMusicTutorUser(System.Guid)
FNDA:3,System.Void MusicTutor.Core.Models.Pupil::AssignToMusicTutorUser(System.Guid)
DA:192,3
DA:193,3
DA:194,3
FN:196,MusicTutor.Core.Models.Pupil MusicTutor.Core.Models.Pupil::CreatePupil(System.String,System.Decimal,System.DateTime,System.Int32,System.Collections.Generic.ICollection`1<MusicTutor.Core.Models.Instrument>,System.String,System.String,System.String)
FNDA:0,MusicTutor.Core.Models.Pupil MusicTutor.Core.Models.Pupil::CreatePupil(System.String,System.Decimal,System.DateTime,System.Int32,System.Collections.Generic.ICollection`1<MusicTutor.Core.Models.Instrument>,System.String,System.String,System.String)
DA:197,0
DA:198,0
DA:199,0
FN:42,System.Void MusicTutor.Core.Models.Pupil::.ctor()
FNDA:8,System.Void MusicTutor.Core.Models.Pupil::.ctor()
DA:43,8
DA:44,8
DA:45,8
DA:46,8
DA:47,8
FN:48,System.Void MusicTutor.Core.Models.Pupil::.ctor(System.String,System.Decimal,System.DateTime,System.Int32,System.Collections.Generic.ICollection`1<MusicTutor.Core.Models.Instrument>,MusicTutor.Core.Models.Contact)
FNDA:3,System.Void MusicTutor.Core.Models.Pupil::.ctor(System.String,System.Decimal,System.DateTime,System.Int32,System.Collections.Generic.ICollection`1<MusicTutor.Core.Models.Instrument>,MusicTutor.Core.Models.Contact)
DA:49,3
DA:50,3
DA:51,3
DA:52,3
DA:53,3
DA:54,3
DA:55,3
DA:57,3
DA:58,0
DA:60,3
DA:62,3
DA:63,0
DA:64,3
BRDA:57,57,0,0
BRDA:57,57,1,3
BRDA:62,95,0,0
BRDA:62,95,1,3
FN:66,System.Void MusicTutor.Core.Models.Pupil::.ctor(System.String,System.Decimal,System.DateTime,System.Int32,System.Collections.Generic.ICollection`1<MusicTutor.Core.Models.Instrument>,System.String,System.String,System.String)
FNDA:3,System.Void MusicTutor.Core.Models.Pupil::.ctor(System.String,System.Decimal,System.DateTime,System.Int32,System.Collections.Generic.ICollection`1<MusicTutor.Core.Models.Instrument>,System.String,System.String,System.String)
DA:67,3
DA:68,6
LF:116
LH:62
BRF:20
BRH:7
FNF:34
FNH:20
end_of_record
SF:C:\dev\MusicTutor.API\MusicTutor.Data.EFCore\MusicTutorDbContext.cs
FN:18,Microsoft.EntityFrameworkCore.DbSet`1<MusicTutor.Core.Models.Pupil> MusicTutor.Data.EFCore.MusicTutorDbContext::get_Pupils()
FNDA:50,Microsoft.EntityFrameworkCore.DbSet`1<MusicTutor.Core.Models.Pupil> MusicTutor.Data.EFCore.MusicTutorDbContext::get_Pupils()
DA:19,50
FN:19,Microsoft.EntityFrameworkCore.DbSet`1<MusicTutor.Core.Models.Instrument> MusicTutor.Data.EFCore.MusicTutorDbContext::get_Instruments()
FNDA:62,Microsoft.EntityFrameworkCore.DbSet`1<MusicTutor.Core.Models.Instrument> MusicTutor.Data.EFCore.MusicTutorDbContext::get_Instruments()
DA:20,62
FN:21,System.Guid MusicTutor.Data.EFCore.MusicTutorDbContext::get_CurrentUserId()
FNDA:40,System.Guid MusicTutor.Data.EFCore.MusicTutorDbContext::get_CurrentUserId()
DA:22,40
FN:32,System.Void MusicTutor.Data.EFCore.MusicTutorDbContext::OnConfiguring(Microsoft.EntityFrameworkCore.DbContextOptionsBuilder)
FNDA:37,System.Void MusicTutor.Data.EFCore.MusicTutorDbContext::OnConfiguring(Microsoft.EntityFrameworkCore.DbContextOptionsBuilder)
DA:33,37
DA:34,37
DA:35,37
DA:36,37
DA:37,37
DA:38,37
FN:40,System.Void MusicTutor.Data.EFCore.MusicTutorDbContext::OnModelCreating(Microsoft.EntityFrameworkCore.ModelBuilder)
FNDA:1,System.Void MusicTutor.Data.EFCore.MusicTutorDbContext::OnModelCreating(Microsoft.EntityFrameworkCore.ModelBuilder)
DA:41,1
DA:42,1
DA:43,1
DA:45,1
DA:46,1
DA:48,1
FN:26,System.Void MusicTutor.Data.EFCore.MusicTutorDbContext::.ctor(Microsoft.EntityFrameworkCore.DbContextOptions`1<MusicTutor.Data.EFCore.MusicTutorDbContext>,MusicTutor.Services.Auth.IUserRepository)
FNDA:37,System.Void MusicTutor.Data.EFCore.MusicTutorDbContext::.ctor(Microsoft.EntityFrameworkCore.DbContextOptions`1<MusicTutor.Data.EFCore.MusicTutorDbContext>,MusicTutor.Services.Auth.IUserRepository)
DA:27,37
DA:28,37
DA:29,37
DA:30,37
LF:19
LH:19
BRF:0
BRH:0
FNF:6
FNH:6
end_of_record
SF:C:\dev\MusicTutor.API\MusicTutor.Data.EFCore\Services\DataServiceEFCore.cs
FN:19,System.Void MusicTutor.Data.EFCore.Services.DataServiceEFCore::RemoveDataStore()
FNDA:0,System.Void MusicTutor.Data.EFCore.Services.DataServiceEFCore::RemoveDataStore()
DA:20,0
DA:22,0
DA:23,0
DA:24,0
DA:25,0
DA:26,0
DA:27,0
DA:28,0
DA:29,0
DA:30,0
FN:32,System.Void MusicTutor.Data.EFCore.Services.DataServiceEFCore::SetupDataStore()
FNDA:0,System.Void MusicTutor.Data.EFCore.Services.DataServiceEFCore::SetupDataStore()
DA:33,0
DA:35,0
DA:36,0
DA:37,0
DA:38,0
DA:39,0
DA:40,0
DA:41,0
DA:42,0
DA:43,0
DA:44,0
DA:45,0
FN:12,System.Void MusicTutor.Data.EFCore.Services.DataServiceEFCore::.ctor(Microsoft.Extensions.Logging.ILogger`1<MusicTutor.Data.EFCore.Services.DataServiceEFCore>,MusicTutor.Data.EFCore.MusicTutorDbContext)
FNDA:0,System.Void MusicTutor.Data.EFCore.Services.DataServiceEFCore::.ctor(Microsoft.Extensions.Logging.ILogger`1<MusicTutor.Data.EFCore.Services.DataServiceEFCore>,MusicTutor.Data.EFCore.MusicTutorDbContext)
DA:13,0
DA:14,0
DA:15,0
DA:16,0
DA:17,0
LF:27
LH:0
BRF:0
BRH:0
FNF:3
FNH:0
end_of_record
SF:C:\dev\MusicTutor.API\MusicTutor.Data.EFCore\Services\SetupHelpers.cs
FN:17,System.Void MusicTutor.Data.EFCore.Services.SetupHelpers::DevelopmentEnsureDeleted(MusicTutor.Data.EFCore.MusicTutorDbContext)
FNDA:0,System.Void MusicTutor.Data.EFCore.Services.SetupHelpers::DevelopmentEnsureDeleted(MusicTutor.Data.EFCore.MusicTutorDbContext)
DA:18,0
DA:19,0
DA:20,0
FN:22,System.Void MusicTutor.Data.EFCore.Services.SetupHelpers::DevelopmentEnsureCreated(MusicTutor.Data.EFCore.MusicTutorDbContext)
FNDA:0,System.Void MusicTutor.Data.EFCore.Services.SetupHelpers::DevelopmentEnsureCreated(MusicTutor.Data.EFCore.MusicTutorDbContext)
DA:23,0
DA:24,0
DA:25,0
FN:27,System.Int32 MusicTutor.Data.EFCore.Services.SetupHelpers::SeedDatabase(MusicTutor.Data.EFCore.MusicTutorDbContext,System.String)
FNDA:0,System.Int32 MusicTutor.Data.EFCore.Services.SetupHelpers::SeedDatabase(MusicTutor.Data.EFCore.MusicTutorDbContext,System.String)
DA:28,0
DA:32,0
DA:33,0
DA:34,0
DA:37,0
DA:39,0
DA:40,0
DA:42,0
DA:44,0
DA:45,0
BRDA:33,19,0,0
BRDA:33,19,1,0
FN:47,System.Void MusicTutor.Data.EFCore.Services.SetupHelpers::SeedInstruments(MusicTutor.Data.EFCore.MusicTutorDbContext,System.String)
FNDA:0,System.Void MusicTutor.Data.EFCore.Services.SetupHelpers::SeedInstruments(MusicTutor.Data.EFCore.MusicTutorDbContext,System.String)
DA:48,0
DA:49,0
DA:50,0
DA:52,0
DA:53,0
LF:21
LH:0
BRF:2
BRH:0
FNF:4
FNH:0
end_of_record
SF:C:\dev\MusicTutor.API\MusicTutor.Data.EFCore\Configuration\LessonConfiguration.cs
FN:10,System.Void MusicTutor.Data.EFCore.Configurations.LessonConfiguration::Configure(Microsoft.EntityFrameworkCore.Metadata.Builders.EntityTypeBuilder`1<MusicTutor.Core.Models.Lesson>)
FNDA:1,System.Void MusicTutor.Data.EFCore.Configurations.LessonConfiguration::Configure(Microsoft.EntityFrameworkCore.Metadata.Builders.EntityTypeBuilder`1<MusicTutor.Core.Models.Lesson>)
DA:11,1
DA:12,1
DA:13,1
DA:14,1
DA:15,1
DA:16,1
LF:6
LH:6
BRF:0
BRH:0
FNF:1
FNH:1
end_of_record
SF:C:\dev\MusicTutor.API\MusicTutor.Data.EFCore\Configuration\InstrumentConfiguration.cs
FN:10,System.Void MusicTutor.Data.EFCore.Configuration.InstrumentConfiguration::Configure(Microsoft.EntityFrameworkCore.Metadata.Builders.EntityTypeBuilder`1<MusicTutor.Core.Models.Instrument>)
FNDA:1,System.Void MusicTutor.Data.EFCore.Configuration.InstrumentConfiguration::Configure(Microsoft.EntityFrameworkCore.Metadata.Builders.EntityTypeBuilder`1<MusicTutor.Core.Models.Instrument>)
DA:11,1
DA:12,1
DA:13,1
DA:14,1
DA:15,1
DA:17,1
DA:18,1
DA:19,1
DA:20,1
LF:9
LH:9
BRF:0
BRH:0
FNF:1
FNH:1
end_of_record
SF:C:\dev\MusicTutor.API\MusicTutor.Data.EFCore\Configuration\PupilConfiguration.cs
FN:10,System.Void MusicTutor.Data.EFCore.Configuration.PupilConfiguration::Configure(Microsoft.EntityFrameworkCore.Metadata.Builders.EntityTypeBuilder`1<MusicTutor.Core.Models.Pupil>)
FNDA:1,System.Void MusicTutor.Data.EFCore.Configuration.PupilConfiguration::Configure(Microsoft.EntityFrameworkCore.Metadata.Builders.EntityTypeBuilder`1<MusicTutor.Core.Models.Pupil>)
DA:11,1
DA:12,1
DA:13,1
DA:14,1
DA:15,1
DA:17,1
DA:18,1
DA:19,1
DA:20,1
DA:22,1
DA:23,1
DA:24,1
DA:25,1
DA:27,1
DA:28,1
DA:29,1
DA:31,1
DA:32,1
DA:33,1
DA:34,1
DA:35,1
DA:36,1
DA:37,1
DA:38,1
DA:39,1
DA:41,1
DA:42,1
DA:43,1
DA:44,1
DA:45,1
LF:30
LH:30
BRF:0
BRH:0
FNF:1
FNH:1
end_of_record